<?xml version="1.0" encoding="UTF-8"?>
<coverage generated="1729736756719" clover="3.2.0">
  <project timestamp="1729736756719" name="All files">
    <metrics statements="926" coveredstatements="817" conditionals="561" coveredconditionals="448" methods="74" coveredmethods="68" elements="1561" coveredelements="1333" complexity="0" loc="926" ncloc="926" packages="2" files="12" classes="12"/>
    <package name="controllers">
      <metrics statements="922" coveredstatements="815" conditionals="561" coveredconditionals="448" methods="72" coveredmethods="68"/>
      <file name="amenities.controller.js" path="/Users/td20318289/Workspace/Repo/LastingTrip-test/controllers/amenities.controller.js">
        <metrics statements="38" coveredstatements="37" conditionals="22" coveredconditionals="21" methods="3" coveredmethods="3"/>
        <line num="1" count="1" type="stmt"/>
        <line num="3" count="1" type="stmt"/>
        <line num="4" count="1" type="stmt"/>
        <line num="5" count="11" type="stmt"/>
        <line num="8" count="11" type="cond" truecount="5" falsecount="0"/>
        <line num="9" count="4" type="stmt"/>
        <line num="12" count="7" type="cond" truecount="5" falsecount="0"/>
        <line num="13" count="3" type="stmt"/>
        <line num="16" count="4" type="cond" truecount="2" falsecount="0"/>
        <line num="17" count="1" type="stmt"/>
        <line num="20" count="3" type="cond" truecount="2" falsecount="0"/>
        <line num="21" count="1" type="stmt"/>
        <line num="24" count="2" type="stmt"/>
        <line num="25" count="2" type="stmt"/>
        <line num="29" count="1" type="stmt"/>
        <line num="31" count="1" type="stmt"/>
        <line num="35" count="1" type="stmt"/>
        <line num="36" count="3" type="stmt"/>
        <line num="37" count="3" type="stmt"/>
        <line num="38" count="3" type="stmt"/>
        <line num="40" count="3" type="cond" truecount="2" falsecount="0"/>
        <line num="41" count="2" type="stmt"/>
        <line num="46" count="3" type="cond" truecount="2" falsecount="0"/>
        <line num="47" count="1" type="stmt"/>
        <line num="50" count="3" type="stmt"/>
        <line num="54" count="2" type="stmt"/>
        <line num="56" count="1" type="stmt"/>
        <line num="60" count="1" type="stmt"/>
        <line num="61" count="3" type="stmt"/>
        <line num="62" count="3" type="cond" truecount="1" falsecount="1"/>
        <line num="63" count="0" type="stmt"/>
        <line num="65" count="3" type="stmt"/>
        <line num="66" count="3" type="stmt"/>
        <line num="71" count="2" type="cond" truecount="2" falsecount="0"/>
        <line num="72" count="1" type="stmt"/>
        <line num="74" count="1" type="stmt"/>
        <line num="76" count="1" type="stmt"/>
        <line num="115" count="1" type="stmt"/>
      </file>
      <file name="authen.controller.js" path="/Users/td20318289/Workspace/Repo/LastingTrip-test/controllers/authen.controller.js">
        <metrics statements="55" coveredstatements="39" conditionals="10" coveredconditionals="6" methods="4" coveredmethods="2"/>
        <line num="1" count="1" type="stmt"/>
        <line num="2" count="1" type="stmt"/>
        <line num="3" count="1" type="stmt"/>
        <line num="4" count="1" type="stmt"/>
        <line num="5" count="1" type="stmt"/>
        <line num="7" count="1" type="stmt"/>
        <line num="8" count="0" type="stmt"/>
        <line num="9" count="0" type="stmt"/>
        <line num="11" count="0" type="stmt"/>
        <line num="13" count="0" type="stmt"/>
        <line num="14" count="0" type="stmt"/>
        <line num="20" count="0" type="stmt"/>
        <line num="22" count="0" type="stmt"/>
        <line num="25" count="1" type="stmt"/>
        <line num="26" count="0" type="stmt"/>
        <line num="29" count="0" type="stmt"/>
        <line num="34" count="0" type="cond" truecount="0" falsecount="2"/>
        <line num="35" count="0" type="stmt"/>
        <line num="40" count="0" type="stmt"/>
        <line num="41" count="0" type="cond" truecount="0" falsecount="2"/>
        <line num="42" count="0" type="stmt"/>
        <line num="46" count="0" type="stmt"/>
        <line num="51" count="0" type="stmt"/>
        <line num="55" count="1" type="stmt"/>
        <line num="56" count="3" type="stmt"/>
        <line num="57" count="3" type="stmt"/>
        <line num="58" count="3" type="stmt"/>
        <line num="59" count="2" type="cond" truecount="2" falsecount="0"/>
        <line num="60" count="1" type="stmt"/>
        <line num="64" count="1" type="stmt"/>
        <line num="69" count="1" type="stmt"/>
        <line num="77" count="1" type="stmt"/>
        <line num="84" count="1" type="stmt"/>
        <line num="85" count="1" type="stmt"/>
        <line num="87" count="1" type="stmt"/>
        <line num="88" count="1" type="stmt"/>
        <line num="92" count="1" type="stmt"/>
        <line num="93" count="4" type="stmt"/>
        <line num="94" count="4" type="stmt"/>
        <line num="96" count="4" type="cond" truecount="2" falsecount="0"/>
        <line num="97" count="1" type="stmt"/>
        <line num="100" count="3" type="stmt"/>
        <line num="101" count="3" type="stmt"/>
        <line num="102" count="2" type="stmt"/>
        <line num="103" count="2" type="stmt"/>
        <line num="105" count="2" type="cond" truecount="2" falsecount="0"/>
        <line num="106" count="1" type="stmt"/>
        <line num="110" count="1" type="stmt"/>
        <line num="111" count="1" type="stmt"/>
        <line num="112" count="1" type="stmt"/>
        <line num="113" count="1" type="stmt"/>
        <line num="115" count="1" type="stmt"/>
        <line num="117" count="1" type="stmt"/>
        <line num="118" count="1" type="stmt"/>
        <line num="122" count="1" type="stmt"/>
      </file>
      <file name="coupons.controllers.js" path="/Users/td20318289/Workspace/Repo/LastingTrip-test/controllers/coupons.controllers.js">
        <metrics statements="82" coveredstatements="78" conditionals="61" coveredconditionals="53" methods="7" coveredmethods="7"/>
        <line num="1" count="1" type="stmt"/>
        <line num="2" count="1" type="stmt"/>
        <line num="4" count="1" type="stmt"/>
        <line num="5" count="6" type="stmt"/>
        <line num="7" count="6" type="cond" truecount="2" falsecount="0"/>
        <line num="8" count="1" type="stmt"/>
        <line num="13" count="5" type="cond" truecount="5" falsecount="0"/>
        <line num="14" count="1" type="stmt"/>
        <line num="19" count="4" type="cond" truecount="6" falsecount="0"/>
        <line num="20" count="1" type="stmt"/>
        <line num="25" count="3" type="cond" truecount="2" falsecount="0"/>
        <line num="26" count="1" type="stmt"/>
        <line num="31" count="2" type="stmt"/>
        <line num="32" count="2" type="stmt"/>
        <line num="38" count="1" type="stmt"/>
        <line num="40" count="1" type="stmt"/>
        <line num="44" count="1" type="stmt"/>
        <line num="45" count="2" type="stmt"/>
        <line num="46" count="2" type="stmt"/>
        <line num="47" count="1" type="stmt"/>
        <line num="49" count="1" type="stmt"/>
        <line num="53" count="1" type="stmt"/>
        <line num="54" count="2" type="stmt"/>
        <line num="55" count="2" type="stmt"/>
        <line num="56" count="1" type="stmt"/>
        <line num="58" count="1" type="stmt"/>
        <line num="59" count="1" type="stmt"/>
        <line num="63" count="1" type="stmt"/>
        <line num="64" count="6" type="stmt"/>
        <line num="65" count="6" type="stmt"/>
        <line num="66" count="6" type="stmt"/>
        <line num="69" count="6" type="cond" truecount="3" falsecount="1"/>
        <line num="70" count="0" type="stmt"/>
        <line num="75" count="6" type="cond" truecount="2" falsecount="0"/>
        <line num="79" count="1" type="stmt"/>
        <line num="84" count="5" type="cond" truecount="4" falsecount="0"/>
        <line num="85" count="1" type="stmt"/>
        <line num="88" count="4" type="cond" truecount="3" falsecount="1"/>
        <line num="89" count="0" type="stmt"/>
        <line num="92" count="4" type="cond" truecount="5" falsecount="0"/>
        <line num="93" count="1" type="stmt"/>
        <line num="98" count="3" type="stmt"/>
        <line num="104" count="2" type="cond" truecount="2" falsecount="0"/>
        <line num="105" count="1" type="stmt"/>
        <line num="112" count="1" type="cond" truecount="1" falsecount="1"/>
        <line num="113" count="1" type="cond" truecount="1" falsecount="1"/>
        <line num="114" count="1" type="cond" truecount="1" falsecount="1"/>
        <line num="115" count="1" type="cond" truecount="1" falsecount="1"/>
        <line num="117" count="1" type="stmt"/>
        <line num="118" count="1" type="cond" truecount="1" falsecount="1"/>
        <line num="119" count="0" type="stmt"/>
        <line num="125" count="1" type="stmt"/>
        <line num="127" count="1" type="stmt"/>
        <line num="128" count="1" type="stmt"/>
        <line num="132" count="1" type="stmt"/>
        <line num="133" count="3" type="stmt"/>
        <line num="134" count="3" type="stmt"/>
        <line num="135" count="3" type="stmt"/>
        <line num="137" count="2" type="cond" truecount="2" falsecount="0"/>
        <line num="138" count="1" type="stmt"/>
        <line num="141" count="1" type="stmt"/>
        <line num="143" count="1" type="stmt"/>
        <line num="144" count="1" type="stmt"/>
        <line num="148" count="1" type="stmt"/>
        <line num="149" count="3" type="stmt"/>
        <line num="150" count="3" type="stmt"/>
        <line num="156" count="2" type="cond" truecount="2" falsecount="0"/>
        <line num="157" count="1" type="stmt"/>
        <line num="162" count="1" type="stmt"/>
        <line num="164" count="1" type="stmt"/>
        <line num="165" count="1" type="stmt"/>
        <line num="171" count="1" type="stmt"/>
        <line num="172" count="3" type="stmt"/>
        <line num="173" count="3" type="stmt"/>
        <line num="176" count="3" type="cond" truecount="1" falsecount="1"/>
        <line num="181" count="0" type="stmt"/>
        <line num="186" count="3" type="stmt"/>
        <line num="192" count="2" type="cond" truecount="2" falsecount="0"/>
        <line num="193" count="1" type="stmt"/>
        <line num="196" count="1" type="stmt"/>
        <line num="198" count="1" type="stmt"/>
        <line num="202" count="1" type="stmt"/>
      </file>
      <file name="hotel.controllers.js" path="/Users/td20318289/Workspace/Repo/LastingTrip-test/controllers/hotel.controllers.js">
        <metrics statements="152" coveredstatements="120" conditionals="105" coveredconditionals="64" methods="11" coveredmethods="11"/>
        <line num="8" count="1" type="stmt"/>
        <line num="9" count="1" type="stmt"/>
        <line num="10" count="1" type="stmt"/>
        <line num="11" count="1" type="stmt"/>
        <line num="12" count="1" type="stmt"/>
        <line num="14" count="1" type="stmt"/>
        <line num="15" count="6" type="stmt"/>
        <line num="18" count="6" type="cond" truecount="4" falsecount="0"/>
        <line num="19" count="1" type="stmt"/>
        <line num="24" count="5" type="cond" truecount="4" falsecount="0"/>
        <line num="25" count="1" type="stmt"/>
        <line num="30" count="4" type="cond" truecount="3" falsecount="1"/>
        <line num="31" count="0" type="stmt"/>
        <line num="36" count="4" type="cond" truecount="3" falsecount="1"/>
        <line num="37" count="0" type="stmt"/>
        <line num="42" count="4" type="cond" truecount="3" falsecount="1"/>
        <line num="43" count="0" type="stmt"/>
        <line num="48" count="4" type="cond" truecount="2" falsecount="0"/>
        <line num="49" count="1" type="stmt"/>
        <line num="55" count="3" type="stmt"/>
        <line num="56" count="3" type="cond" truecount="4" falsecount="0"/>
        <line num="57" count="1" type="stmt"/>
        <line num="62" count="2" type="stmt"/>
        <line num="64" count="2" type="stmt"/>
        <line num="73" count="1" type="stmt"/>
        <line num="74" count="2" type="stmt"/>
        <line num="75" count="2" type="stmt"/>
        <line num="77" count="2" type="stmt"/>
        <line num="82" count="2" type="stmt"/>
        <line num="86" count="1" type="stmt"/>
        <line num="88" count="1" type="stmt"/>
        <line num="89" count="1" type="stmt"/>
        <line num="96" count="6" type="cond" truecount="1" falsecount="4"/>
        <line num="98" count="0" type="stmt"/>
        <line num="100" count="0" type="stmt"/>
        <line num="102" count="0" type="stmt"/>
        <line num="104" count="0" type="stmt"/>
        <line num="106" count="6" type="stmt"/>
        <line num="110" count="1" type="stmt"/>
        <line num="126" count="6" type="stmt"/>
        <line num="128" count="6" type="stmt"/>
        <line num="129" count="6" type="stmt"/>
        <line num="132" count="6" type="cond" truecount="2" falsecount="0"/>
        <line num="133" count="3" type="stmt"/>
        <line num="138" count="6" type="cond" truecount="1" falsecount="1"/>
        <line num="139" count="0" type="stmt"/>
        <line num="144" count="6" type="cond" truecount="1" falsecount="1"/>
        <line num="145" count="0" type="stmt"/>
        <line num="150" count="6" type="cond" truecount="2" falsecount="0"/>
        <line num="151" count="1" type="stmt"/>
        <line num="156" count="6" type="cond" truecount="2" falsecount="3"/>
        <line num="157" count="0" type="stmt"/>
        <line num="162" count="6" type="cond" truecount="1" falsecount="1"/>
        <line num="163" count="0" type="stmt"/>
        <line num="169" count="6" type="stmt"/>
        <line num="172" count="6" type="cond" truecount="1" falsecount="1"/>
        <line num="177" count="0" type="stmt"/>
        <line num="180" count="0" type="stmt"/>
        <line num="189" count="0" type="stmt"/>
        <line num="195" count="6" type="cond" truecount="1" falsecount="1"/>
        <line num="203" count="0" type="stmt"/>
        <line num="205" count="0" type="cond" truecount="0" falsecount="2"/>
        <line num="206" count="0" type="stmt"/>
        <line num="209" count="0" type="cond" truecount="0" falsecount="2"/>
        <line num="210" count="0" type="stmt"/>
        <line num="213" count="0" type="cond" truecount="0" falsecount="2"/>
        <line num="214" count="0" type="stmt"/>
        <line num="217" count="0" type="cond" truecount="0" falsecount="4"/>
        <line num="219" count="0" type="stmt"/>
        <line num="228" count="0" type="stmt"/>
        <line num="233" count="0" type="cond" truecount="0" falsecount="4"/>
        <line num="235" count="0" type="stmt"/>
        <line num="236" count="0" type="stmt"/>
        <line num="242" count="0" type="stmt"/>
        <line num="247" count="0" type="stmt"/>
        <line num="251" count="6" type="stmt"/>
        <line num="270" count="5" type="stmt"/>
        <line num="272" count="1" type="stmt"/>
        <line num="273" count="1" type="stmt"/>
        <line num="277" count="1" type="stmt"/>
        <line num="278" count="3" type="stmt"/>
        <line num="279" count="3" type="cond" truecount="1" falsecount="1"/>
        <line num="280" count="0" type="stmt"/>
        <line num="282" count="3" type="stmt"/>
        <line num="283" count="3" type="stmt"/>
        <line num="310" count="2" type="cond" truecount="2" falsecount="0"/>
        <line num="311" count="1" type="stmt"/>
        <line num="313" count="1" type="stmt"/>
        <line num="315" count="1" type="stmt"/>
        <line num="340" count="1" type="stmt"/>
        <line num="341" count="3" type="stmt"/>
        <line num="342" count="3" type="stmt"/>
        <line num="345" count="3" type="cond" truecount="1" falsecount="1"/>
        <line num="346" count="0" type="stmt"/>
        <line num="349" count="3" type="stmt"/>
        <line num="352" count="3" type="stmt"/>
        <line num="358" count="2" type="cond" truecount="2" falsecount="0"/>
        <line num="359" count="1" type="stmt"/>
        <line num="366" count="1" type="cond" truecount="1" falsecount="1"/>
        <line num="367" count="1" type="cond" truecount="1" falsecount="1"/>
        <line num="368" count="1" type="cond" truecount="1" falsecount="1"/>
        <line num="369" count="1" type="cond" truecount="1" falsecount="1"/>
        <line num="370" count="1" type="cond" truecount="1" falsecount="1"/>
        <line num="371" count="1" type="cond" truecount="1" falsecount="1"/>
        <line num="372" count="1" type="cond" truecount="1" falsecount="1"/>
        <line num="375" count="1" type="stmt"/>
        <line num="377" count="1" type="cond" truecount="1" falsecount="1"/>
        <line num="378" count="0" type="stmt"/>
        <line num="385" count="1" type="stmt"/>
        <line num="388" count="1" type="stmt"/>
        <line num="395" count="1" type="stmt"/>
        <line num="396" count="3" type="stmt"/>
        <line num="397" count="3" type="stmt"/>
        <line num="398" count="3" type="stmt"/>
        <line num="400" count="3" type="stmt"/>
        <line num="406" count="2" type="cond" truecount="2" falsecount="0"/>
        <line num="407" count="1" type="stmt"/>
        <line num="411" count="1" type="stmt"/>
        <line num="418" count="1" type="stmt"/>
        <line num="420" count="2" type="stmt"/>
        <line num="421" count="2" type="stmt"/>
        <line num="422" count="2" type="stmt"/>
        <line num="424" count="2" type="stmt"/>
        <line num="428" count="1" type="stmt"/>
        <line num="431" count="1" type="stmt"/>
        <line num="435" count="1" type="stmt"/>
        <line num="437" count="1" type="stmt"/>
        <line num="438" count="1" type="stmt"/>
        <line num="442" count="1" type="stmt"/>
        <line num="443" count="4" type="stmt"/>
        <line num="446" count="4" type="cond" truecount="4" falsecount="0"/>
        <line num="447" count="1" type="stmt"/>
        <line num="450" count="3" type="stmt"/>
        <line num="452" count="3" type="stmt"/>
        <line num="459" count="2" type="cond" truecount="2" falsecount="0"/>
        <line num="460" count="1" type="stmt"/>
        <line num="464" count="1" type="stmt"/>
        <line num="466" count="1" type="stmt"/>
        <line num="467" count="1" type="stmt"/>
        <line num="471" count="1" type="stmt"/>
        <line num="472" count="2" type="stmt"/>
        <line num="474" count="2" type="stmt"/>
        <line num="477" count="1" type="stmt"/>
        <line num="478" count="1" type="stmt"/>
        <line num="479" count="3" type="stmt"/>
        <line num="480" count="3" type="stmt"/>
        <line num="481" count="6" type="stmt"/>
        <line num="486" count="1" type="stmt"/>
        <line num="489" count="1" type="stmt"/>
        <line num="491" count="1" type="stmt"/>
        <line num="492" count="1" type="stmt"/>
        <line num="496" count="1" type="stmt"/>
      </file>
      <file name="payment.controller.js" path="/Users/td20318289/Workspace/Repo/LastingTrip-test/controllers/payment.controller.js">
        <metrics statements="77" coveredstatements="57" conditionals="64" coveredconditionals="45" methods="5" coveredmethods="5"/>
        <line num="1" count="1" type="stmt"/>
        <line num="2" count="1" type="stmt"/>
        <line num="4" count="1" type="stmt"/>
        <line num="16" count="3" type="stmt"/>
        <line num="19" count="3" type="cond" truecount="2" falsecount="0"/>
        <line num="29" count="1" type="stmt"/>
        <line num="31" count="2" type="cond" truecount="1" falsecount="1"/>
        <line num="32" count="0" type="stmt"/>
        <line num="36" count="2" type="cond" truecount="3" falsecount="1"/>
        <line num="37" count="0" type="stmt"/>
        <line num="41" count="2" type="cond" truecount="3" falsecount="1"/>
        <line num="42" count="0" type="stmt"/>
        <line num="47" count="2" type="stmt"/>
        <line num="49" count="2" type="stmt"/>
        <line num="50" count="2" type="cond" truecount="1" falsecount="1"/>
        <line num="51" count="0" type="stmt"/>
        <line num="54" count="2" type="stmt"/>
        <line num="62" count="2" type="cond" truecount="3" falsecount="1"/>
        <line num="63" count="1" type="stmt"/>
        <line num="68" count="1" type="stmt"/>
        <line num="81" count="1" type="stmt"/>
        <line num="83" count="0" type="stmt"/>
        <line num="84" count="0" type="stmt"/>
        <line num="88" count="1" type="stmt"/>
        <line num="99" count="2" type="stmt"/>
        <line num="101" count="2" type="stmt"/>
        <line num="104" count="2" type="cond" truecount="2" falsecount="2"/>
        <line num="105" count="0" type="stmt"/>
        <line num="107" count="2" type="cond" truecount="2" falsecount="2"/>
        <line num="108" count="0" type="stmt"/>
        <line num="110" count="2" type="cond" truecount="2" falsecount="2"/>
        <line num="111" count="0" type="stmt"/>
        <line num="113" count="2" type="cond" truecount="2" falsecount="2"/>
        <line num="114" count="0" type="stmt"/>
        <line num="118" count="2" type="cond" truecount="2" falsecount="2"/>
        <line num="119" count="0" type="stmt"/>
        <line num="124" count="2" type="stmt"/>
        <line num="127" count="2" type="cond" truecount="1" falsecount="1"/>
        <line num="128" count="2" type="stmt"/>
        <line num="137" count="0" type="stmt"/>
        <line num="142" count="1" type="stmt"/>
        <line num="144" count="1" type="stmt"/>
        <line num="145" count="1" type="stmt"/>
        <line num="149" count="1" type="stmt"/>
        <line num="150" count="2" type="stmt"/>
        <line num="152" count="2" type="stmt"/>
        <line num="154" count="2" type="stmt"/>
        <line num="171" count="2" type="cond" truecount="2" falsecount="0"/>
        <line num="172" count="1" type="stmt"/>
        <line num="175" count="1" type="stmt"/>
        <line num="177" count="0" type="stmt"/>
        <line num="178" count="0" type="stmt"/>
        <line num="182" count="1" type="stmt"/>
        <line num="183" count="2" type="stmt"/>
        <line num="185" count="2" type="stmt"/>
        <line num="187" count="2" type="stmt"/>
        <line num="191" count="2" type="cond" truecount="2" falsecount="0"/>
        <line num="192" count="1" type="stmt"/>
        <line num="195" count="1" type="stmt"/>
        <line num="197" count="0" type="stmt"/>
        <line num="198" count="0" type="stmt"/>
        <line num="202" count="1" type="stmt"/>
        <line num="203" count="2" type="stmt"/>
        <line num="206" count="2" type="cond" truecount="6" falsecount="0"/>
        <line num="207" count="1" type="stmt"/>
        <line num="210" count="1" type="stmt"/>
        <line num="211" count="1" type="stmt"/>
        <line num="212" count="1" type="cond" truecount="1" falsecount="1"/>
        <line num="213" count="0" type="stmt"/>
        <line num="216" count="1" type="stmt"/>
        <line num="224" count="1" type="cond" truecount="1" falsecount="1"/>
        <line num="226" count="1" type="cond" truecount="1" falsecount="1"/>
        <line num="227" count="0" type="stmt"/>
        <line num="232" count="1" type="stmt"/>
        <line num="234" count="0" type="stmt"/>
        <line num="235" count="0" type="stmt"/>
        <line num="239" count="1" type="stmt"/>
      </file>
      <file name="reviews.controllers.js" path="/Users/td20318289/Workspace/Repo/LastingTrip-test/controllers/reviews.controllers.js">
        <metrics statements="74" coveredstatements="73" conditionals="43" coveredconditionals="42" methods="7" coveredmethods="7"/>
        <line num="1" count="1" type="stmt"/>
        <line num="2" count="1" type="stmt"/>
        <line num="3" count="1" type="stmt"/>
        <line num="5" count="1" type="stmt"/>
        <line num="6" count="5" type="stmt"/>
        <line num="7" count="5" type="stmt"/>
        <line num="10" count="5" type="cond" truecount="5" falsecount="0"/>
        <line num="11" count="1" type="stmt"/>
        <line num="14" count="4" type="cond" truecount="2" falsecount="0"/>
        <line num="19" count="1" type="stmt"/>
        <line num="24" count="3" type="stmt"/>
        <line num="31" count="3" type="stmt"/>
        <line num="32" count="3" type="cond" truecount="2" falsecount="0"/>
        <line num="33" count="1" type="stmt"/>
        <line num="34" count="1" type="stmt"/>
        <line num="37" count="3" type="stmt"/>
        <line num="39" count="2" type="stmt"/>
        <line num="41" count="1" type="stmt"/>
        <line num="42" count="1" type="stmt"/>
        <line num="46" count="1" type="stmt"/>
        <line num="47" count="5" type="stmt"/>
        <line num="49" count="5" type="stmt"/>
        <line num="51" count="5" type="cond" truecount="4" falsecount="0"/>
        <line num="52" count="2" type="stmt"/>
        <line num="57" count="3" type="stmt"/>
        <line num="71" count="2" type="cond" truecount="4" falsecount="0"/>
        <line num="72" count="1" type="stmt"/>
        <line num="75" count="1" type="stmt"/>
        <line num="88" count="1" type="stmt"/>
        <line num="90" count="1" type="stmt"/>
        <line num="91" count="1" type="stmt"/>
        <line num="95" count="1" type="stmt"/>
        <line num="96" count="3" type="stmt"/>
        <line num="97" count="3" type="stmt"/>
        <line num="98" count="2" type="stmt"/>
        <line num="100" count="1" type="stmt"/>
        <line num="101" count="1" type="stmt"/>
        <line num="105" count="1" type="stmt"/>
        <line num="106" count="2" type="stmt"/>
        <line num="107" count="2" type="stmt"/>
        <line num="108" count="2" type="stmt"/>
        <line num="113" count="1" type="stmt"/>
        <line num="115" count="1" type="stmt"/>
        <line num="119" count="1" type="stmt"/>
        <line num="120" count="6" type="stmt"/>
        <line num="121" count="6" type="stmt"/>
        <line num="124" count="6" type="cond" truecount="5" falsecount="0"/>
        <line num="125" count="1" type="stmt"/>
        <line num="130" count="5" type="cond" truecount="5" falsecount="0"/>
        <line num="131" count="1" type="stmt"/>
        <line num="136" count="4" type="cond" truecount="6" falsecount="0"/>
        <line num="137" count="1" type="stmt"/>
        <line num="142" count="3" type="cond" truecount="5" falsecount="0"/>
        <line num="143" count="1" type="stmt"/>
        <line num="148" count="2" type="stmt"/>
        <line num="149" count="2" type="stmt"/>
        <line num="153" count="1" type="cond" truecount="1" falsecount="1"/>
        <line num="154" count="0" type="stmt"/>
        <line num="157" count="1" type="stmt"/>
        <line num="158" count="1" type="stmt"/>
        <line num="159" count="1" type="stmt"/>
        <line num="160" count="1" type="stmt"/>
        <line num="161" count="1" type="stmt"/>
        <line num="163" count="1" type="stmt"/>
        <line num="165" count="1" type="stmt"/>
        <line num="166" count="1" type="stmt"/>
        <line num="170" count="1" type="stmt"/>
        <line num="171" count="2" type="stmt"/>
        <line num="172" count="2" type="stmt"/>
        <line num="173" count="2" type="stmt"/>
        <line num="178" count="1" type="stmt"/>
        <line num="180" count="1" type="stmt"/>
        <line num="182" count="1" type="stmt"/>
        <line num="186" count="1" type="stmt"/>
      </file>
      <file name="room.controller.js" path="/Users/td20318289/Workspace/Repo/LastingTrip-test/controllers/room.controller.js">
        <metrics statements="85" coveredstatements="83" conditionals="46" coveredconditionals="44" methods="6" coveredmethods="6"/>
        <line num="7" count="1" type="stmt"/>
        <line num="8" count="1" type="stmt"/>
        <line num="9" count="1" type="stmt"/>
        <line num="10" count="1" type="stmt"/>
        <line num="12" count="8" type="stmt"/>
        <line num="15" count="8" type="cond" truecount="2" falsecount="0"/>
        <line num="24" count="3" type="stmt"/>
        <line num="28" count="5" type="cond" truecount="2" falsecount="0"/>
        <line num="34" count="3" type="stmt"/>
        <line num="40" count="2" type="stmt"/>
        <line num="42" count="2" type="stmt"/>
        <line num="53" count="1" type="stmt"/>
        <line num="54" count="1" type="stmt"/>
        <line num="57" count="1" type="stmt"/>
        <line num="58" count="2" type="stmt"/>
        <line num="59" count="2" type="stmt"/>
        <line num="62" count="2" type="stmt"/>
        <line num="68" count="2" type="stmt"/>
        <line num="72" count="1" type="stmt"/>
        <line num="75" count="1" type="stmt"/>
        <line num="76" count="1" type="stmt"/>
        <line num="83" count="1" type="stmt"/>
        <line num="84" count="5" type="stmt"/>
        <line num="87" count="5" type="cond" truecount="4" falsecount="0"/>
        <line num="88" count="1" type="stmt"/>
        <line num="93" count="4" type="stmt"/>
        <line num="94" count="4" type="stmt"/>
        <line num="96" count="4" type="cond" truecount="2" falsecount="0"/>
        <line num="97" count="2" type="stmt"/>
        <line num="101" count="4" type="stmt"/>
        <line num="123" count="3" type="cond" truecount="2" falsecount="0"/>
        <line num="124" count="1" type="stmt"/>
        <line num="127" count="2" type="stmt"/>
        <line num="129" count="1" type="stmt"/>
        <line num="135" count="1" type="stmt"/>
        <line num="136" count="3" type="stmt"/>
        <line num="139" count="3" type="cond" truecount="1" falsecount="1"/>
        <line num="140" count="0" type="stmt"/>
        <line num="143" count="3" type="stmt"/>
        <line num="144" count="3" type="stmt"/>
        <line num="150" count="2" type="cond" truecount="2" falsecount="0"/>
        <line num="151" count="1" type="stmt"/>
        <line num="154" count="1" type="stmt"/>
        <line num="156" count="1" type="stmt"/>
        <line num="162" count="1" type="stmt"/>
        <line num="163" count="5" type="stmt"/>
        <line num="164" count="5" type="stmt"/>
        <line num="167" count="5" type="cond" truecount="1" falsecount="1"/>
        <line num="168" count="0" type="stmt"/>
        <line num="172" count="5" type="cond" truecount="2" falsecount="0"/>
        <line num="180" count="1" type="stmt"/>
        <line num="184" count="4" type="cond" truecount="5" falsecount="0"/>
        <line num="185" count="1" type="stmt"/>
        <line num="193" count="3" type="stmt"/>
        <line num="194" count="3" type="stmt"/>
        <line num="199" count="2" type="cond" truecount="2" falsecount="0"/>
        <line num="200" count="1" type="stmt"/>
        <line num="204" count="1" type="stmt"/>
        <line num="205" count="1" type="stmt"/>
        <line num="206" count="1" type="stmt"/>
        <line num="207" count="1" type="stmt"/>
        <line num="208" count="1" type="stmt"/>
        <line num="209" count="1" type="stmt"/>
        <line num="211" count="1" type="stmt"/>
        <line num="212" count="1" type="stmt"/>
        <line num="214" count="1" type="stmt"/>
        <line num="220" count="1" type="stmt"/>
        <line num="221" count="3" type="stmt"/>
        <line num="222" count="3" type="stmt"/>
        <line num="223" count="3" type="stmt"/>
        <line num="225" count="3" type="stmt"/>
        <line num="231" count="2" type="cond" truecount="2" falsecount="0"/>
        <line num="232" count="1" type="stmt"/>
        <line num="236" count="1" type="stmt"/>
        <line num="243" count="1" type="stmt"/>
        <line num="245" count="2" type="stmt"/>
        <line num="246" count="2" type="stmt"/>
        <line num="247" count="2" type="stmt"/>
        <line num="249" count="2" type="stmt"/>
        <line num="253" count="1" type="stmt"/>
        <line num="256" count="1" type="stmt"/>
        <line num="259" count="1" type="stmt"/>
        <line num="261" count="1" type="stmt"/>
        <line num="262" count="1" type="stmt"/>
        <line num="265" count="1" type="stmt"/>
      </file>
      <file name="room_service.controller.js" path="/Users/td20318289/Workspace/Repo/LastingTrip-test/controllers/room_service.controller.js">
        <metrics statements="68" coveredstatements="67" conditionals="33" coveredconditionals="32" methods="8" coveredmethods="8"/>
        <line num="1" count="1" type="stmt"/>
        <line num="5" count="4" type="stmt"/>
        <line num="8" count="4" type="cond" truecount="4" falsecount="0"/>
        <line num="9" count="1" type="stmt"/>
        <line num="14" count="3" type="stmt"/>
        <line num="16" count="3" type="stmt"/>
        <line num="21" count="2" type="stmt"/>
        <line num="23" count="1" type="stmt"/>
        <line num="24" count="1" type="stmt"/>
        <line num="29" count="2" type="stmt"/>
        <line num="31" count="2" type="stmt"/>
        <line num="33" count="2" type="stmt"/>
        <line num="37" count="1" type="stmt"/>
        <line num="39" count="1" type="stmt"/>
        <line num="40" count="1" type="stmt"/>
        <line num="45" count="3" type="stmt"/>
        <line num="47" count="3" type="stmt"/>
        <line num="49" count="3" type="stmt"/>
        <line num="54" count="2" type="stmt"/>
        <line num="56" count="1" type="stmt"/>
        <line num="57" count="1" type="stmt"/>
        <line num="63" count="6" type="stmt"/>
        <line num="66" count="6" type="cond" truecount="5" falsecount="0"/>
        <line num="67" count="3" type="stmt"/>
        <line num="72" count="3" type="stmt"/>
        <line num="74" count="3" type="stmt"/>
        <line num="81" count="2" type="stmt"/>
        <line num="83" count="2" type="stmt"/>
        <line num="85" count="1" type="stmt"/>
        <line num="86" count="1" type="stmt"/>
        <line num="92" count="6" type="stmt"/>
        <line num="95" count="6" type="cond" truecount="4" falsecount="0"/>
        <line num="96" count="2" type="stmt"/>
        <line num="101" count="4" type="cond" truecount="4" falsecount="0"/>
        <line num="102" count="2" type="stmt"/>
        <line num="107" count="2" type="stmt"/>
        <line num="108" count="2" type="stmt"/>
        <line num="113" count="1" type="stmt"/>
        <line num="115" count="1" type="stmt"/>
        <line num="116" count="1" type="stmt"/>
        <line num="121" count="7" type="stmt"/>
        <line num="122" count="7" type="stmt"/>
        <line num="125" count="7" type="cond" truecount="3" falsecount="1"/>
        <line num="126" count="0" type="stmt"/>
        <line num="133" count="7" type="cond" truecount="4" falsecount="0"/>
        <line num="134" count="2" type="stmt"/>
        <line num="139" count="5" type="cond" truecount="4" falsecount="0"/>
        <line num="140" count="2" type="stmt"/>
        <line num="145" count="3" type="stmt"/>
        <line num="146" count="3" type="stmt"/>
        <line num="148" count="2" type="cond" truecount="2" falsecount="0"/>
        <line num="149" count="1" type="stmt"/>
        <line num="152" count="1" type="stmt"/>
        <line num="153" count="1" type="stmt"/>
        <line num="155" count="1" type="stmt"/>
        <line num="157" count="1" type="stmt"/>
        <line num="159" count="1" type="stmt"/>
        <line num="160" count="1" type="stmt"/>
        <line num="165" count="3" type="stmt"/>
        <line num="167" count="3" type="stmt"/>
        <line num="168" count="3" type="stmt"/>
        <line num="170" count="2" type="cond" truecount="2" falsecount="0"/>
        <line num="171" count="1" type="stmt"/>
        <line num="174" count="1" type="stmt"/>
        <line num="176" count="1" type="stmt"/>
        <line num="178" count="1" type="stmt"/>
        <line num="179" count="1" type="stmt"/>
        <line num="183" count="1" type="stmt"/>
      </file>
      <file name="urlImageRoom.controller.js" path="/Users/td20318289/Workspace/Repo/LastingTrip-test/controllers/urlImageRoom.controller.js">
        <metrics statements="63" coveredstatements="63" conditionals="26" coveredconditionals="26" methods="5" coveredmethods="5"/>
        <line num="1" count="1" type="stmt"/>
        <line num="2" count="1" type="stmt"/>
        <line num="4" count="1" type="stmt"/>
        <line num="5" count="5" type="stmt"/>
        <line num="6" count="5" type="stmt"/>
        <line num="9" count="5" type="cond" truecount="4" falsecount="0"/>
        <line num="10" count="2" type="stmt"/>
        <line num="15" count="3" type="stmt"/>
        <line num="18" count="3" type="stmt"/>
        <line num="19" count="3" type="stmt"/>
        <line num="20" count="3" type="stmt"/>
        <line num="21" count="3" type="stmt"/>
        <line num="24" count="3" type="stmt"/>
        <line num="31" count="2" type="stmt"/>
        <line num="33" count="1" type="stmt"/>
        <line num="34" count="1" type="stmt"/>
        <line num="41" count="1" type="stmt"/>
        <line num="42" count="5" type="stmt"/>
        <line num="45" count="5" type="cond" truecount="4" falsecount="0"/>
        <line num="46" count="2" type="stmt"/>
        <line num="51" count="3" type="stmt"/>
        <line num="52" count="3" type="stmt"/>
        <line num="53" count="2" type="cond" truecount="4" falsecount="0"/>
        <line num="54" count="1" type="stmt"/>
        <line num="56" count="1" type="stmt"/>
        <line num="58" count="1" type="stmt"/>
        <line num="59" count="1" type="stmt"/>
        <line num="63" count="1" type="stmt"/>
        <line num="64" count="6" type="stmt"/>
        <line num="65" count="6" type="stmt"/>
        <line num="68" count="6" type="cond" truecount="2" falsecount="0"/>
        <line num="69" count="1" type="stmt"/>
        <line num="72" count="5" type="cond" truecount="4" falsecount="0"/>
        <line num="73" count="2" type="stmt"/>
        <line num="78" count="3" type="stmt"/>
        <line num="79" count="3" type="stmt"/>
        <line num="80" count="2" type="cond" truecount="2" falsecount="0"/>
        <line num="81" count="1" type="stmt"/>
        <line num="85" count="1" type="stmt"/>
        <line num="86" count="1" type="stmt"/>
        <line num="87" count="1" type="stmt"/>
        <line num="89" count="1" type="stmt"/>
        <line num="90" count="1" type="stmt"/>
        <line num="94" count="1" type="stmt"/>
        <line num="95" count="3" type="stmt"/>
        <line num="97" count="3" type="stmt"/>
        <line num="98" count="3" type="stmt"/>
        <line num="104" count="2" type="cond" truecount="2" falsecount="0"/>
        <line num="105" count="1" type="stmt"/>
        <line num="107" count="1" type="stmt"/>
        <line num="108" count="1" type="stmt"/>
        <line num="109" count="1" type="stmt"/>
        <line num="111" count="1" type="stmt"/>
        <line num="112" count="1" type="stmt"/>
        <line num="116" count="1" type="stmt"/>
        <line num="117" count="3" type="stmt"/>
        <line num="118" count="3" type="stmt"/>
        <line num="120" count="2" type="cond" truecount="4" falsecount="0"/>
        <line num="121" count="1" type="stmt"/>
        <line num="124" count="1" type="stmt"/>
        <line num="126" count="1" type="stmt"/>
        <line num="127" count="1" type="stmt"/>
        <line num="131" count="1" type="stmt"/>
      </file>
      <file name="urlimagehotel.controller.js" path="/Users/td20318289/Workspace/Repo/LastingTrip-test/controllers/urlimagehotel.controller.js">
        <metrics statements="69" coveredstatements="69" conditionals="26" coveredconditionals="26" methods="6" coveredmethods="6"/>
        <line num="1" count="1" type="stmt"/>
        <line num="2" count="1" type="stmt"/>
        <line num="3" count="1" type="stmt"/>
        <line num="4" count="1" type="stmt"/>
        <line num="6" count="1" type="stmt"/>
        <line num="7" count="5" type="stmt"/>
        <line num="8" count="5" type="stmt"/>
        <line num="9" count="5" type="stmt"/>
        <line num="12" count="5" type="cond" truecount="4" falsecount="0"/>
        <line num="13" count="2" type="stmt"/>
        <line num="19" count="3" type="stmt"/>
        <line num="20" count="3" type="stmt"/>
        <line num="21" count="3" type="stmt"/>
        <line num="24" count="3" type="stmt"/>
        <line num="31" count="2" type="stmt"/>
        <line num="33" count="1" type="stmt"/>
        <line num="34" count="1" type="stmt"/>
        <line num="41" count="1" type="stmt"/>
        <line num="42" count="5" type="stmt"/>
        <line num="45" count="5" type="cond" truecount="2" falsecount="0"/>
        <line num="46" count="1" type="stmt"/>
        <line num="51" count="4" type="cond" truecount="2" falsecount="0"/>
        <line num="52" count="1" type="stmt"/>
        <line num="57" count="3" type="stmt"/>
        <line num="59" count="3" type="stmt"/>
        <line num="61" count="2" type="cond" truecount="4" falsecount="0"/>
        <line num="62" count="1" type="stmt"/>
        <line num="68" count="1" type="stmt"/>
        <line num="70" count="1" type="stmt"/>
        <line num="71" count="1" type="stmt"/>
        <line num="78" count="1" type="stmt"/>
        <line num="80" count="1" type="stmt"/>
        <line num="81" count="1" type="stmt"/>
        <line num="85" count="1" type="stmt"/>
        <line num="86" count="6" type="stmt"/>
        <line num="87" count="6" type="stmt"/>
        <line num="90" count="6" type="cond" truecount="2" falsecount="0"/>
        <line num="91" count="1" type="stmt"/>
        <line num="94" count="5" type="cond" truecount="4" falsecount="0"/>
        <line num="95" count="2" type="stmt"/>
        <line num="100" count="3" type="stmt"/>
        <line num="101" count="3" type="stmt"/>
        <line num="102" count="2" type="cond" truecount="2" falsecount="0"/>
        <line num="103" count="1" type="stmt"/>
        <line num="105" count="1" type="stmt"/>
        <line num="106" count="1" type="stmt"/>
        <line num="107" count="1" type="stmt"/>
        <line num="109" count="1" type="stmt"/>
        <line num="110" count="1" type="stmt"/>
        <line num="114" count="1" type="stmt"/>
        <line num="115" count="3" type="stmt"/>
        <line num="117" count="3" type="stmt"/>
        <line num="119" count="3" type="stmt"/>
        <line num="121" count="2" type="cond" truecount="2" falsecount="0"/>
        <line num="122" count="1" type="stmt"/>
        <line num="126" count="1" type="stmt"/>
        <line num="129" count="1" type="stmt"/>
        <line num="132" count="1" type="stmt"/>
        <line num="134" count="1" type="stmt"/>
        <line num="135" count="1" type="stmt"/>
        <line num="139" count="1" type="stmt"/>
        <line num="140" count="3" type="stmt"/>
        <line num="141" count="3" type="stmt"/>
        <line num="143" count="2" type="cond" truecount="4" falsecount="0"/>
        <line num="144" count="1" type="stmt"/>
        <line num="147" count="1" type="stmt"/>
        <line num="149" count="1" type="stmt"/>
        <line num="150" count="1" type="stmt"/>
        <line num="154" count="1" type="stmt"/>
      </file>
      <file name="user.controllers.js" path="/Users/td20318289/Workspace/Repo/LastingTrip-test/controllers/user.controllers.js">
        <metrics statements="159" coveredstatements="129" conditionals="125" coveredconditionals="89" methods="10" coveredmethods="8"/>
        <line num="1" count="1" type="stmt"/>
        <line num="2" count="1" type="stmt"/>
        <line num="3" count="1" type="stmt"/>
        <line num="4" count="1" type="stmt"/>
        <line num="5" count="1" type="stmt"/>
        <line num="6" count="1" type="stmt"/>
        <line num="8" count="1" type="stmt"/>
        <line num="9" count="6" type="stmt"/>
        <line num="12" count="6" type="cond" truecount="5" falsecount="0"/>
        <line num="13" count="1" type="stmt"/>
        <line num="18" count="5" type="cond" truecount="5" falsecount="0"/>
        <line num="19" count="1" type="stmt"/>
        <line num="24" count="4" type="cond" truecount="5" falsecount="0"/>
        <line num="25" count="1" type="stmt"/>
        <line num="30" count="3" type="cond" truecount="3" falsecount="1"/>
        <line num="31" count="0" type="stmt"/>
        <line num="36" count="3" type="cond" truecount="1" falsecount="1"/>
        <line num="41" count="0" type="stmt"/>
        <line num="46" count="3" type="stmt"/>
        <line num="48" count="3" type="stmt"/>
        <line num="54" count="2" type="cond" truecount="2" falsecount="0"/>
        <line num="56" count="1" type="stmt"/>
        <line num="62" count="1" type="stmt"/>
        <line num="63" count="1" type="stmt"/>
        <line num="64" count="1" type="stmt"/>
        <line num="72" count="1" type="stmt"/>
        <line num="74" count="1" type="stmt"/>
        <line num="75" count="1" type="stmt"/>
        <line num="79" count="1" type="stmt"/>
        <line num="80" count="0" type="stmt"/>
        <line num="82" count="0" type="stmt"/>
        <line num="88" count="0" type="stmt"/>
        <line num="97" count="1" type="stmt"/>
        <line num="98" count="4" type="stmt"/>
        <line num="99" count="4" type="stmt"/>
        <line num="101" count="4" type="stmt"/>
        <line num="103" count="3" type="cond" truecount="2" falsecount="0"/>
        <line num="104" count="2" type="stmt"/>
        <line num="106" count="2" type="cond" truecount="2" falsecount="0"/>
        <line num="107" count="1" type="stmt"/>
        <line num="113" count="1" type="stmt"/>
        <line num="121" count="1" type="stmt"/>
        <line num="126" count="1" type="stmt"/>
        <line num="129" count="1" type="stmt"/>
        <line num="130" count="1" type="stmt"/>
        <line num="134" count="1" type="stmt"/>
        <line num="135" count="4" type="stmt"/>
        <line num="137" count="4" type="stmt"/>
        <line num="141" count="4" type="cond" truecount="2" falsecount="0"/>
        <line num="142" count="2" type="stmt"/>
        <line num="151" count="2" type="stmt"/>
        <line num="154" count="3" type="stmt"/>
        <line num="156" count="1" type="stmt"/>
        <line num="160" count="1" type="stmt"/>
        <line num="162" count="2" type="stmt"/>
        <line num="163" count="2" type="stmt"/>
        <line num="164" count="1" type="stmt"/>
        <line num="166" count="1" type="stmt"/>
        <line num="167" count="1" type="stmt"/>
        <line num="172" count="1" type="stmt"/>
        <line num="173" count="5" type="stmt"/>
        <line num="174" count="5" type="stmt"/>
        <line num="185" count="5" type="stmt"/>
        <line num="188" count="5" type="cond" truecount="4" falsecount="1"/>
        <line num="189" count="0" type="stmt"/>
        <line num="194" count="5" type="cond" truecount="5" falsecount="0"/>
        <line num="195" count="1" type="stmt"/>
        <line num="200" count="4" type="cond" truecount="2" falsecount="3"/>
        <line num="201" count="0" type="stmt"/>
        <line num="206" count="4" type="cond" truecount="2" falsecount="0"/>
        <line num="210" count="1" type="stmt"/>
        <line num="215" count="3" type="cond" truecount="2" falsecount="2"/>
        <line num="216" count="0" type="stmt"/>
        <line num="221" count="3" type="cond" truecount="2" falsecount="3"/>
        <line num="222" count="0" type="stmt"/>
        <line num="227" count="3" type="cond" truecount="2" falsecount="3"/>
        <line num="228" count="0" type="stmt"/>
        <line num="233" count="3" type="cond" truecount="2" falsecount="3"/>
        <line num="234" count="0" type="stmt"/>
        <line num="239" count="3" type="cond" truecount="2" falsecount="3"/>
        <line num="240" count="0" type="stmt"/>
        <line num="245" count="3" type="stmt"/>
        <line num="251" count="2" type="cond" truecount="2" falsecount="0"/>
        <line num="252" count="1" type="stmt"/>
        <line num="259" count="1" type="cond" truecount="1" falsecount="1"/>
        <line num="260" count="1" type="cond" truecount="1" falsecount="1"/>
        <line num="261" count="1" type="cond" truecount="1" falsecount="1"/>
        <line num="262" count="1" type="cond" truecount="1" falsecount="1"/>
        <line num="263" count="1" type="cond" truecount="1" falsecount="1"/>
        <line num="264" count="1" type="cond" truecount="1" falsecount="1"/>
        <line num="265" count="1" type="cond" truecount="1" falsecount="1"/>
        <line num="266" count="1" type="cond" truecount="1" falsecount="1"/>
        <line num="267" count="1" type="cond" truecount="1" falsecount="1"/>
        <line num="269" count="1" type="stmt"/>
        <line num="270" count="1" type="cond" truecount="1" falsecount="1"/>
        <line num="271" count="0" type="stmt"/>
        <line num="277" count="1" type="stmt"/>
        <line num="279" count="1" type="stmt"/>
        <line num="280" count="1" type="stmt"/>
        <line num="284" count="1" type="stmt"/>
        <line num="285" count="7" type="stmt"/>
        <line num="288" count="7" type="cond" truecount="2" falsecount="0"/>
        <line num="289" count="1" type="stmt"/>
        <line num="294" count="6" type="cond" truecount="2" falsecount="0"/>
        <line num="299" count="1" type="stmt"/>
        <line num="307" count="5" type="cond" truecount="2" falsecount="0"/>
        <line num="312" count="1" type="stmt"/>
        <line num="320" count="4" type="stmt"/>
        <line num="321" count="4" type="stmt"/>
        <line num="322" count="3" type="cond" truecount="2" falsecount="0"/>
        <line num="323" count="1" type="stmt"/>
        <line num="327" count="2" type="stmt"/>
        <line num="328" count="2" type="cond" truecount="2" falsecount="0"/>
        <line num="329" count="1" type="stmt"/>
        <line num="333" count="1" type="stmt"/>
        <line num="334" count="1" type="stmt"/>
        <line num="337" count="1" type="stmt"/>
        <line num="339" count="1" type="stmt"/>
        <line num="341" count="1" type="stmt"/>
        <line num="342" count="1" type="stmt"/>
        <line num="346" count="1" type="stmt"/>
        <line num="347" count="3" type="stmt"/>
        <line num="348" count="3" type="stmt"/>
        <line num="349" count="3" type="stmt"/>
        <line num="355" count="2" type="cond" truecount="2" falsecount="0"/>
        <line num="356" count="1" type="stmt"/>
        <line num="359" count="1" type="stmt"/>
        <line num="361" count="1" type="stmt"/>
        <line num="363" count="1" type="stmt"/>
        <line num="364" count="1" type="stmt"/>
        <line num="368" count="1" type="stmt"/>
        <line num="369" count="0" type="stmt"/>
        <line num="370" count="0" type="stmt"/>
        <line num="371" count="0" type="stmt"/>
        <line num="372" count="0" type="stmt"/>
        <line num="378" count="0" type="cond" truecount="0" falsecount="2"/>
        <line num="379" count="0" type="stmt"/>
        <line num="382" count="0" type="stmt"/>
        <line num="384" count="0" type="cond" truecount="0" falsecount="2"/>
        <line num="385" count="0" type="stmt"/>
        <line num="388" count="0" type="stmt"/>
        <line num="389" count="0" type="stmt"/>
        <line num="390" count="0" type="stmt"/>
        <line num="392" count="0" type="stmt"/>
        <line num="393" count="0" type="stmt"/>
        <line num="394" count="0" type="stmt"/>
        <line num="396" count="0" type="stmt"/>
        <line num="400" count="1" type="stmt"/>
        <line num="401" count="3" type="stmt"/>
        <line num="402" count="3" type="stmt"/>
        <line num="405" count="3" type="cond" truecount="1" falsecount="1"/>
        <line num="406" count="0" type="stmt"/>
        <line num="410" count="3" type="stmt"/>
        <line num="416" count="2" type="cond" truecount="2" falsecount="0"/>
        <line num="417" count="1" type="stmt"/>
        <line num="422" count="1" type="stmt"/>
        <line num="424" count="1" type="stmt"/>
        <line num="425" count="1" type="stmt"/>
        <line num="429" count="1" type="stmt"/>
      </file>
    </package>
    <package name="models">
      <metrics statements="4" coveredstatements="2" conditionals="0" coveredconditionals="0" methods="2" coveredmethods="0"/>
      <file name="coupons.js" path="/Users/td20318289/Workspace/Repo/LastingTrip-test/models/coupons.js">
        <metrics statements="4" coveredstatements="2" conditionals="0" coveredconditionals="0" methods="2" coveredmethods="0"/>
        <line num="4" count="1" type="stmt"/>
        <line num="5" count="1" type="stmt"/>
        <line num="16" count="0" type="stmt"/>
        <line num="25" count="0" type="stmt"/>
      </file>
    </package>
  </project>
</coverage>
