{"/Users/td20318289/Workspace/Repo/LastingTrip/controllers/amenities.controller.js": {"path":"/Users/td20318289/Workspace/Repo/LastingTrip/controllers/amenities.controller.js","statementMap":{"0":{"start":{"line":1,"column":22},"end":{"line":1,"column":42}},"1":{"start":{"line":3,"column":15},"end":{"line":3,"column":35}},"2":{"start":{"line":4,"column":22},"end":{"line":15,"column":1}},"3":{"start":{"line":5,"column":27},"end":{"line":5,"column":35}},"4":{"start":{"line":6,"column":2},"end":{"line":14,"column":3}},"5":{"start":{"line":7,"column":23},"end":{"line":10,"column":6}},"6":{"start":{"line":11,"column":4},"end":{"line":11,"column":37}},"7":{"start":{"line":13,"column":4},"end":{"line":13,"column":32}},"8":{"start":{"line":17,"column":22},"end":{"line":40,"column":1}},"9":{"start":{"line":18,"column":25},"end":{"line":18,"column":34}},"10":{"start":{"line":19,"column":2},"end":{"line":39,"column":3}},"11":{"start":{"line":20,"column":23},"end":{"line":20,"column":25}},"12":{"start":{"line":22,"column":4},"end":{"line":26,"column":5}},"13":{"start":{"line":23,"column":6},"end":{"line":25,"column":8}},"14":{"start":{"line":28,"column":4},"end":{"line":30,"column":5}},"15":{"start":{"line":29,"column":6},"end":{"line":29,"column":31}},"16":{"start":{"line":32,"column":24},"end":{"line":34,"column":6}},"17":{"start":{"line":36,"column":4},"end":{"line":36,"column":38}},"18":{"start":{"line":38,"column":4},"end":{"line":38,"column":32}},"19":{"start":{"line":42,"column":25},"end":{"line":54,"column":1}},"20":{"start":{"line":43,"column":17},"end":{"line":43,"column":27}},"21":{"start":{"line":44,"column":2},"end":{"line":53,"column":3}},"22":{"start":{"line":45,"column":26},"end":{"line":49,"column":6}},"23":{"start":{"line":50,"column":4},"end":{"line":50,"column":40}},"24":{"start":{"line":52,"column":4},"end":{"line":52,"column":32}},"25":{"start":{"line":89,"column":0},"end":{"line":96,"column":2}}},"fnMap":{"0":{"name":"(anonymous_0)","decl":{"start":{"line":4,"column":22},"end":{"line":4,"column":23}},"loc":{"start":{"line":4,"column":42},"end":{"line":15,"column":1}},"line":4},"1":{"name":"(anonymous_1)","decl":{"start":{"line":17,"column":22},"end":{"line":17,"column":23}},"loc":{"start":{"line":17,"column":42},"end":{"line":40,"column":1}},"line":17},"2":{"name":"(anonymous_2)","decl":{"start":{"line":42,"column":25},"end":{"line":42,"column":26}},"loc":{"start":{"line":42,"column":45},"end":{"line":54,"column":1}},"line":42}},"branchMap":{"0":{"loc":{"start":{"line":22,"column":4},"end":{"line":26,"column":5}},"type":"if","locations":[{"start":{"line":22,"column":4},"end":{"line":26,"column":5}},{"start":{},"end":{}}],"line":22},"1":{"loc":{"start":{"line":28,"column":4},"end":{"line":30,"column":5}},"type":"if","locations":[{"start":{"line":28,"column":4},"end":{"line":30,"column":5}},{"start":{},"end":{}}],"line":28}},"s":{"0":1,"1":1,"2":1,"3":5,"4":5,"5":5,"6":1,"7":4,"8":1,"9":3,"10":3,"11":3,"12":3,"13":2,"14":3,"15":1,"16":3,"17":2,"18":1,"19":1,"20":2,"21":2,"22":2,"23":1,"24":1,"25":1},"f":{"0":5,"1":3,"2":2},"b":{"0":[2,1],"1":[1,2]},"_coverageSchema":"1a1c01bbd47fc00a2c39e90264f33305004495a9","hash":"cbdd03c989cd1516e5d5a75110aac9c91a8b1800"}
,"/Users/td20318289/Workspace/Repo/LastingTrip/controllers/hotel.controllers.js": {"path":"/Users/td20318289/Workspace/Repo/LastingTrip/controllers/hotel.controllers.js","statementMap":{"0":{"start":{"line":8,"column":4},"end":{"line":8,"column":24}},"1":{"start":{"line":9,"column":24},"end":{"line":9,"column":44}},"2":{"start":{"line":10,"column":22},"end":{"line":10,"column":42}},"3":{"start":{"line":11,"column":19},"end":{"line":11,"column":43}},"4":{"start":{"line":12,"column":30},"end":{"line":12,"column":66}},"5":{"start":{"line":14,"column":20},"end":{"line":50,"column":1}},"6":{"start":{"line":15,"column":59},"end":{"line":15,"column":67}},"7":{"start":{"line":17,"column":2},"end":{"line":49,"column":3}},"8":{"start":{"line":19,"column":21},"end":{"line":26,"column":6}},"9":{"start":{"line":27,"column":4},"end":{"line":27,"column":26}},"10":{"start":{"line":28,"column":22},"end":{"line":28,"column":25}},"11":{"start":{"line":29,"column":4},"end":{"line":29,"column":23}},"12":{"start":{"line":31,"column":4},"end":{"line":42,"column":5}},"13":{"start":{"line":32,"column":24},"end":{"line":32,"column":33}},"14":{"start":{"line":33,"column":19},"end":{"line":33,"column":32}},"15":{"start":{"line":36,"column":29},"end":{"line":40,"column":8}},"16":{"start":{"line":41,"column":6},"end":{"line":41,"column":67}},"17":{"start":{"line":45,"column":4},"end":{"line":45,"column":35}},"18":{"start":{"line":47,"column":4},"end":{"line":47,"column":50}},"19":{"start":{"line":48,"column":4},"end":{"line":48,"column":32}},"20":{"start":{"line":53,"column":2},"end":{"line":64,"column":3}},"21":{"start":{"line":55,"column":6},"end":{"line":55,"column":31}},"22":{"start":{"line":57,"column":6},"end":{"line":57,"column":32}},"23":{"start":{"line":59,"column":6},"end":{"line":59,"column":32}},"24":{"start":{"line":61,"column":6},"end":{"line":61,"column":38}},"25":{"start":{"line":63,"column":6},"end":{"line":63,"column":16}},"26":{"start":{"line":67,"column":20},"end":{"line":232,"column":1}},"27":{"start":{"line":83,"column":6},"end":{"line":83,"column":15}},"28":{"start":{"line":85,"column":2},"end":{"line":231,"column":3}},"29":{"start":{"line":86,"column":22},"end":{"line":86,"column":24}},"30":{"start":{"line":89,"column":4},"end":{"line":93,"column":5}},"31":{"start":{"line":90,"column":6},"end":{"line":92,"column":8}},"32":{"start":{"line":95,"column":4},"end":{"line":99,"column":5}},"33":{"start":{"line":96,"column":6},"end":{"line":98,"column":8}},"34":{"start":{"line":101,"column":4},"end":{"line":105,"column":5}},"35":{"start":{"line":102,"column":6},"end":{"line":104,"column":8}},"36":{"start":{"line":107,"column":4},"end":{"line":111,"column":5}},"37":{"start":{"line":108,"column":6},"end":{"line":110,"column":8}},"38":{"start":{"line":113,"column":4},"end":{"line":117,"column":5}},"39":{"start":{"line":114,"column":6},"end":{"line":116,"column":8}},"40":{"start":{"line":119,"column":4},"end":{"line":123,"column":5}},"41":{"start":{"line":120,"column":6},"end":{"line":122,"column":8}},"42":{"start":{"line":126,"column":20},"end":{"line":126,"column":22}},"43":{"start":{"line":129,"column":4},"end":{"line":149,"column":5}},"44":{"start":{"line":134,"column":25},"end":{"line":134,"column":51}},"45":{"start":{"line":137,"column":23},"end":{"line":143,"column":7}},"46":{"start":{"line":146,"column":6},"end":{"line":148,"column":8}},"47":{"start":{"line":152,"column":4},"end":{"line":205,"column":5}},"48":{"start":{"line":160,"column":30},"end":{"line":160,"column":32}},"49":{"start":{"line":162,"column":6},"end":{"line":164,"column":7}},"50":{"start":{"line":163,"column":8},"end":{"line":163,"column":44}},"51":{"start":{"line":166,"column":6},"end":{"line":168,"column":7}},"52":{"start":{"line":167,"column":8},"end":{"line":167,"column":46}},"53":{"start":{"line":170,"column":6},"end":{"line":172,"column":7}},"54":{"start":{"line":171,"column":8},"end":{"line":171,"column":73}},"55":{"start":{"line":174,"column":6},"end":{"line":188,"column":7}},"56":{"start":{"line":176,"column":25},"end":{"line":182,"column":9}},"57":{"start":{"line":185,"column":8},"end":{"line":187,"column":10}},"58":{"start":{"line":190,"column":6},"end":{"line":196,"column":7}},"59":{"start":{"line":192,"column":10},"end":{"line":192,"column":63}},"60":{"start":{"line":193,"column":8},"end":{"line":195,"column":10}},"61":{"start":{"line":199,"column":6},"end":{"line":202,"column":9}},"62":{"start":{"line":204,"column":6},"end":{"line":204,"column":55}},"63":{"start":{"line":208,"column":22},"end":{"line":225,"column":6}},"64":{"start":{"line":227,"column":4},"end":{"line":227,"column":36}},"65":{"start":{"line":229,"column":4},"end":{"line":229,"column":25}},"66":{"start":{"line":230,"column":4},"end":{"line":230,"column":50}},"67":{"start":{"line":234,"column":23},"end":{"line":268,"column":1}},"68":{"start":{"line":235,"column":17},"end":{"line":235,"column":27}},"69":{"start":{"line":236,"column":2},"end":{"line":267,"column":3}},"70":{"start":{"line":237,"column":24},"end":{"line":263,"column":6}},"71":{"start":{"line":264,"column":4},"end":{"line":264,"column":38}},"72":{"start":{"line":266,"column":4},"end":{"line":266,"column":32}},"73":{"start":{"line":289,"column":20},"end":{"line":322,"column":1}},"74":{"start":{"line":290,"column":2},"end":{"line":321,"column":3}},"75":{"start":{"line":291,"column":20},"end":{"line":291,"column":33}},"76":{"start":{"line":292,"column":67},"end":{"line":292,"column":75}},"77":{"start":{"line":293,"column":24},"end":{"line":297,"column":6}},"78":{"start":{"line":298,"column":4},"end":{"line":303,"column":5}},"79":{"start":{"line":299,"column":6},"end":{"line":302,"column":9}},"80":{"start":{"line":304,"column":4},"end":{"line":304,"column":38}},"81":{"start":{"line":304,"column":14},"end":{"line":304,"column":38}},"82":{"start":{"line":305,"column":4},"end":{"line":305,"column":38}},"83":{"start":{"line":305,"column":14},"end":{"line":305,"column":38}},"84":{"start":{"line":306,"column":4},"end":{"line":306,"column":35}},"85":{"start":{"line":306,"column":13},"end":{"line":306,"column":35}},"86":{"start":{"line":307,"column":4},"end":{"line":307,"column":38}},"87":{"start":{"line":307,"column":14},"end":{"line":307,"column":38}},"88":{"start":{"line":308,"column":4},"end":{"line":308,"column":53}},"89":{"start":{"line":308,"column":19},"end":{"line":308,"column":53}},"90":{"start":{"line":309,"column":4},"end":{"line":309,"column":47}},"91":{"start":{"line":309,"column":17},"end":{"line":309,"column":47}},"92":{"start":{"line":310,"column":4},"end":{"line":310,"column":47}},"93":{"start":{"line":310,"column":17},"end":{"line":310,"column":47}},"94":{"start":{"line":312,"column":24},"end":{"line":312,"column":48}},"95":{"start":{"line":313,"column":4},"end":{"line":317,"column":9}},"96":{"start":{"line":314,"column":6},"end":{"line":317,"column":9}},"97":{"start":{"line":318,"column":4},"end":{"line":318,"column":42}},"98":{"start":{"line":320,"column":4},"end":{"line":320,"column":32}},"99":{"start":{"line":324,"column":20},"end":{"line":369,"column":1}},"100":{"start":{"line":325,"column":17},"end":{"line":325,"column":27}},"101":{"start":{"line":326,"column":2},"end":{"line":326,"column":26}},"102":{"start":{"line":327,"column":2},"end":{"line":368,"column":3}},"103":{"start":{"line":329,"column":25},"end":{"line":333,"column":6}},"104":{"start":{"line":335,"column":4},"end":{"line":337,"column":5}},"105":{"start":{"line":336,"column":6},"end":{"line":336,"column":62}},"106":{"start":{"line":340,"column":27},"end":{"line":344,"column":6}},"107":{"start":{"line":347,"column":32},"end":{"line":354,"column":6}},"108":{"start":{"line":349,"column":6},"end":{"line":349,"column":35}},"109":{"start":{"line":350,"column":22},"end":{"line":350,"column":72}},"110":{"start":{"line":351,"column":6},"end":{"line":351,"column":27}},"111":{"start":{"line":353,"column":6},"end":{"line":353,"column":28}},"112":{"start":{"line":357,"column":4},"end":{"line":357,"column":43}},"113":{"start":{"line":360,"column":4},"end":{"line":362,"column":7}},"114":{"start":{"line":364,"column":4},"end":{"line":364,"column":79}},"115":{"start":{"line":366,"column":4},"end":{"line":366,"column":63}},"116":{"start":{"line":367,"column":4},"end":{"line":367,"column":47}},"117":{"start":{"line":371,"column":28},"end":{"line":393,"column":1}},"118":{"start":{"line":372,"column":24},"end":{"line":372,"column":32}},"119":{"start":{"line":374,"column":2},"end":{"line":392,"column":3}},"120":{"start":{"line":376,"column":18},"end":{"line":380,"column":6}},"121":{"start":{"line":383,"column":4},"end":{"line":385,"column":5}},"122":{"start":{"line":384,"column":6},"end":{"line":384,"column":75}},"123":{"start":{"line":388,"column":4},"end":{"line":388,"column":48}},"124":{"start":{"line":390,"column":4},"end":{"line":390,"column":56}},"125":{"start":{"line":391,"column":4},"end":{"line":391,"column":60}},"126":{"start":{"line":394,"column":19},"end":{"line":417,"column":1}},"127":{"start":{"line":395,"column":2},"end":{"line":416,"column":3}},"128":{"start":{"line":397,"column":21},"end":{"line":397,"column":68}},"129":{"start":{"line":400,"column":22},"end":{"line":400,"column":31}},"130":{"start":{"line":401,"column":4},"end":{"line":406,"column":7}},"131":{"start":{"line":402,"column":19},"end":{"line":402,"column":39}},"132":{"start":{"line":403,"column":6},"end":{"line":405,"column":9}},"133":{"start":{"line":404,"column":8},"end":{"line":404,"column":34}},"134":{"start":{"line":409,"column":26},"end":{"line":409,"column":47}},"135":{"start":{"line":412,"column":4},"end":{"line":412,"column":40}},"136":{"start":{"line":414,"column":4},"end":{"line":414,"column":69}},"137":{"start":{"line":415,"column":4},"end":{"line":415,"column":60}},"138":{"start":{"line":419,"column":0},"end":{"line":427,"column":2}}},"fnMap":{"0":{"name":"(anonymous_0)","decl":{"start":{"line":14,"column":20},"end":{"line":14,"column":21}},"loc":{"start":{"line":14,"column":40},"end":{"line":50,"column":1}},"line":14},"1":{"name":"getOrderCriteria","decl":{"start":{"line":52,"column":9},"end":{"line":52,"column":25}},"loc":{"start":{"line":52,"column":36},"end":{"line":65,"column":1}},"line":52},"2":{"name":"(anonymous_2)","decl":{"start":{"line":67,"column":20},"end":{"line":67,"column":21}},"loc":{"start":{"line":67,"column":40},"end":{"line":232,"column":1}},"line":67},"3":{"name":"(anonymous_3)","decl":{"start":{"line":234,"column":23},"end":{"line":234,"column":24}},"loc":{"start":{"line":234,"column":43},"end":{"line":268,"column":1}},"line":234},"4":{"name":"(anonymous_4)","decl":{"start":{"line":289,"column":20},"end":{"line":289,"column":21}},"loc":{"start":{"line":289,"column":40},"end":{"line":322,"column":1}},"line":289},"5":{"name":"(anonymous_5)","decl":{"start":{"line":324,"column":20},"end":{"line":324,"column":21}},"loc":{"start":{"line":324,"column":40},"end":{"line":369,"column":1}},"line":324},"6":{"name":"(anonymous_6)","decl":{"start":{"line":347,"column":51},"end":{"line":347,"column":52}},"loc":{"start":{"line":347,"column":68},"end":{"line":354,"column":5}},"line":347},"7":{"name":"(anonymous_7)","decl":{"start":{"line":371,"column":28},"end":{"line":371,"column":29}},"loc":{"start":{"line":371,"column":48},"end":{"line":393,"column":1}},"line":371},"8":{"name":"(anonymous_8)","decl":{"start":{"line":394,"column":19},"end":{"line":394,"column":20}},"loc":{"start":{"line":394,"column":39},"end":{"line":417,"column":1}},"line":394},"9":{"name":"(anonymous_9)","decl":{"start":{"line":401,"column":19},"end":{"line":401,"column":20}},"loc":{"start":{"line":401,"column":30},"end":{"line":406,"column":5}},"line":401},"10":{"name":"(anonymous_10)","decl":{"start":{"line":403,"column":19},"end":{"line":403,"column":20}},"loc":{"start":{"line":403,"column":28},"end":{"line":405,"column":7}},"line":403}},"branchMap":{"0":{"loc":{"start":{"line":53,"column":2},"end":{"line":64,"column":3}},"type":"switch","locations":[{"start":{"line":54,"column":4},"end":{"line":55,"column":31}},{"start":{"line":56,"column":4},"end":{"line":57,"column":32}},{"start":{"line":58,"column":4},"end":{"line":59,"column":32}},{"start":{"line":60,"column":4},"end":{"line":61,"column":38}},{"start":{"line":62,"column":4},"end":{"line":63,"column":16}}],"line":53},"1":{"loc":{"start":{"line":89,"column":4},"end":{"line":93,"column":5}},"type":"if","locations":[{"start":{"line":89,"column":4},"end":{"line":93,"column":5}},{"start":{},"end":{}}],"line":89},"2":{"loc":{"start":{"line":95,"column":4},"end":{"line":99,"column":5}},"type":"if","locations":[{"start":{"line":95,"column":4},"end":{"line":99,"column":5}},{"start":{},"end":{}}],"line":95},"3":{"loc":{"start":{"line":101,"column":4},"end":{"line":105,"column":5}},"type":"if","locations":[{"start":{"line":101,"column":4},"end":{"line":105,"column":5}},{"start":{},"end":{}}],"line":101},"4":{"loc":{"start":{"line":107,"column":4},"end":{"line":111,"column":5}},"type":"if","locations":[{"start":{"line":107,"column":4},"end":{"line":111,"column":5}},{"start":{},"end":{}}],"line":107},"5":{"loc":{"start":{"line":113,"column":4},"end":{"line":117,"column":5}},"type":"if","locations":[{"start":{"line":113,"column":4},"end":{"line":117,"column":5}},{"start":{},"end":{}}],"line":113},"6":{"loc":{"start":{"line":113,"column":8},"end":{"line":113,"column":75}},"type":"binary-expr","locations":[{"start":{"line":113,"column":8},"end":{"line":113,"column":19}},{"start":{"line":113,"column":23},"end":{"line":113,"column":49}},{"start":{"line":113,"column":53},"end":{"line":113,"column":75}}],"line":113},"7":{"loc":{"start":{"line":119,"column":4},"end":{"line":123,"column":5}},"type":"if","locations":[{"start":{"line":119,"column":4},"end":{"line":123,"column":5}},{"start":{},"end":{}}],"line":119},"8":{"loc":{"start":{"line":129,"column":4},"end":{"line":149,"column":5}},"type":"if","locations":[{"start":{"line":129,"column":4},"end":{"line":149,"column":5}},{"start":{},"end":{}}],"line":129},"9":{"loc":{"start":{"line":130,"column":6},"end":{"line":132,"column":31}},"type":"binary-expr","locations":[{"start":{"line":130,"column":6},"end":{"line":130,"column":20}},{"start":{"line":131,"column":6},"end":{"line":131,"column":35}},{"start":{"line":132,"column":6},"end":{"line":132,"column":31}}],"line":130},"10":{"loc":{"start":{"line":152,"column":4},"end":{"line":205,"column":5}},"type":"if","locations":[{"start":{"line":152,"column":4},"end":{"line":205,"column":5}},{"start":{},"end":{}}],"line":152},"11":{"loc":{"start":{"line":153,"column":6},"end":{"line":158,"column":19}},"type":"binary-expr","locations":[{"start":{"line":153,"column":6},"end":{"line":153,"column":14}},{"start":{"line":154,"column":6},"end":{"line":154,"column":15}},{"start":{"line":155,"column":6},"end":{"line":155,"column":19}},{"start":{"line":156,"column":6},"end":{"line":156,"column":20}},{"start":{"line":157,"column":6},"end":{"line":157,"column":22}},{"start":{"line":158,"column":6},"end":{"line":158,"column":19}}],"line":153},"12":{"loc":{"start":{"line":162,"column":6},"end":{"line":164,"column":7}},"type":"if","locations":[{"start":{"line":162,"column":6},"end":{"line":164,"column":7}},{"start":{},"end":{}}],"line":162},"13":{"loc":{"start":{"line":166,"column":6},"end":{"line":168,"column":7}},"type":"if","locations":[{"start":{"line":166,"column":6},"end":{"line":168,"column":7}},{"start":{},"end":{}}],"line":166},"14":{"loc":{"start":{"line":170,"column":6},"end":{"line":172,"column":7}},"type":"if","locations":[{"start":{"line":170,"column":6},"end":{"line":172,"column":7}},{"start":{},"end":{}}],"line":170},"15":{"loc":{"start":{"line":174,"column":6},"end":{"line":188,"column":7}},"type":"if","locations":[{"start":{"line":174,"column":6},"end":{"line":188,"column":7}},{"start":{},"end":{}}],"line":174},"16":{"loc":{"start":{"line":174,"column":10},"end":{"line":174,"column":51}},"type":"binary-expr","locations":[{"start":{"line":174,"column":10},"end":{"line":174,"column":23}},{"start":{"line":174,"column":27},"end":{"line":174,"column":51}}],"line":174},"17":{"loc":{"start":{"line":190,"column":6},"end":{"line":196,"column":7}},"type":"if","locations":[{"start":{"line":190,"column":6},"end":{"line":196,"column":7}},{"start":{},"end":{}}],"line":190},"18":{"loc":{"start":{"line":190,"column":10},"end":{"line":190,"column":44}},"type":"binary-expr","locations":[{"start":{"line":190,"column":10},"end":{"line":190,"column":24}},{"start":{"line":190,"column":28},"end":{"line":190,"column":44}}],"line":190},"19":{"loc":{"start":{"line":298,"column":4},"end":{"line":303,"column":5}},"type":"if","locations":[{"start":{"line":298,"column":4},"end":{"line":303,"column":5}},{"start":{},"end":{}}],"line":298},"20":{"loc":{"start":{"line":304,"column":4},"end":{"line":304,"column":38}},"type":"if","locations":[{"start":{"line":304,"column":4},"end":{"line":304,"column":38}},{"start":{},"end":{}}],"line":304},"21":{"loc":{"start":{"line":305,"column":4},"end":{"line":305,"column":38}},"type":"if","locations":[{"start":{"line":305,"column":4},"end":{"line":305,"column":38}},{"start":{},"end":{}}],"line":305},"22":{"loc":{"start":{"line":306,"column":4},"end":{"line":306,"column":35}},"type":"if","locations":[{"start":{"line":306,"column":4},"end":{"line":306,"column":35}},{"start":{},"end":{}}],"line":306},"23":{"loc":{"start":{"line":307,"column":4},"end":{"line":307,"column":38}},"type":"if","locations":[{"start":{"line":307,"column":4},"end":{"line":307,"column":38}},{"start":{},"end":{}}],"line":307},"24":{"loc":{"start":{"line":308,"column":4},"end":{"line":308,"column":53}},"type":"if","locations":[{"start":{"line":308,"column":4},"end":{"line":308,"column":53}},{"start":{},"end":{}}],"line":308},"25":{"loc":{"start":{"line":309,"column":4},"end":{"line":309,"column":47}},"type":"if","locations":[{"start":{"line":309,"column":4},"end":{"line":309,"column":47}},{"start":{},"end":{}}],"line":309},"26":{"loc":{"start":{"line":310,"column":4},"end":{"line":310,"column":47}},"type":"if","locations":[{"start":{"line":310,"column":4},"end":{"line":310,"column":47}},{"start":{},"end":{}}],"line":310},"27":{"loc":{"start":{"line":313,"column":4},"end":{"line":317,"column":9}},"type":"if","locations":[{"start":{"line":313,"column":4},"end":{"line":317,"column":9}},{"start":{},"end":{}}],"line":313},"28":{"loc":{"start":{"line":335,"column":4},"end":{"line":337,"column":5}},"type":"if","locations":[{"start":{"line":335,"column":4},"end":{"line":337,"column":5}},{"start":{},"end":{}}],"line":335},"29":{"loc":{"start":{"line":383,"column":4},"end":{"line":385,"column":5}},"type":"if","locations":[{"start":{"line":383,"column":4},"end":{"line":385,"column":5}},{"start":{},"end":{}}],"line":383}},"s":{"0":1,"1":1,"2":1,"3":1,"4":1,"5":1,"6":2,"7":2,"8":2,"9":1,"10":1,"11":1,"12":1,"13":2,"14":2,"15":2,"16":2,"17":1,"18":1,"19":1,"20":2,"21":0,"22":0,"23":0,"24":0,"25":2,"26":1,"27":2,"28":2,"29":2,"30":2,"31":2,"32":2,"33":0,"34":2,"35":0,"36":2,"37":0,"38":2,"39":0,"40":2,"41":0,"42":2,"43":2,"44":0,"45":0,"46":0,"47":2,"48":0,"49":0,"50":0,"51":0,"52":0,"53":0,"54":0,"55":0,"56":0,"57":0,"58":0,"59":0,"60":0,"61":0,"62":0,"63":2,"64":1,"65":1,"66":1,"67":1,"68":2,"69":2,"70":2,"71":1,"72":1,"73":1,"74":2,"75":2,"76":2,"77":2,"78":1,"79":0,"80":1,"81":1,"82":1,"83":0,"84":1,"85":0,"86":1,"87":0,"88":1,"89":0,"90":1,"91":0,"92":1,"93":0,"94":1,"95":1,"96":0,"97":1,"98":1,"99":1,"100":3,"101":3,"102":3,"103":3,"104":2,"105":1,"106":1,"107":1,"108":2,"109":2,"110":2,"111":2,"112":1,"113":1,"114":1,"115":1,"116":1,"117":1,"118":3,"119":3,"120":3,"121":2,"122":1,"123":1,"124":1,"125":1,"126":1,"127":2,"128":2,"129":1,"130":1,"131":3,"132":3,"133":6,"134":1,"135":1,"136":1,"137":1,"138":1},"f":{"0":2,"1":2,"2":2,"3":2,"4":2,"5":3,"6":2,"7":3,"8":2,"9":3,"10":6},"b":{"0":[0,0,0,0,2],"1":[2,0],"2":[0,2],"3":[0,2],"4":[0,2],"5":[0,2],"6":[2,0,0],"7":[0,2],"8":[0,2],"9":[2,0,0],"10":[0,2],"11":[2,2,2,2,2,2],"12":[0,0],"13":[0,0],"14":[0,0],"15":[0,0],"16":[0,0],"17":[0,0],"18":[0,0],"19":[0,1],"20":[1,0],"21":[0,1],"22":[0,1],"23":[0,1],"24":[0,1],"25":[0,1],"26":[0,1],"27":[0,1],"28":[1,1],"29":[1,1]},"_coverageSchema":"1a1c01bbd47fc00a2c39e90264f33305004495a9","hash":"92e605a9435cc649b161503666ff2b14fea16d5a"}
,"/Users/td20318289/Workspace/Repo/LastingTrip/controllers/reviews.controllers.js": {"path":"/Users/td20318289/Workspace/Repo/LastingTrip/controllers/reviews.controllers.js","statementMap":{"0":{"start":{"line":1,"column":34},"end":{"line":1,"column":54}},"1":{"start":{"line":2,"column":15},"end":{"line":2,"column":35}},"2":{"start":{"line":3,"column":19},"end":{"line":3,"column":43}},"3":{"start":{"line":4,"column":30},"end":{"line":4,"column":66}},"4":{"start":{"line":5,"column":21},"end":{"line":34,"column":1}},"5":{"start":{"line":6,"column":2},"end":{"line":33,"column":3}},"6":{"start":{"line":7,"column":54},"end":{"line":7,"column":62}},"7":{"start":{"line":9,"column":4},"end":{"line":11,"column":5}},"8":{"start":{"line":10,"column":6},"end":{"line":10,"column":67}},"9":{"start":{"line":13,"column":24},"end":{"line":18,"column":5}},"10":{"start":{"line":20,"column":21},"end":{"line":20,"column":24}},"11":{"start":{"line":21,"column":4},"end":{"line":21,"column":22}},"12":{"start":{"line":22,"column":4},"end":{"line":25,"column":5}},"13":{"start":{"line":23,"column":24},"end":{"line":23,"column":33}},"14":{"start":{"line":24,"column":6},"end":{"line":24,"column":37}},"15":{"start":{"line":27,"column":22},"end":{"line":27,"column":57}},"16":{"start":{"line":28,"column":4},"end":{"line":28,"column":31}},"17":{"start":{"line":30,"column":4},"end":{"line":30,"column":36}},"18":{"start":{"line":32,"column":4},"end":{"line":32,"column":32}},"19":{"start":{"line":36,"column":21},"end":{"line":76,"column":1}},"20":{"start":{"line":37,"column":22},"end":{"line":37,"column":31}},"21":{"start":{"line":39,"column":2},"end":{"line":75,"column":3}},"22":{"start":{"line":40,"column":20},"end":{"line":52,"column":6}},"23":{"start":{"line":54,"column":4},"end":{"line":56,"column":5}},"24":{"start":{"line":55,"column":6},"end":{"line":55,"column":80}},"25":{"start":{"line":58,"column":28},"end":{"line":69,"column":7}},"26":{"start":{"line":58,"column":53},"end":{"line":69,"column":5}},"27":{"start":{"line":71,"column":4},"end":{"line":71,"column":42}},"28":{"start":{"line":73,"column":4},"end":{"line":73,"column":25}},"29":{"start":{"line":74,"column":4},"end":{"line":74,"column":32}},"30":{"start":{"line":78,"column":22},"end":{"line":85,"column":1}},"31":{"start":{"line":79,"column":2},"end":{"line":84,"column":3}},"32":{"start":{"line":80,"column":22},"end":{"line":80,"column":45}},"33":{"start":{"line":81,"column":4},"end":{"line":81,"column":36}},"34":{"start":{"line":83,"column":4},"end":{"line":83,"column":63}},"35":{"start":{"line":86,"column":24},"end":{"line":98,"column":1}},"36":{"start":{"line":87,"column":17},"end":{"line":87,"column":27}},"37":{"start":{"line":88,"column":2},"end":{"line":97,"column":3}},"38":{"start":{"line":89,"column":25},"end":{"line":93,"column":6}},"39":{"start":{"line":94,"column":4},"end":{"line":94,"column":39}},"40":{"start":{"line":96,"column":4},"end":{"line":96,"column":32}},"41":{"start":{"line":99,"column":21},"end":{"line":119,"column":1}},"42":{"start":{"line":100,"column":17},"end":{"line":100,"column":27}},"43":{"start":{"line":101,"column":86},"end":{"line":101,"column":94}},"44":{"start":{"line":102,"column":2},"end":{"line":118,"column":3}},"45":{"start":{"line":103,"column":25},"end":{"line":107,"column":6}},"46":{"start":{"line":108,"column":4},"end":{"line":108,"column":29}},"47":{"start":{"line":109,"column":4},"end":{"line":109,"column":35}},"48":{"start":{"line":110,"column":4},"end":{"line":110,"column":29}},"49":{"start":{"line":111,"column":4},"end":{"line":111,"column":31}},"50":{"start":{"line":112,"column":4},"end":{"line":112,"column":30}},"51":{"start":{"line":113,"column":4},"end":{"line":113,"column":39}},"52":{"start":{"line":115,"column":4},"end":{"line":115,"column":45}},"53":{"start":{"line":117,"column":4},"end":{"line":117,"column":32}},"54":{"start":{"line":120,"column":21},"end":{"line":134,"column":1}},"55":{"start":{"line":121,"column":17},"end":{"line":121,"column":27}},"56":{"start":{"line":122,"column":2},"end":{"line":133,"column":3}},"57":{"start":{"line":123,"column":26},"end":{"line":127,"column":6}},"58":{"start":{"line":128,"column":4},"end":{"line":128,"column":51}},"59":{"start":{"line":130,"column":4},"end":{"line":130,"column":39}},"60":{"start":{"line":132,"column":4},"end":{"line":132,"column":32}},"61":{"start":{"line":136,"column":0},"end":{"line":143,"column":2}}},"fnMap":{"0":{"name":"(anonymous_0)","decl":{"start":{"line":5,"column":21},"end":{"line":5,"column":22}},"loc":{"start":{"line":5,"column":41},"end":{"line":34,"column":1}},"line":5},"1":{"name":"(anonymous_1)","decl":{"start":{"line":36,"column":21},"end":{"line":36,"column":22}},"loc":{"start":{"line":36,"column":41},"end":{"line":76,"column":1}},"line":36},"2":{"name":"(anonymous_2)","decl":{"start":{"line":58,"column":40},"end":{"line":58,"column":41}},"loc":{"start":{"line":58,"column":53},"end":{"line":69,"column":5}},"line":58},"3":{"name":"(anonymous_3)","decl":{"start":{"line":78,"column":22},"end":{"line":78,"column":23}},"loc":{"start":{"line":78,"column":42},"end":{"line":85,"column":1}},"line":78},"4":{"name":"(anonymous_4)","decl":{"start":{"line":86,"column":24},"end":{"line":86,"column":25}},"loc":{"start":{"line":86,"column":44},"end":{"line":98,"column":1}},"line":86},"5":{"name":"(anonymous_5)","decl":{"start":{"line":99,"column":21},"end":{"line":99,"column":22}},"loc":{"start":{"line":99,"column":41},"end":{"line":119,"column":1}},"line":99},"6":{"name":"(anonymous_6)","decl":{"start":{"line":120,"column":21},"end":{"line":120,"column":22}},"loc":{"start":{"line":120,"column":41},"end":{"line":134,"column":1}},"line":120}},"branchMap":{"0":{"loc":{"start":{"line":9,"column":4},"end":{"line":11,"column":5}},"type":"if","locations":[{"start":{"line":9,"column":4},"end":{"line":11,"column":5}},{"start":{},"end":{}}],"line":9},"1":{"loc":{"start":{"line":9,"column":8},"end":{"line":9,"column":68}},"type":"binary-expr","locations":[{"start":{"line":9,"column":8},"end":{"line":9,"column":16}},{"start":{"line":9,"column":20},"end":{"line":9,"column":28}},{"start":{"line":9,"column":32},"end":{"line":9,"column":52}},{"start":{"line":9,"column":56},"end":{"line":9,"column":68}}],"line":9},"2":{"loc":{"start":{"line":22,"column":4},"end":{"line":25,"column":5}},"type":"if","locations":[{"start":{"line":22,"column":4},"end":{"line":25,"column":5}},{"start":{},"end":{}}],"line":22},"3":{"loc":{"start":{"line":54,"column":4},"end":{"line":56,"column":5}},"type":"if","locations":[{"start":{"line":54,"column":4},"end":{"line":56,"column":5}},{"start":{},"end":{}}],"line":54},"4":{"loc":{"start":{"line":54,"column":8},"end":{"line":54,"column":40}},"type":"binary-expr","locations":[{"start":{"line":54,"column":8},"end":{"line":54,"column":16}},{"start":{"line":54,"column":20},"end":{"line":54,"column":40}}],"line":54}},"s":{"0":1,"1":1,"2":1,"3":1,"4":1,"5":3,"6":3,"7":3,"8":1,"9":2,"10":2,"11":2,"12":2,"13":1,"14":1,"15":2,"16":1,"17":1,"18":1,"19":1,"20":4,"21":4,"22":4,"23":3,"24":1,"25":2,"26":2,"27":2,"28":1,"29":1,"30":1,"31":0,"32":0,"33":0,"34":0,"35":1,"36":3,"37":3,"38":3,"39":1,"40":2,"41":1,"42":2,"43":2,"44":2,"45":2,"46":1,"47":1,"48":1,"49":1,"50":1,"51":1,"52":1,"53":1,"54":1,"55":2,"56":2,"57":2,"58":1,"59":1,"60":1,"61":1},"f":{"0":3,"1":4,"2":2,"3":0,"4":3,"5":2,"6":2},"b":{"0":[1,2],"1":[3,2,2,2],"2":[1,1],"3":[1,2],"4":[3,3]},"_coverageSchema":"1a1c01bbd47fc00a2c39e90264f33305004495a9","hash":"894461cd2aa07dffd1b367d9fd50fe40668c403f"}
,"/Users/td20318289/Workspace/Repo/LastingTrip/controllers/room.controller.js": {"path":"/Users/td20318289/Workspace/Repo/LastingTrip/controllers/room.controller.js","statementMap":{"0":{"start":{"line":7,"column":4},"end":{"line":7,"column":24}},"1":{"start":{"line":8,"column":19},"end":{"line":8,"column":43}},"2":{"start":{"line":9,"column":15},"end":{"line":9,"column":35}},"3":{"start":{"line":10,"column":19},"end":{"line":53,"column":1}},"4":{"start":{"line":12,"column":4},"end":{"line":12,"column":12}},"5":{"start":{"line":13,"column":2},"end":{"line":13,"column":24}},"6":{"start":{"line":14,"column":2},"end":{"line":52,"column":3}},"7":{"start":{"line":16,"column":20},"end":{"line":24,"column":6}},"8":{"start":{"line":27,"column":22},"end":{"line":27,"column":25}},"9":{"start":{"line":28,"column":4},"end":{"line":28,"column":23}},"10":{"start":{"line":30,"column":4},"end":{"line":42,"column":5}},"11":{"start":{"line":31,"column":24},"end":{"line":31,"column":33}},"12":{"start":{"line":32,"column":19},"end":{"line":32,"column":32}},"13":{"start":{"line":35,"column":29},"end":{"line":39,"column":8}},"14":{"start":{"line":41,"column":6},"end":{"line":41,"column":66}},"15":{"start":{"line":45,"column":4},"end":{"line":45,"column":34}},"16":{"start":{"line":48,"column":4},"end":{"line":48,"column":49}},"17":{"start":{"line":49,"column":4},"end":{"line":51,"column":72}},"18":{"start":{"line":54,"column":19},"end":{"line":91,"column":1}},"19":{"start":{"line":55,"column":22},"end":{"line":55,"column":31}},"20":{"start":{"line":57,"column":2},"end":{"line":90,"column":3}},"21":{"start":{"line":58,"column":22},"end":{"line":58,"column":24}},"22":{"start":{"line":60,"column":4},"end":{"line":62,"column":5}},"23":{"start":{"line":61,"column":6},"end":{"line":61,"column":36}},"24":{"start":{"line":65,"column":21},"end":{"line":85,"column":6}},"25":{"start":{"line":87,"column":4},"end":{"line":87,"column":35}},"26":{"start":{"line":89,"column":4},"end":{"line":89,"column":32}},"27":{"start":{"line":93,"column":22},"end":{"line":105,"column":1}},"28":{"start":{"line":94,"column":17},"end":{"line":94,"column":27}},"29":{"start":{"line":95,"column":2},"end":{"line":104,"column":3}},"30":{"start":{"line":96,"column":23},"end":{"line":100,"column":6}},"31":{"start":{"line":101,"column":4},"end":{"line":101,"column":37}},"32":{"start":{"line":103,"column":4},"end":{"line":103,"column":32}},"33":{"start":{"line":106,"column":19},"end":{"line":126,"column":1}},"34":{"start":{"line":107,"column":17},"end":{"line":107,"column":27}},"35":{"start":{"line":108,"column":71},"end":{"line":108,"column":79}},"36":{"start":{"line":109,"column":2},"end":{"line":125,"column":3}},"37":{"start":{"line":110,"column":23},"end":{"line":114,"column":6}},"38":{"start":{"line":115,"column":4},"end":{"line":115,"column":27}},"39":{"start":{"line":116,"column":4},"end":{"line":116,"column":31}},"40":{"start":{"line":117,"column":4},"end":{"line":117,"column":35}},"41":{"start":{"line":118,"column":4},"end":{"line":118,"column":49}},"42":{"start":{"line":119,"column":4},"end":{"line":119,"column":35}},"43":{"start":{"line":120,"column":4},"end":{"line":120,"column":29}},"44":{"start":{"line":121,"column":4},"end":{"line":121,"column":28}},"45":{"start":{"line":122,"column":4},"end":{"line":122,"column":37}},"46":{"start":{"line":124,"column":4},"end":{"line":124,"column":32}},"47":{"start":{"line":127,"column":19},"end":{"line":171,"column":1}},"48":{"start":{"line":128,"column":17},"end":{"line":128,"column":27}},"49":{"start":{"line":129,"column":2},"end":{"line":129,"column":26}},"50":{"start":{"line":130,"column":2},"end":{"line":170,"column":3}},"51":{"start":{"line":132,"column":24},"end":{"line":136,"column":6}},"52":{"start":{"line":138,"column":4},"end":{"line":140,"column":5}},"53":{"start":{"line":139,"column":6},"end":{"line":139,"column":62}},"54":{"start":{"line":143,"column":27},"end":{"line":147,"column":6}},"55":{"start":{"line":150,"column":32},"end":{"line":157,"column":6}},"56":{"start":{"line":152,"column":6},"end":{"line":152,"column":35}},"57":{"start":{"line":153,"column":22},"end":{"line":153,"column":72}},"58":{"start":{"line":154,"column":6},"end":{"line":154,"column":27}},"59":{"start":{"line":156,"column":6},"end":{"line":156,"column":28}},"60":{"start":{"line":160,"column":4},"end":{"line":160,"column":43}},"61":{"start":{"line":163,"column":4},"end":{"line":163,"column":49}},"62":{"start":{"line":166,"column":4},"end":{"line":166,"column":79}},"63":{"start":{"line":168,"column":4},"end":{"line":168,"column":63}},"64":{"start":{"line":169,"column":4},"end":{"line":169,"column":47}},"65":{"start":{"line":172,"column":0},"end":{"line":178,"column":2}}},"fnMap":{"0":{"name":"(anonymous_0)","decl":{"start":{"line":10,"column":19},"end":{"line":10,"column":20}},"loc":{"start":{"line":10,"column":39},"end":{"line":53,"column":1}},"line":10},"1":{"name":"(anonymous_1)","decl":{"start":{"line":54,"column":19},"end":{"line":54,"column":20}},"loc":{"start":{"line":54,"column":39},"end":{"line":91,"column":1}},"line":54},"2":{"name":"(anonymous_2)","decl":{"start":{"line":93,"column":22},"end":{"line":93,"column":23}},"loc":{"start":{"line":93,"column":42},"end":{"line":105,"column":1}},"line":93},"3":{"name":"(anonymous_3)","decl":{"start":{"line":106,"column":19},"end":{"line":106,"column":20}},"loc":{"start":{"line":106,"column":39},"end":{"line":126,"column":1}},"line":106},"4":{"name":"(anonymous_4)","decl":{"start":{"line":127,"column":19},"end":{"line":127,"column":20}},"loc":{"start":{"line":127,"column":39},"end":{"line":171,"column":1}},"line":127},"5":{"name":"(anonymous_5)","decl":{"start":{"line":150,"column":51},"end":{"line":150,"column":52}},"loc":{"start":{"line":150,"column":68},"end":{"line":157,"column":5}},"line":150}},"branchMap":{"0":{"loc":{"start":{"line":60,"column":4},"end":{"line":62,"column":5}},"type":"if","locations":[{"start":{"line":60,"column":4},"end":{"line":62,"column":5}},{"start":{},"end":{}}],"line":60},"1":{"loc":{"start":{"line":138,"column":4},"end":{"line":140,"column":5}},"type":"if","locations":[{"start":{"line":138,"column":4},"end":{"line":140,"column":5}},{"start":{},"end":{}}],"line":138}},"s":{"0":1,"1":1,"2":1,"3":1,"4":2,"5":2,"6":2,"7":2,"8":1,"9":1,"10":1,"11":2,"12":2,"13":2,"14":2,"15":1,"16":1,"17":1,"18":1,"19":3,"20":3,"21":3,"22":3,"23":1,"24":3,"25":2,"26":1,"27":1,"28":2,"29":2,"30":2,"31":1,"32":1,"33":1,"34":2,"35":2,"36":2,"37":2,"38":1,"39":1,"40":1,"41":1,"42":1,"43":1,"44":1,"45":1,"46":1,"47":1,"48":3,"49":3,"50":3,"51":3,"52":2,"53":1,"54":1,"55":1,"56":2,"57":2,"58":2,"59":2,"60":1,"61":1,"62":1,"63":1,"64":1,"65":1},"f":{"0":2,"1":3,"2":2,"3":2,"4":3,"5":2},"b":{"0":[1,2],"1":[1,1]},"_coverageSchema":"1a1c01bbd47fc00a2c39e90264f33305004495a9","hash":"a032d09f0e75a66b94d59a4c3d65ac84f4dcb88c"}
,"/Users/td20318289/Workspace/Repo/LastingTrip/controllers/room_service.controller.js": {"path":"/Users/td20318289/Workspace/Repo/LastingTrip/controllers/room_service.controller.js","statementMap":{"0":{"start":{"line":1,"column":41},"end":{"line":1,"column":62}},"1":{"start":{"line":5,"column":17},"end":{"line":5,"column":34}},"2":{"start":{"line":7,"column":2},"end":{"line":18,"column":3}},"3":{"start":{"line":9,"column":24},"end":{"line":12,"column":6}},"4":{"start":{"line":14,"column":4},"end":{"line":14,"column":26}},"5":{"start":{"line":16,"column":4},"end":{"line":16,"column":25}},"6":{"start":{"line":17,"column":4},"end":{"line":17,"column":63}},"7":{"start":{"line":22,"column":15},"end":{"line":22,"column":25}},"8":{"start":{"line":24,"column":2},"end":{"line":35,"column":3}},"9":{"start":{"line":26,"column":24},"end":{"line":29,"column":6}},"10":{"start":{"line":31,"column":4},"end":{"line":31,"column":26}},"11":{"start":{"line":33,"column":4},"end":{"line":33,"column":25}},"12":{"start":{"line":34,"column":4},"end":{"line":34,"column":63}},"13":{"start":{"line":39,"column":20},"end":{"line":39,"column":40}},"14":{"start":{"line":41,"column":2},"end":{"line":52,"column":3}},"15":{"start":{"line":43,"column":24},"end":{"line":46,"column":6}},"16":{"start":{"line":48,"column":4},"end":{"line":48,"column":26}},"17":{"start":{"line":50,"column":4},"end":{"line":50,"column":25}},"18":{"start":{"line":51,"column":4},"end":{"line":51,"column":63}},"19":{"start":{"line":57,"column":24},"end":{"line":57,"column":32}},"20":{"start":{"line":59,"column":2},"end":{"line":74,"column":3}},"21":{"start":{"line":61,"column":24},"end":{"line":66,"column":6}},"22":{"start":{"line":68,"column":18},"end":{"line":68,"column":68}},"23":{"start":{"line":68,"column":51},"end":{"line":68,"column":67}},"24":{"start":{"line":70,"column":4},"end":{"line":70,"column":20}},"25":{"start":{"line":72,"column":4},"end":{"line":72,"column":25}},"26":{"start":{"line":73,"column":4},"end":{"line":73,"column":63}},"27":{"start":{"line":79,"column":32},"end":{"line":79,"column":40}},"28":{"start":{"line":81,"column":2},"end":{"line":91,"column":3}},"29":{"start":{"line":82,"column":24},"end":{"line":85,"column":6}},"30":{"start":{"line":87,"column":4},"end":{"line":87,"column":38}},"31":{"start":{"line":89,"column":4},"end":{"line":89,"column":25}},"32":{"start":{"line":90,"column":4},"end":{"line":90,"column":63}},"33":{"start":{"line":95,"column":24},"end":{"line":95,"column":37}},"34":{"start":{"line":96,"column":32},"end":{"line":96,"column":40}},"35":{"start":{"line":98,"column":2},"end":{"line":114,"column":3}},"36":{"start":{"line":99,"column":24},"end":{"line":99,"column":65}},"37":{"start":{"line":101,"column":4},"end":{"line":103,"column":5}},"38":{"start":{"line":102,"column":6},"end":{"line":102,"column":73}},"39":{"start":{"line":105,"column":4},"end":{"line":105,"column":32}},"40":{"start":{"line":106,"column":4},"end":{"line":106,"column":38}},"41":{"start":{"line":108,"column":4},"end":{"line":108,"column":29}},"42":{"start":{"line":110,"column":4},"end":{"line":110,"column":26}},"43":{"start":{"line":112,"column":4},"end":{"line":112,"column":25}},"44":{"start":{"line":113,"column":4},"end":{"line":113,"column":63}},"45":{"start":{"line":118,"column":24},"end":{"line":118,"column":37}},"46":{"start":{"line":120,"column":2},"end":{"line":133,"column":3}},"47":{"start":{"line":121,"column":24},"end":{"line":121,"column":65}},"48":{"start":{"line":123,"column":4},"end":{"line":125,"column":5}},"49":{"start":{"line":124,"column":6},"end":{"line":124,"column":73}},"50":{"start":{"line":127,"column":4},"end":{"line":127,"column":32}},"51":{"start":{"line":129,"column":4},"end":{"line":129,"column":63}},"52":{"start":{"line":131,"column":4},"end":{"line":131,"column":25}},"53":{"start":{"line":132,"column":4},"end":{"line":132,"column":63}},"54":{"start":{"line":136,"column":0},"end":{"line":144,"column":2}}},"fnMap":{"0":{"name":"getroomService","decl":{"start":{"line":4,"column":15},"end":{"line":4,"column":29}},"loc":{"start":{"line":4,"column":40},"end":{"line":19,"column":1}},"line":4},"1":{"name":"getService","decl":{"start":{"line":21,"column":15},"end":{"line":21,"column":25}},"loc":{"start":{"line":21,"column":36},"end":{"line":36,"column":1}},"line":21},"2":{"name":"getRoomHaveAmenities","decl":{"start":{"line":38,"column":15},"end":{"line":38,"column":35}},"loc":{"start":{"line":38,"column":46},"end":{"line":53,"column":1}},"line":38},"3":{"name":"searchRoomsByAmenities","decl":{"start":{"line":56,"column":15},"end":{"line":56,"column":37}},"loc":{"start":{"line":56,"column":48},"end":{"line":75,"column":1}},"line":56},"4":{"name":"(anonymous_4)","decl":{"start":{"line":68,"column":34},"end":{"line":68,"column":35}},"loc":{"start":{"line":68,"column":51},"end":{"line":68,"column":67}},"line":68},"5":{"name":"addRoomAmenity","decl":{"start":{"line":78,"column":15},"end":{"line":78,"column":29}},"loc":{"start":{"line":78,"column":40},"end":{"line":92,"column":1}},"line":78},"6":{"name":"updateRoomAmenity","decl":{"start":{"line":94,"column":15},"end":{"line":94,"column":32}},"loc":{"start":{"line":94,"column":43},"end":{"line":115,"column":1}},"line":94},"7":{"name":"deleteRoomAmenity","decl":{"start":{"line":117,"column":15},"end":{"line":117,"column":32}},"loc":{"start":{"line":117,"column":43},"end":{"line":134,"column":1}},"line":117}},"branchMap":{"0":{"loc":{"start":{"line":101,"column":4},"end":{"line":103,"column":5}},"type":"if","locations":[{"start":{"line":101,"column":4},"end":{"line":103,"column":5}},{"start":{},"end":{}}],"line":101},"1":{"loc":{"start":{"line":123,"column":4},"end":{"line":125,"column":5}},"type":"if","locations":[{"start":{"line":123,"column":4},"end":{"line":125,"column":5}},{"start":{},"end":{}}],"line":123}},"s":{"0":1,"1":3,"2":3,"3":3,"4":2,"5":1,"6":1,"7":2,"8":2,"9":2,"10":1,"11":1,"12":1,"13":3,"14":3,"15":3,"16":2,"17":1,"18":1,"19":3,"20":3,"21":3,"22":2,"23":2,"24":2,"25":1,"26":1,"27":2,"28":2,"29":2,"30":1,"31":1,"32":1,"33":3,"34":3,"35":3,"36":3,"37":2,"38":1,"39":1,"40":1,"41":1,"42":1,"43":1,"44":1,"45":3,"46":3,"47":3,"48":2,"49":1,"50":1,"51":1,"52":1,"53":1,"54":1},"f":{"0":3,"1":2,"2":3,"3":3,"4":2,"5":2,"6":3,"7":3},"b":{"0":[1,1],"1":[1,1]},"_coverageSchema":"1a1c01bbd47fc00a2c39e90264f33305004495a9","hash":"5284ba17492cd36d12c92ab5090ac69230ebe3eb"}
,"/Users/td20318289/Workspace/Repo/LastingTrip/controllers/urlImageRoom.controller.js": {"path":"/Users/td20318289/Workspace/Repo/LastingTrip/controllers/urlImageRoom.controller.js","statementMap":{"0":{"start":{"line":1,"column":25},"end":{"line":1,"column":45}},"1":{"start":{"line":2,"column":19},"end":{"line":2,"column":43}},"2":{"start":{"line":3,"column":27},"end":{"line":28,"column":1}},"3":{"start":{"line":5,"column":4},"end":{"line":26,"column":5}},"4":{"start":{"line":6,"column":25},"end":{"line":6,"column":33}},"5":{"start":{"line":8,"column":24},"end":{"line":8,"column":27}},"6":{"start":{"line":9,"column":6},"end":{"line":9,"column":25}},"7":{"start":{"line":11,"column":6},"end":{"line":21,"column":7}},"8":{"start":{"line":12,"column":26},"end":{"line":12,"column":35}},"9":{"start":{"line":13,"column":21},"end":{"line":13,"column":34}},"10":{"start":{"line":16,"column":31},"end":{"line":20,"column":10}},"11":{"start":{"line":22,"column":6},"end":{"line":22,"column":41}},"12":{"start":{"line":24,"column":6},"end":{"line":24,"column":53}},"13":{"start":{"line":25,"column":6},"end":{"line":25,"column":34}},"14":{"start":{"line":30,"column":28},"end":{"line":43,"column":1}},"15":{"start":{"line":31,"column":21},"end":{"line":31,"column":30}},"16":{"start":{"line":33,"column":2},"end":{"line":42,"column":3}},"17":{"start":{"line":34,"column":17},"end":{"line":34,"column":74}},"18":{"start":{"line":35,"column":4},"end":{"line":37,"column":5}},"19":{"start":{"line":36,"column":6},"end":{"line":36,"column":66}},"20":{"start":{"line":38,"column":4},"end":{"line":38,"column":31}},"21":{"start":{"line":40,"column":4},"end":{"line":40,"column":52}},"22":{"start":{"line":41,"column":4},"end":{"line":41,"column":61}},"23":{"start":{"line":45,"column":27},"end":{"line":60,"column":1}},"24":{"start":{"line":46,"column":17},"end":{"line":46,"column":27}},"25":{"start":{"line":47,"column":26},"end":{"line":47,"column":34}},"26":{"start":{"line":49,"column":2},"end":{"line":59,"column":3}},"27":{"start":{"line":50,"column":20},"end":{"line":50,"column":51}},"28":{"start":{"line":51,"column":4},"end":{"line":53,"column":5}},"29":{"start":{"line":52,"column":6},"end":{"line":52,"column":66}},"30":{"start":{"line":54,"column":4},"end":{"line":54,"column":42}},"31":{"start":{"line":55,"column":4},"end":{"line":55,"column":34}},"32":{"start":{"line":57,"column":4},"end":{"line":57,"column":52}},"33":{"start":{"line":58,"column":4},"end":{"line":58,"column":61}},"34":{"start":{"line":62,"column":27},"end":{"line":82,"column":1}},"35":{"start":{"line":63,"column":17},"end":{"line":63,"column":27}},"36":{"start":{"line":65,"column":2},"end":{"line":81,"column":3}},"37":{"start":{"line":66,"column":20},"end":{"line":70,"column":6}},"38":{"start":{"line":72,"column":4},"end":{"line":74,"column":5}},"39":{"start":{"line":73,"column":6},"end":{"line":73,"column":66}},"40":{"start":{"line":75,"column":4},"end":{"line":75,"column":57}},"41":{"start":{"line":76,"column":4},"end":{"line":76,"column":28}},"42":{"start":{"line":77,"column":4},"end":{"line":77,"column":26}},"43":{"start":{"line":79,"column":4},"end":{"line":79,"column":52}},"44":{"start":{"line":80,"column":4},"end":{"line":80,"column":61}},"45":{"start":{"line":84,"column":27},"end":{"line":97,"column":1}},"46":{"start":{"line":85,"column":2},"end":{"line":96,"column":3}},"47":{"start":{"line":86,"column":26},"end":{"line":86,"column":54}},"48":{"start":{"line":88,"column":4},"end":{"line":90,"column":5}},"49":{"start":{"line":89,"column":6},"end":{"line":89,"column":78}},"50":{"start":{"line":92,"column":4},"end":{"line":92,"column":40}},"51":{"start":{"line":94,"column":4},"end":{"line":94,"column":65}},"52":{"start":{"line":95,"column":4},"end":{"line":95,"column":61}},"53":{"start":{"line":99,"column":0},"end":{"line":105,"column":2}}},"fnMap":{"0":{"name":"(anonymous_0)","decl":{"start":{"line":3,"column":27},"end":{"line":3,"column":28}},"loc":{"start":{"line":3,"column":47},"end":{"line":28,"column":1}},"line":3},"1":{"name":"(anonymous_1)","decl":{"start":{"line":30,"column":28},"end":{"line":30,"column":29}},"loc":{"start":{"line":30,"column":48},"end":{"line":43,"column":1}},"line":30},"2":{"name":"(anonymous_2)","decl":{"start":{"line":45,"column":27},"end":{"line":45,"column":28}},"loc":{"start":{"line":45,"column":47},"end":{"line":60,"column":1}},"line":45},"3":{"name":"(anonymous_3)","decl":{"start":{"line":62,"column":27},"end":{"line":62,"column":28}},"loc":{"start":{"line":62,"column":47},"end":{"line":82,"column":1}},"line":62},"4":{"name":"(anonymous_4)","decl":{"start":{"line":84,"column":27},"end":{"line":84,"column":28}},"loc":{"start":{"line":84,"column":47},"end":{"line":97,"column":1}},"line":84}},"branchMap":{"0":{"loc":{"start":{"line":35,"column":4},"end":{"line":37,"column":5}},"type":"if","locations":[{"start":{"line":35,"column":4},"end":{"line":37,"column":5}},{"start":{},"end":{}}],"line":35},"1":{"loc":{"start":{"line":51,"column":4},"end":{"line":53,"column":5}},"type":"if","locations":[{"start":{"line":51,"column":4},"end":{"line":53,"column":5}},{"start":{},"end":{}}],"line":51},"2":{"loc":{"start":{"line":72,"column":4},"end":{"line":74,"column":5}},"type":"if","locations":[{"start":{"line":72,"column":4},"end":{"line":74,"column":5}},{"start":{},"end":{}}],"line":72},"3":{"loc":{"start":{"line":88,"column":4},"end":{"line":90,"column":5}},"type":"if","locations":[{"start":{"line":88,"column":4},"end":{"line":90,"column":5}},{"start":{},"end":{}}],"line":88},"4":{"loc":{"start":{"line":88,"column":8},"end":{"line":88,"column":52}},"type":"binary-expr","locations":[{"start":{"line":88,"column":8},"end":{"line":88,"column":22}},{"start":{"line":88,"column":26},"end":{"line":88,"column":52}}],"line":88}},"s":{"0":1,"1":1,"2":1,"3":2,"4":2,"5":2,"6":2,"7":2,"8":3,"9":3,"10":3,"11":1,"12":1,"13":1,"14":1,"15":2,"16":2,"17":2,"18":1,"19":0,"20":1,"21":1,"22":1,"23":1,"24":3,"25":3,"26":3,"27":3,"28":2,"29":1,"30":1,"31":1,"32":1,"33":1,"34":1,"35":3,"36":3,"37":3,"38":2,"39":1,"40":1,"41":1,"42":1,"43":1,"44":1,"45":1,"46":3,"47":3,"48":2,"49":1,"50":1,"51":1,"52":1,"53":1},"f":{"0":2,"1":2,"2":3,"3":3,"4":3},"b":{"0":[0,1],"1":[1,1],"2":[1,1],"3":[1,1],"4":[2,2]},"_coverageSchema":"1a1c01bbd47fc00a2c39e90264f33305004495a9","hash":"6bdb40d2f3c878537714fd21b72fbd159f1ad72a"}
,"/Users/td20318289/Workspace/Repo/LastingTrip/controllers/urlimagehotel.controller.js": {"path":"/Users/td20318289/Workspace/Repo/LastingTrip/controllers/urlimagehotel.controller.js","statementMap":{"0":{"start":{"line":1,"column":26},"end":{"line":1,"column":46}},"1":{"start":{"line":2,"column":24},"end":{"line":2,"column":42}},"2":{"start":{"line":3,"column":19},"end":{"line":3,"column":43}},"3":{"start":{"line":4,"column":30},"end":{"line":4,"column":66}},"4":{"start":{"line":5,"column":28},"end":{"line":27,"column":1}},"5":{"start":{"line":6,"column":2},"end":{"line":26,"column":3}},"6":{"start":{"line":7,"column":24},"end":{"line":7,"column":32}},"7":{"start":{"line":8,"column":22},"end":{"line":8,"column":25}},"8":{"start":{"line":9,"column":4},"end":{"line":9,"column":23}},"9":{"start":{"line":11,"column":4},"end":{"line":21,"column":5}},"10":{"start":{"line":12,"column":24},"end":{"line":12,"column":33}},"11":{"start":{"line":13,"column":19},"end":{"line":13,"column":32}},"12":{"start":{"line":16,"column":29},"end":{"line":20,"column":8}},"13":{"start":{"line":22,"column":4},"end":{"line":22,"column":39}},"14":{"start":{"line":24,"column":4},"end":{"line":24,"column":51}},"15":{"start":{"line":25,"column":4},"end":{"line":25,"column":32}},"16":{"start":{"line":29,"column":29},"end":{"line":56,"column":1}},"17":{"start":{"line":30,"column":22},"end":{"line":30,"column":31}},"18":{"start":{"line":31,"column":2},"end":{"line":55,"column":3}},"19":{"start":{"line":33,"column":17},"end":{"line":33,"column":77}},"20":{"start":{"line":34,"column":4},"end":{"line":38,"column":5}},"21":{"start":{"line":35,"column":6},"end":{"line":37,"column":65}},"22":{"start":{"line":41,"column":22},"end":{"line":48,"column":6}},"23":{"start":{"line":43,"column":27},"end":{"line":43,"column":56}},"24":{"start":{"line":44,"column":6},"end":{"line":47,"column":8}},"25":{"start":{"line":51,"column":4},"end":{"line":51,"column":36}},"26":{"start":{"line":53,"column":4},"end":{"line":53,"column":55}},"27":{"start":{"line":54,"column":4},"end":{"line":54,"column":61}},"28":{"start":{"line":58,"column":28},"end":{"line":73,"column":1}},"29":{"start":{"line":59,"column":17},"end":{"line":59,"column":27}},"30":{"start":{"line":60,"column":27},"end":{"line":60,"column":35}},"31":{"start":{"line":62,"column":2},"end":{"line":72,"column":3}},"32":{"start":{"line":63,"column":21},"end":{"line":63,"column":53}},"33":{"start":{"line":64,"column":4},"end":{"line":66,"column":5}},"34":{"start":{"line":65,"column":6},"end":{"line":65,"column":67}},"35":{"start":{"line":67,"column":4},"end":{"line":67,"column":44}},"36":{"start":{"line":68,"column":4},"end":{"line":68,"column":35}},"37":{"start":{"line":70,"column":4},"end":{"line":70,"column":53}},"38":{"start":{"line":71,"column":4},"end":{"line":71,"column":61}},"39":{"start":{"line":74,"column":28},"end":{"line":97,"column":1}},"40":{"start":{"line":75,"column":17},"end":{"line":75,"column":27}},"41":{"start":{"line":77,"column":2},"end":{"line":96,"column":3}},"42":{"start":{"line":79,"column":26},"end":{"line":79,"column":58}},"43":{"start":{"line":81,"column":4},"end":{"line":83,"column":5}},"44":{"start":{"line":82,"column":6},"end":{"line":82,"column":74}},"45":{"start":{"line":86,"column":4},"end":{"line":86,"column":63}},"46":{"start":{"line":89,"column":4},"end":{"line":89,"column":34}},"47":{"start":{"line":92,"column":4},"end":{"line":92,"column":47}},"48":{"start":{"line":94,"column":4},"end":{"line":94,"column":45}},"49":{"start":{"line":95,"column":4},"end":{"line":95,"column":58}},"50":{"start":{"line":99,"column":28},"end":{"line":112,"column":1}},"51":{"start":{"line":100,"column":2},"end":{"line":111,"column":3}},"52":{"start":{"line":101,"column":27},"end":{"line":101,"column":56}},"53":{"start":{"line":103,"column":4},"end":{"line":105,"column":5}},"54":{"start":{"line":104,"column":6},"end":{"line":104,"column":79}},"55":{"start":{"line":107,"column":4},"end":{"line":107,"column":41}},"56":{"start":{"line":109,"column":4},"end":{"line":109,"column":66}},"57":{"start":{"line":110,"column":4},"end":{"line":110,"column":61}},"58":{"start":{"line":114,"column":0},"end":{"line":120,"column":2}}},"fnMap":{"0":{"name":"(anonymous_0)","decl":{"start":{"line":5,"column":28},"end":{"line":5,"column":29}},"loc":{"start":{"line":5,"column":48},"end":{"line":27,"column":1}},"line":5},"1":{"name":"(anonymous_1)","decl":{"start":{"line":29,"column":29},"end":{"line":29,"column":30}},"loc":{"start":{"line":29,"column":49},"end":{"line":56,"column":1}},"line":29},"2":{"name":"(anonymous_2)","decl":{"start":{"line":41,"column":31},"end":{"line":41,"column":32}},"loc":{"start":{"line":41,"column":42},"end":{"line":48,"column":5}},"line":41},"3":{"name":"(anonymous_3)","decl":{"start":{"line":58,"column":28},"end":{"line":58,"column":29}},"loc":{"start":{"line":58,"column":48},"end":{"line":73,"column":1}},"line":58},"4":{"name":"(anonymous_4)","decl":{"start":{"line":74,"column":28},"end":{"line":74,"column":29}},"loc":{"start":{"line":74,"column":48},"end":{"line":97,"column":1}},"line":74},"5":{"name":"(anonymous_5)","decl":{"start":{"line":99,"column":28},"end":{"line":99,"column":29}},"loc":{"start":{"line":99,"column":48},"end":{"line":112,"column":1}},"line":99}},"branchMap":{"0":{"loc":{"start":{"line":34,"column":4},"end":{"line":38,"column":5}},"type":"if","locations":[{"start":{"line":34,"column":4},"end":{"line":38,"column":5}},{"start":{},"end":{}}],"line":34},"1":{"loc":{"start":{"line":34,"column":8},"end":{"line":34,"column":34}},"type":"binary-expr","locations":[{"start":{"line":34,"column":8},"end":{"line":34,"column":13}},{"start":{"line":34,"column":17},"end":{"line":34,"column":34}}],"line":34},"2":{"loc":{"start":{"line":64,"column":4},"end":{"line":66,"column":5}},"type":"if","locations":[{"start":{"line":64,"column":4},"end":{"line":66,"column":5}},{"start":{},"end":{}}],"line":64},"3":{"loc":{"start":{"line":81,"column":4},"end":{"line":83,"column":5}},"type":"if","locations":[{"start":{"line":81,"column":4},"end":{"line":83,"column":5}},{"start":{},"end":{}}],"line":81},"4":{"loc":{"start":{"line":103,"column":4},"end":{"line":105,"column":5}},"type":"if","locations":[{"start":{"line":103,"column":4},"end":{"line":105,"column":5}},{"start":{},"end":{}}],"line":103},"5":{"loc":{"start":{"line":103,"column":8},"end":{"line":103,"column":54}},"type":"binary-expr","locations":[{"start":{"line":103,"column":8},"end":{"line":103,"column":23}},{"start":{"line":103,"column":27},"end":{"line":103,"column":54}}],"line":103}},"s":{"0":1,"1":1,"2":1,"3":1,"4":1,"5":2,"6":2,"7":2,"8":2,"9":2,"10":3,"11":3,"12":3,"13":1,"14":1,"15":1,"16":1,"17":0,"18":0,"19":0,"20":0,"21":0,"22":0,"23":0,"24":0,"25":0,"26":0,"27":0,"28":1,"29":3,"30":3,"31":3,"32":3,"33":2,"34":1,"35":1,"36":1,"37":1,"38":1,"39":1,"40":3,"41":3,"42":3,"43":2,"44":1,"45":1,"46":1,"47":1,"48":1,"49":1,"50":1,"51":6,"52":6,"53":4,"54":2,"55":2,"56":2,"57":2,"58":1},"f":{"0":2,"1":0,"2":0,"3":3,"4":3,"5":6},"b":{"0":[0,0],"1":[0,0],"2":[1,1],"3":[1,1],"4":[2,2],"5":[4,4]},"_coverageSchema":"1a1c01bbd47fc00a2c39e90264f33305004495a9","hash":"1cadb86df7e2312bb58a66dbebfb35ae03e21a15"}
}
