{"/Users/td20318289/Workspace/Repo/LastingTrip-test/controllers/amenities.controller.js": {"path":"/Users/td20318289/Workspace/Repo/LastingTrip-test/controllers/amenities.controller.js","statementMap":{"0":{"start":{"line":1,"column":22},"end":{"line":1,"column":42}},"1":{"start":{"line":3,"column":15},"end":{"line":3,"column":35}},"2":{"start":{"line":4,"column":22},"end":{"line":33,"column":1}},"3":{"start":{"line":5,"column":27},"end":{"line":5,"column":35}},"4":{"start":{"line":8,"column":2},"end":{"line":10,"column":3}},"5":{"start":{"line":9,"column":4},"end":{"line":9,"column":68}},"6":{"start":{"line":12,"column":2},"end":{"line":14,"column":3}},"7":{"start":{"line":13,"column":4},"end":{"line":13,"column":70}},"8":{"start":{"line":16,"column":2},"end":{"line":18,"column":3}},"9":{"start":{"line":17,"column":4},"end":{"line":17,"column":69}},"10":{"start":{"line":20,"column":2},"end":{"line":22,"column":3}},"11":{"start":{"line":21,"column":4},"end":{"line":21,"column":68}},"12":{"start":{"line":24,"column":2},"end":{"line":32,"column":3}},"13":{"start":{"line":25,"column":23},"end":{"line":28,"column":6}},"14":{"start":{"line":29,"column":4},"end":{"line":29,"column":37}},"15":{"start":{"line":31,"column":4},"end":{"line":31,"column":32}},"16":{"start":{"line":35,"column":22},"end":{"line":58,"column":1}},"17":{"start":{"line":36,"column":25},"end":{"line":36,"column":34}},"18":{"start":{"line":37,"column":2},"end":{"line":57,"column":3}},"19":{"start":{"line":38,"column":23},"end":{"line":38,"column":25}},"20":{"start":{"line":40,"column":4},"end":{"line":44,"column":5}},"21":{"start":{"line":41,"column":6},"end":{"line":43,"column":8}},"22":{"start":{"line":46,"column":4},"end":{"line":48,"column":5}},"23":{"start":{"line":47,"column":6},"end":{"line":47,"column":31}},"24":{"start":{"line":50,"column":24},"end":{"line":52,"column":6}},"25":{"start":{"line":54,"column":4},"end":{"line":54,"column":38}},"26":{"start":{"line":56,"column":4},"end":{"line":56,"column":32}},"27":{"start":{"line":60,"column":25},"end":{"line":80,"column":1}},"28":{"start":{"line":61,"column":17},"end":{"line":61,"column":27}},"29":{"start":{"line":62,"column":2},"end":{"line":64,"column":3}},"30":{"start":{"line":63,"column":4},"end":{"line":63,"column":66}},"31":{"start":{"line":65,"column":2},"end":{"line":79,"column":3}},"32":{"start":{"line":66,"column":26},"end":{"line":70,"column":6}},"33":{"start":{"line":71,"column":4},"end":{"line":73,"column":5}},"34":{"start":{"line":72,"column":6},"end":{"line":72,"column":69}},"35":{"start":{"line":74,"column":4},"end":{"line":74,"column":40}},"36":{"start":{"line":76,"column":4},"end":{"line":78,"column":72}},"37":{"start":{"line":115,"column":0},"end":{"line":122,"column":2}}},"fnMap":{"0":{"name":"(anonymous_0)","decl":{"start":{"line":4,"column":22},"end":{"line":4,"column":23}},"loc":{"start":{"line":4,"column":42},"end":{"line":33,"column":1}},"line":4},"1":{"name":"(anonymous_1)","decl":{"start":{"line":35,"column":22},"end":{"line":35,"column":23}},"loc":{"start":{"line":35,"column":42},"end":{"line":58,"column":1}},"line":35},"2":{"name":"(anonymous_2)","decl":{"start":{"line":60,"column":25},"end":{"line":60,"column":26}},"loc":{"start":{"line":60,"column":45},"end":{"line":80,"column":1}},"line":60}},"branchMap":{"0":{"loc":{"start":{"line":8,"column":2},"end":{"line":10,"column":3}},"type":"if","locations":[{"start":{"line":8,"column":2},"end":{"line":10,"column":3}},{"start":{},"end":{}}],"line":8},"1":{"loc":{"start":{"line":8,"column":6},"end":{"line":8,"column":61}},"type":"binary-expr","locations":[{"start":{"line":8,"column":6},"end":{"line":8,"column":11}},{"start":{"line":8,"column":15},"end":{"line":8,"column":39}},{"start":{"line":8,"column":43},"end":{"line":8,"column":61}}],"line":8},"2":{"loc":{"start":{"line":12,"column":2},"end":{"line":14,"column":3}},"type":"if","locations":[{"start":{"line":12,"column":2},"end":{"line":14,"column":3}},{"start":{},"end":{}}],"line":12},"3":{"loc":{"start":{"line":12,"column":6},"end":{"line":12,"column":67}},"type":"binary-expr","locations":[{"start":{"line":12,"column":6},"end":{"line":12,"column":13}},{"start":{"line":12,"column":17},"end":{"line":12,"column":43}},{"start":{"line":12,"column":47},"end":{"line":12,"column":67}}],"line":12},"4":{"loc":{"start":{"line":16,"column":2},"end":{"line":18,"column":3}},"type":"if","locations":[{"start":{"line":16,"column":2},"end":{"line":18,"column":3}},{"start":{},"end":{}}],"line":16},"5":{"loc":{"start":{"line":20,"column":2},"end":{"line":22,"column":3}},"type":"if","locations":[{"start":{"line":20,"column":2},"end":{"line":22,"column":3}},{"start":{},"end":{}}],"line":20},"6":{"loc":{"start":{"line":40,"column":4},"end":{"line":44,"column":5}},"type":"if","locations":[{"start":{"line":40,"column":4},"end":{"line":44,"column":5}},{"start":{},"end":{}}],"line":40},"7":{"loc":{"start":{"line":46,"column":4},"end":{"line":48,"column":5}},"type":"if","locations":[{"start":{"line":46,"column":4},"end":{"line":48,"column":5}},{"start":{},"end":{}}],"line":46},"8":{"loc":{"start":{"line":62,"column":2},"end":{"line":64,"column":3}},"type":"if","locations":[{"start":{"line":62,"column":2},"end":{"line":64,"column":3}},{"start":{},"end":{}}],"line":62},"9":{"loc":{"start":{"line":71,"column":4},"end":{"line":73,"column":5}},"type":"if","locations":[{"start":{"line":71,"column":4},"end":{"line":73,"column":5}},{"start":{},"end":{}}],"line":71}},"s":{"0":1,"1":1,"2":1,"3":11,"4":11,"5":4,"6":7,"7":3,"8":4,"9":1,"10":3,"11":1,"12":2,"13":2,"14":1,"15":1,"16":1,"17":3,"18":3,"19":3,"20":3,"21":2,"22":3,"23":1,"24":3,"25":2,"26":1,"27":1,"28":3,"29":3,"30":0,"31":3,"32":3,"33":2,"34":1,"35":1,"36":1,"37":1},"f":{"0":11,"1":3,"2":3},"b":{"0":[4,7],"1":[11,8,7],"2":[3,4],"3":[7,5,4],"4":[1,3],"5":[1,2],"6":[2,1],"7":[1,2],"8":[0,3],"9":[1,1]},"_coverageSchema":"1a1c01bbd47fc00a2c39e90264f33305004495a9","hash":"cad0023673b99b8cb0e1a2440b97816ab5e89405"}
,"/Users/td20318289/Workspace/Repo/LastingTrip-test/controllers/authen.controller.js": {"path":"/Users/td20318289/Workspace/Repo/LastingTrip-test/controllers/authen.controller.js","statementMap":{"0":{"start":{"line":1,"column":17},"end":{"line":1,"column":37}},"1":{"start":{"line":2,"column":15},"end":{"line":2,"column":34}},"2":{"start":{"line":3,"column":12},"end":{"line":3,"column":35}},"3":{"start":{"line":4,"column":19},"end":{"line":4,"column":40}},"4":{"start":{"line":5,"column":0},"end":{"line":5,"column":27}},"5":{"start":{"line":7,"column":17},"end":{"line":24,"column":1}},"6":{"start":{"line":8,"column":49},"end":{"line":8,"column":57}},"7":{"start":{"line":9,"column":2},"end":{"line":23,"column":3}},"8":{"start":{"line":11,"column":17},"end":{"line":11,"column":39}},"9":{"start":{"line":13,"column":25},"end":{"line":13,"column":56}},"10":{"start":{"line":14,"column":20},"end":{"line":19,"column":6}},"11":{"start":{"line":20,"column":4},"end":{"line":20,"column":34}},"12":{"start":{"line":22,"column":4},"end":{"line":22,"column":32}},"13":{"start":{"line":25,"column":14},"end":{"line":53,"column":1}},"14":{"start":{"line":26,"column":30},"end":{"line":26,"column":38}},"15":{"start":{"line":29,"column":15},"end":{"line":33,"column":4}},"16":{"start":{"line":34,"column":2},"end":{"line":52,"column":3}},"17":{"start":{"line":35,"column":18},"end":{"line":39,"column":5}},"18":{"start":{"line":40,"column":21},"end":{"line":40,"column":64}},"19":{"start":{"line":41,"column":4},"end":{"line":49,"column":5}},"20":{"start":{"line":42,"column":6},"end":{"line":44,"column":78}},"21":{"start":{"line":46,"column":6},"end":{"line":48,"column":72}},"22":{"start":{"line":51,"column":4},"end":{"line":51,"column":65}},"23":{"start":{"line":55,"column":23},"end":{"line":90,"column":1}},"24":{"start":{"line":56,"column":20},"end":{"line":56,"column":28}},"25":{"start":{"line":57,"column":2},"end":{"line":89,"column":3}},"26":{"start":{"line":58,"column":17},"end":{"line":58,"column":57}},"27":{"start":{"line":59,"column":4},"end":{"line":61,"column":5}},"28":{"start":{"line":60,"column":6},"end":{"line":60,"column":65}},"29":{"start":{"line":64,"column":18},"end":{"line":66,"column":6}},"30":{"start":{"line":69,"column":24},"end":{"line":75,"column":6}},"31":{"start":{"line":77,"column":24},"end":{"line":82,"column":5}},"32":{"start":{"line":84,"column":4},"end":{"line":84,"column":44}},"33":{"start":{"line":85,"column":4},"end":{"line":85,"column":67}},"34":{"start":{"line":87,"column":4},"end":{"line":87,"column":25}},"35":{"start":{"line":88,"column":4},"end":{"line":88,"column":63}},"36":{"start":{"line":92,"column":22},"end":{"line":120,"column":1}},"37":{"start":{"line":93,"column":33},"end":{"line":93,"column":41}},"38":{"start":{"line":94,"column":2},"end":{"line":94,"column":40}},"39":{"start":{"line":96,"column":2},"end":{"line":98,"column":3}},"40":{"start":{"line":97,"column":4},"end":{"line":97,"column":73}},"41":{"start":{"line":100,"column":2},"end":{"line":119,"column":3}},"42":{"start":{"line":101,"column":20},"end":{"line":101,"column":61}},"43":{"start":{"line":102,"column":17},"end":{"line":102,"column":72}},"44":{"start":{"line":103,"column":4},"end":{"line":103,"column":22}},"45":{"start":{"line":105,"column":4},"end":{"line":107,"column":5}},"46":{"start":{"line":106,"column":6},"end":{"line":106,"column":75}},"47":{"start":{"line":110,"column":17},"end":{"line":110,"column":39}},"48":{"start":{"line":111,"column":25},"end":{"line":111,"column":59}},"49":{"start":{"line":112,"column":4},"end":{"line":112,"column":33}},"50":{"start":{"line":113,"column":4},"end":{"line":113,"column":22}},"51":{"start":{"line":115,"column":4},"end":{"line":115,"column":69}},"52":{"start":{"line":117,"column":4},"end":{"line":117,"column":25}},"53":{"start":{"line":118,"column":4},"end":{"line":118,"column":63}},"54":{"start":{"line":122,"column":0},"end":{"line":127,"column":2}}},"fnMap":{"0":{"name":"(anonymous_0)","decl":{"start":{"line":7,"column":17},"end":{"line":7,"column":18}},"loc":{"start":{"line":7,"column":37},"end":{"line":24,"column":1}},"line":7},"1":{"name":"(anonymous_1)","decl":{"start":{"line":25,"column":14},"end":{"line":25,"column":15}},"loc":{"start":{"line":25,"column":34},"end":{"line":53,"column":1}},"line":25},"2":{"name":"(anonymous_2)","decl":{"start":{"line":55,"column":23},"end":{"line":55,"column":24}},"loc":{"start":{"line":55,"column":43},"end":{"line":90,"column":1}},"line":55},"3":{"name":"(anonymous_3)","decl":{"start":{"line":92,"column":22},"end":{"line":92,"column":23}},"loc":{"start":{"line":92,"column":42},"end":{"line":120,"column":1}},"line":92}},"branchMap":{"0":{"loc":{"start":{"line":34,"column":2},"end":{"line":52,"column":3}},"type":"if","locations":[{"start":{"line":34,"column":2},"end":{"line":52,"column":3}},{"start":{"line":50,"column":9},"end":{"line":52,"column":3}}],"line":34},"1":{"loc":{"start":{"line":41,"column":4},"end":{"line":49,"column":5}},"type":"if","locations":[{"start":{"line":41,"column":4},"end":{"line":49,"column":5}},{"start":{"line":45,"column":11},"end":{"line":49,"column":5}}],"line":41},"2":{"loc":{"start":{"line":59,"column":4},"end":{"line":61,"column":5}},"type":"if","locations":[{"start":{"line":59,"column":4},"end":{"line":61,"column":5}},{"start":{},"end":{}}],"line":59},"3":{"loc":{"start":{"line":96,"column":2},"end":{"line":98,"column":3}},"type":"if","locations":[{"start":{"line":96,"column":2},"end":{"line":98,"column":3}},{"start":{},"end":{}}],"line":96},"4":{"loc":{"start":{"line":105,"column":4},"end":{"line":107,"column":5}},"type":"if","locations":[{"start":{"line":105,"column":4},"end":{"line":107,"column":5}},{"start":{},"end":{}}],"line":105}},"s":{"0":1,"1":1,"2":1,"3":1,"4":1,"5":1,"6":0,"7":0,"8":0,"9":0,"10":0,"11":0,"12":0,"13":1,"14":0,"15":0,"16":0,"17":0,"18":0,"19":0,"20":0,"21":0,"22":0,"23":1,"24":3,"25":3,"26":3,"27":2,"28":1,"29":1,"30":1,"31":1,"32":1,"33":1,"34":1,"35":1,"36":1,"37":4,"38":4,"39":4,"40":1,"41":3,"42":3,"43":2,"44":2,"45":2,"46":1,"47":1,"48":1,"49":1,"50":1,"51":1,"52":1,"53":1,"54":1},"f":{"0":0,"1":0,"2":3,"3":4},"b":{"0":[0,0],"1":[0,0],"2":[1,1],"3":[1,3],"4":[1,1]},"_coverageSchema":"1a1c01bbd47fc00a2c39e90264f33305004495a9","hash":"124f231d1543e8c820648beaf0fc59c9d02b8db6"}
,"/Users/td20318289/Workspace/Repo/LastingTrip-test/controllers/coupons.controllers.js": {"path":"/Users/td20318289/Workspace/Repo/LastingTrip-test/controllers/coupons.controllers.js","statementMap":{"0":{"start":{"line":1,"column":20},"end":{"line":1,"column":40}},"1":{"start":{"line":2,"column":13},"end":{"line":2,"column":41}},"2":{"start":{"line":4,"column":15},"end":{"line":42,"column":1}},"3":{"start":{"line":5,"column":40},"end":{"line":5,"column":48}},"4":{"start":{"line":7,"column":2},"end":{"line":11,"column":3}},"5":{"start":{"line":8,"column":4},"end":{"line":10,"column":67}},"6":{"start":{"line":13,"column":2},"end":{"line":17,"column":3}},"7":{"start":{"line":14,"column":4},"end":{"line":16,"column":72}},"8":{"start":{"line":19,"column":2},"end":{"line":23,"column":3}},"9":{"start":{"line":20,"column":4},"end":{"line":22,"column":65}},"10":{"start":{"line":25,"column":2},"end":{"line":29,"column":3}},"11":{"start":{"line":26,"column":4},"end":{"line":28,"column":66}},"12":{"start":{"line":31,"column":2},"end":{"line":41,"column":3}},"13":{"start":{"line":32,"column":22},"end":{"line":37,"column":6}},"14":{"start":{"line":38,"column":4},"end":{"line":38,"column":36}},"15":{"start":{"line":40,"column":4},"end":{"line":40,"column":61}},"16":{"start":{"line":44,"column":21},"end":{"line":51,"column":1}},"17":{"start":{"line":45,"column":2},"end":{"line":50,"column":3}},"18":{"start":{"line":46,"column":23},"end":{"line":46,"column":46}},"19":{"start":{"line":47,"column":4},"end":{"line":47,"column":37}},"20":{"start":{"line":49,"column":4},"end":{"line":49,"column":63}},"21":{"start":{"line":53,"column":22},"end":{"line":61,"column":1}},"22":{"start":{"line":54,"column":2},"end":{"line":60,"column":3}},"23":{"start":{"line":55,"column":19},"end":{"line":55,"column":55}},"24":{"start":{"line":56,"column":4},"end":{"line":56,"column":49}},"25":{"start":{"line":58,"column":4},"end":{"line":58,"column":25}},"26":{"start":{"line":59,"column":4},"end":{"line":59,"column":50}},"27":{"start":{"line":63,"column":19},"end":{"line":130,"column":1}},"28":{"start":{"line":64,"column":2},"end":{"line":129,"column":3}},"29":{"start":{"line":65,"column":21},"end":{"line":65,"column":34}},"30":{"start":{"line":66,"column":42},"end":{"line":66,"column":50}},"31":{"start":{"line":69,"column":4},"end":{"line":73,"column":5}},"32":{"start":{"line":70,"column":6},"end":{"line":72,"column":65}},"33":{"start":{"line":75,"column":4},"end":{"line":82,"column":5}},"34":{"start":{"line":79,"column":6},"end":{"line":81,"column":74}},"35":{"start":{"line":84,"column":4},"end":{"line":86,"column":5}},"36":{"start":{"line":85,"column":6},"end":{"line":85,"column":78}},"37":{"start":{"line":88,"column":4},"end":{"line":90,"column":5}},"38":{"start":{"line":89,"column":6},"end":{"line":89,"column":76}},"39":{"start":{"line":92,"column":4},"end":{"line":96,"column":5}},"40":{"start":{"line":93,"column":6},"end":{"line":95,"column":68}},"41":{"start":{"line":98,"column":25},"end":{"line":102,"column":6}},"42":{"start":{"line":104,"column":4},"end":{"line":109,"column":5}},"43":{"start":{"line":105,"column":6},"end":{"line":108,"column":9}},"44":{"start":{"line":112,"column":4},"end":{"line":112,"column":39}},"45":{"start":{"line":112,"column":14},"end":{"line":112,"column":39}},"46":{"start":{"line":113,"column":4},"end":{"line":113,"column":62}},"47":{"start":{"line":113,"column":31},"end":{"line":113,"column":62}},"48":{"start":{"line":114,"column":4},"end":{"line":114,"column":42}},"49":{"start":{"line":114,"column":15},"end":{"line":114,"column":42}},"50":{"start":{"line":115,"column":4},"end":{"line":115,"column":36}},"51":{"start":{"line":115,"column":13},"end":{"line":115,"column":36}},"52":{"start":{"line":117,"column":25},"end":{"line":117,"column":50}},"53":{"start":{"line":118,"column":4},"end":{"line":123,"column":5}},"54":{"start":{"line":119,"column":6},"end":{"line":122,"column":9}},"55":{"start":{"line":125,"column":4},"end":{"line":125,"column":43}},"56":{"start":{"line":127,"column":4},"end":{"line":127,"column":25}},"57":{"start":{"line":128,"column":4},"end":{"line":128,"column":61}},"58":{"start":{"line":132,"column":21},"end":{"line":146,"column":1}},"59":{"start":{"line":133,"column":2},"end":{"line":145,"column":3}},"60":{"start":{"line":134,"column":21},"end":{"line":134,"column":34}},"61":{"start":{"line":135,"column":19},"end":{"line":135,"column":69}},"62":{"start":{"line":137,"column":4},"end":{"line":139,"column":5}},"63":{"start":{"line":138,"column":6},"end":{"line":138,"column":67}},"64":{"start":{"line":141,"column":4},"end":{"line":141,"column":76}},"65":{"start":{"line":143,"column":4},"end":{"line":143,"column":25}},"66":{"start":{"line":144,"column":4},"end":{"line":144,"column":63}},"67":{"start":{"line":148,"column":24},"end":{"line":169,"column":1}},"68":{"start":{"line":149,"column":2},"end":{"line":168,"column":3}},"69":{"start":{"line":150,"column":25},"end":{"line":154,"column":6}},"70":{"start":{"line":156,"column":4},"end":{"line":160,"column":5}},"71":{"start":{"line":157,"column":6},"end":{"line":159,"column":9}},"72":{"start":{"line":162,"column":4},"end":{"line":162,"column":39}},"73":{"start":{"line":164,"column":4},"end":{"line":164,"column":51}},"74":{"start":{"line":165,"column":4},"end":{"line":167,"column":7}},"75":{"start":{"line":171,"column":24},"end":{"line":200,"column":1}},"76":{"start":{"line":172,"column":2},"end":{"line":199,"column":3}},"77":{"start":{"line":173,"column":23},"end":{"line":173,"column":38}},"78":{"start":{"line":176,"column":4},"end":{"line":184,"column":5}},"79":{"start":{"line":181,"column":6},"end":{"line":183,"column":79}},"80":{"start":{"line":186,"column":19},"end":{"line":190,"column":6}},"81":{"start":{"line":192,"column":4},"end":{"line":194,"column":5}},"82":{"start":{"line":193,"column":6},"end":{"line":193,"column":67}},"83":{"start":{"line":196,"column":4},"end":{"line":196,"column":33}},"84":{"start":{"line":198,"column":4},"end":{"line":198,"column":61}},"85":{"start":{"line":202,"column":0},"end":{"line":210,"column":2}}},"fnMap":{"0":{"name":"(anonymous_0)","decl":{"start":{"line":4,"column":15},"end":{"line":4,"column":16}},"loc":{"start":{"line":4,"column":35},"end":{"line":42,"column":1}},"line":4},"1":{"name":"(anonymous_1)","decl":{"start":{"line":44,"column":21},"end":{"line":44,"column":22}},"loc":{"start":{"line":44,"column":41},"end":{"line":51,"column":1}},"line":44},"2":{"name":"(anonymous_2)","decl":{"start":{"line":53,"column":22},"end":{"line":53,"column":23}},"loc":{"start":{"line":53,"column":42},"end":{"line":61,"column":1}},"line":53},"3":{"name":"(anonymous_3)","decl":{"start":{"line":63,"column":19},"end":{"line":63,"column":20}},"loc":{"start":{"line":63,"column":39},"end":{"line":130,"column":1}},"line":63},"4":{"name":"(anonymous_4)","decl":{"start":{"line":132,"column":21},"end":{"line":132,"column":22}},"loc":{"start":{"line":132,"column":41},"end":{"line":146,"column":1}},"line":132},"5":{"name":"(anonymous_5)","decl":{"start":{"line":148,"column":24},"end":{"line":148,"column":25}},"loc":{"start":{"line":148,"column":44},"end":{"line":169,"column":1}},"line":148},"6":{"name":"(anonymous_6)","decl":{"start":{"line":171,"column":24},"end":{"line":171,"column":25}},"loc":{"start":{"line":171,"column":44},"end":{"line":200,"column":1}},"line":171}},"branchMap":{"0":{"loc":{"start":{"line":7,"column":2},"end":{"line":11,"column":3}},"type":"if","locations":[{"start":{"line":7,"column":2},"end":{"line":11,"column":3}},{"start":{},"end":{}}],"line":7},"1":{"loc":{"start":{"line":13,"column":2},"end":{"line":17,"column":3}},"type":"if","locations":[{"start":{"line":13,"column":2},"end":{"line":17,"column":3}},{"start":{},"end":{}}],"line":13},"2":{"loc":{"start":{"line":13,"column":6},"end":{"line":13,"column":66}},"type":"binary-expr","locations":[{"start":{"line":13,"column":6},"end":{"line":13,"column":33}},{"start":{"line":13,"column":37},"end":{"line":13,"column":49}},{"start":{"line":13,"column":53},"end":{"line":13,"column":66}}],"line":13},"3":{"loc":{"start":{"line":19,"column":2},"end":{"line":23,"column":3}},"type":"if","locations":[{"start":{"line":19,"column":2},"end":{"line":23,"column":3}},{"start":{},"end":{}}],"line":19},"4":{"loc":{"start":{"line":19,"column":6},"end":{"line":19,"column":70}},"type":"binary-expr","locations":[{"start":{"line":19,"column":6},"end":{"line":19,"column":12}},{"start":{"line":19,"column":16},"end":{"line":19,"column":20}},{"start":{"line":19,"column":24},"end":{"line":19,"column":46}},{"start":{"line":19,"column":50},"end":{"line":19,"column":70}}],"line":19},"5":{"loc":{"start":{"line":25,"column":2},"end":{"line":29,"column":3}},"type":"if","locations":[{"start":{"line":25,"column":2},"end":{"line":29,"column":3}},{"start":{},"end":{}}],"line":25},"6":{"loc":{"start":{"line":69,"column":4},"end":{"line":73,"column":5}},"type":"if","locations":[{"start":{"line":69,"column":4},"end":{"line":73,"column":5}},{"start":{},"end":{}}],"line":69},"7":{"loc":{"start":{"line":69,"column":8},"end":{"line":69,"column":40}},"type":"binary-expr","locations":[{"start":{"line":69,"column":8},"end":{"line":69,"column":12}},{"start":{"line":69,"column":16},"end":{"line":69,"column":40}}],"line":69},"8":{"loc":{"start":{"line":75,"column":4},"end":{"line":82,"column":5}},"type":"if","locations":[{"start":{"line":75,"column":4},"end":{"line":82,"column":5}},{"start":{},"end":{}}],"line":75},"9":{"loc":{"start":{"line":76,"column":6},"end":{"line":77,"column":68}},"type":"binary-expr","locations":[{"start":{"line":76,"column":6},"end":{"line":76,"column":27}},{"start":{"line":77,"column":7},"end":{"line":77,"column":34}},{"start":{"line":77,"column":38},"end":{"line":77,"column":50}},{"start":{"line":77,"column":54},"end":{"line":77,"column":67}}],"line":76},"10":{"loc":{"start":{"line":84,"column":4},"end":{"line":86,"column":5}},"type":"if","locations":[{"start":{"line":84,"column":4},"end":{"line":86,"column":5}},{"start":{},"end":{}}],"line":84},"11":{"loc":{"start":{"line":84,"column":8},"end":{"line":84,"column":39}},"type":"binary-expr","locations":[{"start":{"line":84,"column":8},"end":{"line":84,"column":13}},{"start":{"line":84,"column":17},"end":{"line":84,"column":39}}],"line":84},"12":{"loc":{"start":{"line":88,"column":4},"end":{"line":90,"column":5}},"type":"if","locations":[{"start":{"line":88,"column":4},"end":{"line":90,"column":5}},{"start":{},"end":{}}],"line":88},"13":{"loc":{"start":{"line":88,"column":8},"end":{"line":88,"column":35}},"type":"binary-expr","locations":[{"start":{"line":88,"column":8},"end":{"line":88,"column":11}},{"start":{"line":88,"column":15},"end":{"line":88,"column":35}}],"line":88},"14":{"loc":{"start":{"line":92,"column":4},"end":{"line":96,"column":5}},"type":"if","locations":[{"start":{"line":92,"column":4},"end":{"line":96,"column":5}},{"start":{},"end":{}}],"line":92},"15":{"loc":{"start":{"line":92,"column":8},"end":{"line":92,"column":56}},"type":"binary-expr","locations":[{"start":{"line":92,"column":8},"end":{"line":92,"column":13}},{"start":{"line":92,"column":17},"end":{"line":92,"column":20}},{"start":{"line":92,"column":24},"end":{"line":92,"column":56}}],"line":92},"16":{"loc":{"start":{"line":104,"column":4},"end":{"line":109,"column":5}},"type":"if","locations":[{"start":{"line":104,"column":4},"end":{"line":109,"column":5}},{"start":{},"end":{}}],"line":104},"17":{"loc":{"start":{"line":112,"column":4},"end":{"line":112,"column":39}},"type":"if","locations":[{"start":{"line":112,"column":4},"end":{"line":112,"column":39}},{"start":{},"end":{}}],"line":112},"18":{"loc":{"start":{"line":113,"column":4},"end":{"line":113,"column":62}},"type":"if","locations":[{"start":{"line":113,"column":4},"end":{"line":113,"column":62}},{"start":{},"end":{}}],"line":113},"19":{"loc":{"start":{"line":114,"column":4},"end":{"line":114,"column":42}},"type":"if","locations":[{"start":{"line":114,"column":4},"end":{"line":114,"column":42}},{"start":{},"end":{}}],"line":114},"20":{"loc":{"start":{"line":115,"column":4},"end":{"line":115,"column":36}},"type":"if","locations":[{"start":{"line":115,"column":4},"end":{"line":115,"column":36}},{"start":{},"end":{}}],"line":115},"21":{"loc":{"start":{"line":118,"column":4},"end":{"line":123,"column":5}},"type":"if","locations":[{"start":{"line":118,"column":4},"end":{"line":123,"column":5}},{"start":{},"end":{}}],"line":118},"22":{"loc":{"start":{"line":137,"column":4},"end":{"line":139,"column":5}},"type":"if","locations":[{"start":{"line":137,"column":4},"end":{"line":139,"column":5}},{"start":{},"end":{}}],"line":137},"23":{"loc":{"start":{"line":156,"column":4},"end":{"line":160,"column":5}},"type":"if","locations":[{"start":{"line":156,"column":4},"end":{"line":160,"column":5}},{"start":{},"end":{}}],"line":156},"24":{"loc":{"start":{"line":176,"column":4},"end":{"line":184,"column":5}},"type":"if","locations":[{"start":{"line":176,"column":4},"end":{"line":184,"column":5}},{"start":{},"end":{}}],"line":176},"25":{"loc":{"start":{"line":177,"column":6},"end":{"line":179,"column":30}},"type":"binary-expr","locations":[{"start":{"line":177,"column":6},"end":{"line":177,"column":17}},{"start":{"line":178,"column":6},"end":{"line":178,"column":36}},{"start":{"line":179,"column":6},"end":{"line":179,"column":30}}],"line":177},"26":{"loc":{"start":{"line":192,"column":4},"end":{"line":194,"column":5}},"type":"if","locations":[{"start":{"line":192,"column":4},"end":{"line":194,"column":5}},{"start":{},"end":{}}],"line":192}},"s":{"0":1,"1":1,"2":1,"3":6,"4":6,"5":1,"6":5,"7":1,"8":4,"9":1,"10":3,"11":1,"12":2,"13":2,"14":1,"15":1,"16":1,"17":2,"18":2,"19":1,"20":1,"21":1,"22":2,"23":2,"24":1,"25":1,"26":1,"27":1,"28":6,"29":6,"30":6,"31":6,"32":0,"33":6,"34":1,"35":5,"36":1,"37":4,"38":0,"39":4,"40":1,"41":3,"42":2,"43":1,"44":1,"45":1,"46":1,"47":1,"48":1,"49":1,"50":1,"51":1,"52":1,"53":1,"54":0,"55":1,"56":1,"57":1,"58":1,"59":3,"60":3,"61":3,"62":2,"63":1,"64":1,"65":1,"66":1,"67":1,"68":3,"69":3,"70":2,"71":1,"72":1,"73":1,"74":1,"75":1,"76":3,"77":3,"78":3,"79":0,"80":3,"81":2,"82":1,"83":1,"84":1,"85":1},"f":{"0":6,"1":2,"2":2,"3":6,"4":3,"5":3,"6":3},"b":{"0":[1,5],"1":[1,4],"2":[5,5,5],"3":[1,3],"4":[4,4,4,3],"5":[1,2],"6":[0,6],"7":[6,3],"8":[1,5],"9":[6,2,2,2],"10":[1,4],"11":[5,3],"12":[0,4],"13":[4,2],"14":[1,3],"15":[4,2,2],"16":[1,1],"17":[1,0],"18":[1,0],"19":[1,0],"20":[1,0],"21":[0,1],"22":[1,1],"23":[1,1],"24":[0,3],"25":[3,3,3],"26":[1,1]},"_coverageSchema":"1a1c01bbd47fc00a2c39e90264f33305004495a9","hash":"b138227256c54ee8215370188d5a394a46d53476"}
,"/Users/td20318289/Workspace/Repo/LastingTrip-test/controllers/hotel.controllers.js": {"path":"/Users/td20318289/Workspace/Repo/LastingTrip-test/controllers/hotel.controllers.js","statementMap":{"0":{"start":{"line":8,"column":4},"end":{"line":8,"column":24}},"1":{"start":{"line":9,"column":24},"end":{"line":9,"column":44}},"2":{"start":{"line":10,"column":22},"end":{"line":10,"column":42}},"3":{"start":{"line":11,"column":19},"end":{"line":11,"column":43}},"4":{"start":{"line":12,"column":30},"end":{"line":12,"column":66}},"5":{"start":{"line":14,"column":20},"end":{"line":93,"column":1}},"6":{"start":{"line":15,"column":59},"end":{"line":15,"column":67}},"7":{"start":{"line":18,"column":2},"end":{"line":22,"column":3}},"8":{"start":{"line":19,"column":4},"end":{"line":21,"column":69}},"9":{"start":{"line":24,"column":2},"end":{"line":28,"column":3}},"10":{"start":{"line":25,"column":4},"end":{"line":27,"column":69}},"11":{"start":{"line":30,"column":2},"end":{"line":34,"column":3}},"12":{"start":{"line":31,"column":4},"end":{"line":33,"column":68}},"13":{"start":{"line":36,"column":2},"end":{"line":40,"column":3}},"14":{"start":{"line":37,"column":4},"end":{"line":39,"column":74}},"15":{"start":{"line":42,"column":2},"end":{"line":46,"column":3}},"16":{"start":{"line":43,"column":4},"end":{"line":45,"column":72}},"17":{"start":{"line":48,"column":2},"end":{"line":52,"column":3}},"18":{"start":{"line":49,"column":4},"end":{"line":51,"column":78}},"19":{"start":{"line":55,"column":20},"end":{"line":55,"column":23}},"20":{"start":{"line":56,"column":2},"end":{"line":60,"column":3}},"21":{"start":{"line":57,"column":4},"end":{"line":59,"column":65}},"22":{"start":{"line":62,"column":2},"end":{"line":92,"column":3}},"23":{"start":{"line":64,"column":21},"end":{"line":71,"column":6}},"24":{"start":{"line":73,"column":4},"end":{"line":83,"column":5}},"25":{"start":{"line":74,"column":24},"end":{"line":74,"column":33}},"26":{"start":{"line":75,"column":23},"end":{"line":75,"column":36}},"27":{"start":{"line":77,"column":29},"end":{"line":81,"column":8}},"28":{"start":{"line":82,"column":6},"end":{"line":82,"column":67}},"29":{"start":{"line":86,"column":4},"end":{"line":86,"column":35}},"30":{"start":{"line":88,"column":4},"end":{"line":88,"column":50}},"31":{"start":{"line":89,"column":4},"end":{"line":91,"column":72}},"32":{"start":{"line":96,"column":2},"end":{"line":107,"column":3}},"33":{"start":{"line":98,"column":6},"end":{"line":98,"column":31}},"34":{"start":{"line":100,"column":6},"end":{"line":100,"column":32}},"35":{"start":{"line":102,"column":6},"end":{"line":102,"column":32}},"36":{"start":{"line":104,"column":6},"end":{"line":104,"column":38}},"37":{"start":{"line":106,"column":6},"end":{"line":106,"column":16}},"38":{"start":{"line":110,"column":20},"end":{"line":275,"column":1}},"39":{"start":{"line":126,"column":6},"end":{"line":126,"column":15}},"40":{"start":{"line":128,"column":2},"end":{"line":274,"column":3}},"41":{"start":{"line":129,"column":22},"end":{"line":129,"column":24}},"42":{"start":{"line":132,"column":4},"end":{"line":136,"column":5}},"43":{"start":{"line":133,"column":6},"end":{"line":135,"column":8}},"44":{"start":{"line":138,"column":4},"end":{"line":142,"column":5}},"45":{"start":{"line":139,"column":6},"end":{"line":141,"column":8}},"46":{"start":{"line":144,"column":4},"end":{"line":148,"column":5}},"47":{"start":{"line":145,"column":6},"end":{"line":147,"column":8}},"48":{"start":{"line":150,"column":4},"end":{"line":154,"column":5}},"49":{"start":{"line":151,"column":6},"end":{"line":153,"column":8}},"50":{"start":{"line":156,"column":4},"end":{"line":160,"column":5}},"51":{"start":{"line":157,"column":6},"end":{"line":159,"column":8}},"52":{"start":{"line":162,"column":4},"end":{"line":166,"column":5}},"53":{"start":{"line":163,"column":6},"end":{"line":165,"column":8}},"54":{"start":{"line":169,"column":20},"end":{"line":169,"column":22}},"55":{"start":{"line":172,"column":4},"end":{"line":192,"column":5}},"56":{"start":{"line":177,"column":25},"end":{"line":177,"column":51}},"57":{"start":{"line":180,"column":23},"end":{"line":186,"column":7}},"58":{"start":{"line":189,"column":6},"end":{"line":191,"column":8}},"59":{"start":{"line":195,"column":4},"end":{"line":248,"column":5}},"60":{"start":{"line":203,"column":30},"end":{"line":203,"column":32}},"61":{"start":{"line":205,"column":6},"end":{"line":207,"column":7}},"62":{"start":{"line":206,"column":8},"end":{"line":206,"column":44}},"63":{"start":{"line":209,"column":6},"end":{"line":211,"column":7}},"64":{"start":{"line":210,"column":8},"end":{"line":210,"column":46}},"65":{"start":{"line":213,"column":6},"end":{"line":215,"column":7}},"66":{"start":{"line":214,"column":8},"end":{"line":214,"column":73}},"67":{"start":{"line":217,"column":6},"end":{"line":231,"column":7}},"68":{"start":{"line":219,"column":25},"end":{"line":225,"column":9}},"69":{"start":{"line":228,"column":8},"end":{"line":230,"column":10}},"70":{"start":{"line":233,"column":6},"end":{"line":239,"column":7}},"71":{"start":{"line":235,"column":10},"end":{"line":235,"column":63}},"72":{"start":{"line":236,"column":8},"end":{"line":238,"column":10}},"73":{"start":{"line":242,"column":6},"end":{"line":245,"column":9}},"74":{"start":{"line":247,"column":6},"end":{"line":247,"column":55}},"75":{"start":{"line":251,"column":22},"end":{"line":268,"column":6}},"76":{"start":{"line":270,"column":4},"end":{"line":270,"column":36}},"77":{"start":{"line":272,"column":4},"end":{"line":272,"column":25}},"78":{"start":{"line":273,"column":4},"end":{"line":273,"column":50}},"79":{"start":{"line":277,"column":23},"end":{"line":319,"column":1}},"80":{"start":{"line":278,"column":17},"end":{"line":278,"column":27}},"81":{"start":{"line":279,"column":2},"end":{"line":281,"column":3}},"82":{"start":{"line":280,"column":4},"end":{"line":280,"column":66}},"83":{"start":{"line":282,"column":2},"end":{"line":318,"column":3}},"84":{"start":{"line":283,"column":24},"end":{"line":309,"column":6}},"85":{"start":{"line":310,"column":4},"end":{"line":312,"column":5}},"86":{"start":{"line":311,"column":6},"end":{"line":311,"column":67}},"87":{"start":{"line":313,"column":4},"end":{"line":313,"column":38}},"88":{"start":{"line":315,"column":4},"end":{"line":317,"column":72}},"89":{"start":{"line":340,"column":20},"end":{"line":393,"column":1}},"90":{"start":{"line":341,"column":2},"end":{"line":392,"column":3}},"91":{"start":{"line":342,"column":20},"end":{"line":342,"column":33}},"92":{"start":{"line":345,"column":4},"end":{"line":347,"column":5}},"93":{"start":{"line":346,"column":6},"end":{"line":346,"column":68}},"94":{"start":{"line":349,"column":67},"end":{"line":349,"column":75}},"95":{"start":{"line":352,"column":24},"end":{"line":356,"column":6}},"96":{"start":{"line":358,"column":4},"end":{"line":363,"column":5}},"97":{"start":{"line":359,"column":6},"end":{"line":362,"column":9}},"98":{"start":{"line":366,"column":4},"end":{"line":366,"column":38}},"99":{"start":{"line":366,"column":14},"end":{"line":366,"column":38}},"100":{"start":{"line":367,"column":4},"end":{"line":367,"column":38}},"101":{"start":{"line":367,"column":14},"end":{"line":367,"column":38}},"102":{"start":{"line":368,"column":4},"end":{"line":368,"column":35}},"103":{"start":{"line":368,"column":13},"end":{"line":368,"column":35}},"104":{"start":{"line":369,"column":4},"end":{"line":369,"column":38}},"105":{"start":{"line":369,"column":14},"end":{"line":369,"column":38}},"106":{"start":{"line":370,"column":4},"end":{"line":370,"column":53}},"107":{"start":{"line":370,"column":19},"end":{"line":370,"column":53}},"108":{"start":{"line":371,"column":4},"end":{"line":371,"column":47}},"109":{"start":{"line":371,"column":17},"end":{"line":371,"column":47}},"110":{"start":{"line":372,"column":4},"end":{"line":372,"column":47}},"111":{"start":{"line":372,"column":17},"end":{"line":372,"column":47}},"112":{"start":{"line":375,"column":24},"end":{"line":375,"column":48}},"113":{"start":{"line":377,"column":4},"end":{"line":382,"column":5}},"114":{"start":{"line":378,"column":6},"end":{"line":381,"column":9}},"115":{"start":{"line":385,"column":4},"end":{"line":385,"column":42}},"116":{"start":{"line":388,"column":4},"end":{"line":391,"column":7}},"117":{"start":{"line":395,"column":20},"end":{"line":440,"column":1}},"118":{"start":{"line":396,"column":17},"end":{"line":396,"column":27}},"119":{"start":{"line":397,"column":2},"end":{"line":397,"column":26}},"120":{"start":{"line":398,"column":2},"end":{"line":439,"column":3}},"121":{"start":{"line":400,"column":25},"end":{"line":404,"column":6}},"122":{"start":{"line":406,"column":4},"end":{"line":408,"column":5}},"123":{"start":{"line":407,"column":6},"end":{"line":407,"column":62}},"124":{"start":{"line":411,"column":27},"end":{"line":415,"column":6}},"125":{"start":{"line":418,"column":32},"end":{"line":425,"column":6}},"126":{"start":{"line":420,"column":6},"end":{"line":420,"column":35}},"127":{"start":{"line":421,"column":22},"end":{"line":421,"column":72}},"128":{"start":{"line":422,"column":6},"end":{"line":422,"column":27}},"129":{"start":{"line":424,"column":6},"end":{"line":424,"column":28}},"130":{"start":{"line":428,"column":4},"end":{"line":428,"column":43}},"131":{"start":{"line":431,"column":4},"end":{"line":433,"column":7}},"132":{"start":{"line":435,"column":4},"end":{"line":435,"column":79}},"133":{"start":{"line":437,"column":4},"end":{"line":437,"column":63}},"134":{"start":{"line":438,"column":4},"end":{"line":438,"column":47}},"135":{"start":{"line":442,"column":28},"end":{"line":469,"column":1}},"136":{"start":{"line":443,"column":24},"end":{"line":443,"column":32}},"137":{"start":{"line":446,"column":2},"end":{"line":448,"column":3}},"138":{"start":{"line":447,"column":4},"end":{"line":447,"column":73}},"139":{"start":{"line":450,"column":2},"end":{"line":468,"column":3}},"140":{"start":{"line":452,"column":18},"end":{"line":456,"column":6}},"141":{"start":{"line":459,"column":4},"end":{"line":461,"column":5}},"142":{"start":{"line":460,"column":6},"end":{"line":460,"column":75}},"143":{"start":{"line":464,"column":4},"end":{"line":464,"column":48}},"144":{"start":{"line":466,"column":4},"end":{"line":466,"column":56}},"145":{"start":{"line":467,"column":4},"end":{"line":467,"column":60}},"146":{"start":{"line":471,"column":19},"end":{"line":494,"column":1}},"147":{"start":{"line":472,"column":2},"end":{"line":493,"column":3}},"148":{"start":{"line":474,"column":21},"end":{"line":474,"column":68}},"149":{"start":{"line":477,"column":22},"end":{"line":477,"column":31}},"150":{"start":{"line":478,"column":4},"end":{"line":483,"column":7}},"151":{"start":{"line":479,"column":19},"end":{"line":479,"column":39}},"152":{"start":{"line":480,"column":6},"end":{"line":482,"column":9}},"153":{"start":{"line":481,"column":8},"end":{"line":481,"column":34}},"154":{"start":{"line":486,"column":26},"end":{"line":486,"column":47}},"155":{"start":{"line":489,"column":4},"end":{"line":489,"column":40}},"156":{"start":{"line":491,"column":4},"end":{"line":491,"column":69}},"157":{"start":{"line":492,"column":4},"end":{"line":492,"column":60}},"158":{"start":{"line":496,"column":0},"end":{"line":504,"column":2}}},"fnMap":{"0":{"name":"(anonymous_0)","decl":{"start":{"line":14,"column":20},"end":{"line":14,"column":21}},"loc":{"start":{"line":14,"column":40},"end":{"line":93,"column":1}},"line":14},"1":{"name":"getOrderCriteria","decl":{"start":{"line":95,"column":9},"end":{"line":95,"column":25}},"loc":{"start":{"line":95,"column":36},"end":{"line":108,"column":1}},"line":95},"2":{"name":"(anonymous_2)","decl":{"start":{"line":110,"column":20},"end":{"line":110,"column":21}},"loc":{"start":{"line":110,"column":40},"end":{"line":275,"column":1}},"line":110},"3":{"name":"(anonymous_3)","decl":{"start":{"line":277,"column":23},"end":{"line":277,"column":24}},"loc":{"start":{"line":277,"column":43},"end":{"line":319,"column":1}},"line":277},"4":{"name":"(anonymous_4)","decl":{"start":{"line":340,"column":20},"end":{"line":340,"column":21}},"loc":{"start":{"line":340,"column":40},"end":{"line":393,"column":1}},"line":340},"5":{"name":"(anonymous_5)","decl":{"start":{"line":395,"column":20},"end":{"line":395,"column":21}},"loc":{"start":{"line":395,"column":40},"end":{"line":440,"column":1}},"line":395},"6":{"name":"(anonymous_6)","decl":{"start":{"line":418,"column":51},"end":{"line":418,"column":52}},"loc":{"start":{"line":418,"column":68},"end":{"line":425,"column":5}},"line":418},"7":{"name":"(anonymous_7)","decl":{"start":{"line":442,"column":28},"end":{"line":442,"column":29}},"loc":{"start":{"line":442,"column":48},"end":{"line":469,"column":1}},"line":442},"8":{"name":"(anonymous_8)","decl":{"start":{"line":471,"column":19},"end":{"line":471,"column":20}},"loc":{"start":{"line":471,"column":39},"end":{"line":494,"column":1}},"line":471},"9":{"name":"(anonymous_9)","decl":{"start":{"line":478,"column":19},"end":{"line":478,"column":20}},"loc":{"start":{"line":478,"column":30},"end":{"line":483,"column":5}},"line":478},"10":{"name":"(anonymous_10)","decl":{"start":{"line":480,"column":19},"end":{"line":480,"column":20}},"loc":{"start":{"line":480,"column":28},"end":{"line":482,"column":7}},"line":480}},"branchMap":{"0":{"loc":{"start":{"line":18,"column":2},"end":{"line":22,"column":3}},"type":"if","locations":[{"start":{"line":18,"column":2},"end":{"line":22,"column":3}},{"start":{},"end":{}}],"line":18},"1":{"loc":{"start":{"line":18,"column":6},"end":{"line":18,"column":39}},"type":"binary-expr","locations":[{"start":{"line":18,"column":6},"end":{"line":18,"column":11}},{"start":{"line":18,"column":15},"end":{"line":18,"column":39}}],"line":18},"2":{"loc":{"start":{"line":24,"column":2},"end":{"line":28,"column":3}},"type":"if","locations":[{"start":{"line":24,"column":2},"end":{"line":28,"column":3}},{"start":{},"end":{}}],"line":24},"3":{"loc":{"start":{"line":24,"column":6},"end":{"line":24,"column":26}},"type":"binary-expr","locations":[{"start":{"line":24,"column":6},"end":{"line":24,"column":11}},{"start":{"line":24,"column":15},"end":{"line":24,"column":26}}],"line":24},"4":{"loc":{"start":{"line":30,"column":2},"end":{"line":34,"column":3}},"type":"if","locations":[{"start":{"line":30,"column":2},"end":{"line":34,"column":3}},{"start":{},"end":{}}],"line":30},"5":{"loc":{"start":{"line":30,"column":6},"end":{"line":30,"column":37}},"type":"binary-expr","locations":[{"start":{"line":30,"column":6},"end":{"line":30,"column":10}},{"start":{"line":30,"column":14},"end":{"line":30,"column":37}}],"line":30},"6":{"loc":{"start":{"line":36,"column":2},"end":{"line":40,"column":3}},"type":"if","locations":[{"start":{"line":36,"column":2},"end":{"line":40,"column":3}},{"start":{},"end":{}}],"line":36},"7":{"loc":{"start":{"line":36,"column":6},"end":{"line":36,"column":49}},"type":"binary-expr","locations":[{"start":{"line":36,"column":6},"end":{"line":36,"column":16}},{"start":{"line":36,"column":20},"end":{"line":36,"column":49}}],"line":36},"8":{"loc":{"start":{"line":42,"column":2},"end":{"line":46,"column":3}},"type":"if","locations":[{"start":{"line":42,"column":2},"end":{"line":46,"column":3}},{"start":{},"end":{}}],"line":42},"9":{"loc":{"start":{"line":42,"column":6},"end":{"line":42,"column":45}},"type":"binary-expr","locations":[{"start":{"line":42,"column":6},"end":{"line":42,"column":14}},{"start":{"line":42,"column":18},"end":{"line":42,"column":45}}],"line":42},"10":{"loc":{"start":{"line":48,"column":2},"end":{"line":52,"column":3}},"type":"if","locations":[{"start":{"line":48,"column":2},"end":{"line":52,"column":3}},{"start":{},"end":{}}],"line":48},"11":{"loc":{"start":{"line":56,"column":2},"end":{"line":60,"column":3}},"type":"if","locations":[{"start":{"line":56,"column":2},"end":{"line":60,"column":3}},{"start":{},"end":{}}],"line":56},"12":{"loc":{"start":{"line":56,"column":6},"end":{"line":56,"column":34}},"type":"binary-expr","locations":[{"start":{"line":56,"column":6},"end":{"line":56,"column":12}},{"start":{"line":56,"column":16},"end":{"line":56,"column":34}}],"line":56},"13":{"loc":{"start":{"line":96,"column":2},"end":{"line":107,"column":3}},"type":"switch","locations":[{"start":{"line":97,"column":4},"end":{"line":98,"column":31}},{"start":{"line":99,"column":4},"end":{"line":100,"column":32}},{"start":{"line":101,"column":4},"end":{"line":102,"column":32}},{"start":{"line":103,"column":4},"end":{"line":104,"column":38}},{"start":{"line":105,"column":4},"end":{"line":106,"column":16}}],"line":96},"14":{"loc":{"start":{"line":132,"column":4},"end":{"line":136,"column":5}},"type":"if","locations":[{"start":{"line":132,"column":4},"end":{"line":136,"column":5}},{"start":{},"end":{}}],"line":132},"15":{"loc":{"start":{"line":138,"column":4},"end":{"line":142,"column":5}},"type":"if","locations":[{"start":{"line":138,"column":4},"end":{"line":142,"column":5}},{"start":{},"end":{}}],"line":138},"16":{"loc":{"start":{"line":144,"column":4},"end":{"line":148,"column":5}},"type":"if","locations":[{"start":{"line":144,"column":4},"end":{"line":148,"column":5}},{"start":{},"end":{}}],"line":144},"17":{"loc":{"start":{"line":150,"column":4},"end":{"line":154,"column":5}},"type":"if","locations":[{"start":{"line":150,"column":4},"end":{"line":154,"column":5}},{"start":{},"end":{}}],"line":150},"18":{"loc":{"start":{"line":156,"column":4},"end":{"line":160,"column":5}},"type":"if","locations":[{"start":{"line":156,"column":4},"end":{"line":160,"column":5}},{"start":{},"end":{}}],"line":156},"19":{"loc":{"start":{"line":156,"column":8},"end":{"line":156,"column":75}},"type":"binary-expr","locations":[{"start":{"line":156,"column":8},"end":{"line":156,"column":19}},{"start":{"line":156,"column":23},"end":{"line":156,"column":49}},{"start":{"line":156,"column":53},"end":{"line":156,"column":75}}],"line":156},"20":{"loc":{"start":{"line":162,"column":4},"end":{"line":166,"column":5}},"type":"if","locations":[{"start":{"line":162,"column":4},"end":{"line":166,"column":5}},{"start":{},"end":{}}],"line":162},"21":{"loc":{"start":{"line":172,"column":4},"end":{"line":192,"column":5}},"type":"if","locations":[{"start":{"line":172,"column":4},"end":{"line":192,"column":5}},{"start":{},"end":{}}],"line":172},"22":{"loc":{"start":{"line":173,"column":6},"end":{"line":175,"column":31}},"type":"binary-expr","locations":[{"start":{"line":173,"column":6},"end":{"line":173,"column":20}},{"start":{"line":174,"column":6},"end":{"line":174,"column":35}},{"start":{"line":175,"column":6},"end":{"line":175,"column":31}}],"line":173},"23":{"loc":{"start":{"line":195,"column":4},"end":{"line":248,"column":5}},"type":"if","locations":[{"start":{"line":195,"column":4},"end":{"line":248,"column":5}},{"start":{},"end":{}}],"line":195},"24":{"loc":{"start":{"line":196,"column":6},"end":{"line":201,"column":19}},"type":"binary-expr","locations":[{"start":{"line":196,"column":6},"end":{"line":196,"column":14}},{"start":{"line":197,"column":6},"end":{"line":197,"column":15}},{"start":{"line":198,"column":6},"end":{"line":198,"column":19}},{"start":{"line":199,"column":6},"end":{"line":199,"column":20}},{"start":{"line":200,"column":6},"end":{"line":200,"column":22}},{"start":{"line":201,"column":6},"end":{"line":201,"column":19}}],"line":196},"25":{"loc":{"start":{"line":205,"column":6},"end":{"line":207,"column":7}},"type":"if","locations":[{"start":{"line":205,"column":6},"end":{"line":207,"column":7}},{"start":{},"end":{}}],"line":205},"26":{"loc":{"start":{"line":209,"column":6},"end":{"line":211,"column":7}},"type":"if","locations":[{"start":{"line":209,"column":6},"end":{"line":211,"column":7}},{"start":{},"end":{}}],"line":209},"27":{"loc":{"start":{"line":213,"column":6},"end":{"line":215,"column":7}},"type":"if","locations":[{"start":{"line":213,"column":6},"end":{"line":215,"column":7}},{"start":{},"end":{}}],"line":213},"28":{"loc":{"start":{"line":217,"column":6},"end":{"line":231,"column":7}},"type":"if","locations":[{"start":{"line":217,"column":6},"end":{"line":231,"column":7}},{"start":{},"end":{}}],"line":217},"29":{"loc":{"start":{"line":217,"column":10},"end":{"line":217,"column":51}},"type":"binary-expr","locations":[{"start":{"line":217,"column":10},"end":{"line":217,"column":23}},{"start":{"line":217,"column":27},"end":{"line":217,"column":51}}],"line":217},"30":{"loc":{"start":{"line":233,"column":6},"end":{"line":239,"column":7}},"type":"if","locations":[{"start":{"line":233,"column":6},"end":{"line":239,"column":7}},{"start":{},"end":{}}],"line":233},"31":{"loc":{"start":{"line":233,"column":10},"end":{"line":233,"column":44}},"type":"binary-expr","locations":[{"start":{"line":233,"column":10},"end":{"line":233,"column":24}},{"start":{"line":233,"column":28},"end":{"line":233,"column":44}}],"line":233},"32":{"loc":{"start":{"line":279,"column":2},"end":{"line":281,"column":3}},"type":"if","locations":[{"start":{"line":279,"column":2},"end":{"line":281,"column":3}},{"start":{},"end":{}}],"line":279},"33":{"loc":{"start":{"line":310,"column":4},"end":{"line":312,"column":5}},"type":"if","locations":[{"start":{"line":310,"column":4},"end":{"line":312,"column":5}},{"start":{},"end":{}}],"line":310},"34":{"loc":{"start":{"line":345,"column":4},"end":{"line":347,"column":5}},"type":"if","locations":[{"start":{"line":345,"column":4},"end":{"line":347,"column":5}},{"start":{},"end":{}}],"line":345},"35":{"loc":{"start":{"line":358,"column":4},"end":{"line":363,"column":5}},"type":"if","locations":[{"start":{"line":358,"column":4},"end":{"line":363,"column":5}},{"start":{},"end":{}}],"line":358},"36":{"loc":{"start":{"line":366,"column":4},"end":{"line":366,"column":38}},"type":"if","locations":[{"start":{"line":366,"column":4},"end":{"line":366,"column":38}},{"start":{},"end":{}}],"line":366},"37":{"loc":{"start":{"line":367,"column":4},"end":{"line":367,"column":38}},"type":"if","locations":[{"start":{"line":367,"column":4},"end":{"line":367,"column":38}},{"start":{},"end":{}}],"line":367},"38":{"loc":{"start":{"line":368,"column":4},"end":{"line":368,"column":35}},"type":"if","locations":[{"start":{"line":368,"column":4},"end":{"line":368,"column":35}},{"start":{},"end":{}}],"line":368},"39":{"loc":{"start":{"line":369,"column":4},"end":{"line":369,"column":38}},"type":"if","locations":[{"start":{"line":369,"column":4},"end":{"line":369,"column":38}},{"start":{},"end":{}}],"line":369},"40":{"loc":{"start":{"line":370,"column":4},"end":{"line":370,"column":53}},"type":"if","locations":[{"start":{"line":370,"column":4},"end":{"line":370,"column":53}},{"start":{},"end":{}}],"line":370},"41":{"loc":{"start":{"line":371,"column":4},"end":{"line":371,"column":47}},"type":"if","locations":[{"start":{"line":371,"column":4},"end":{"line":371,"column":47}},{"start":{},"end":{}}],"line":371},"42":{"loc":{"start":{"line":372,"column":4},"end":{"line":372,"column":47}},"type":"if","locations":[{"start":{"line":372,"column":4},"end":{"line":372,"column":47}},{"start":{},"end":{}}],"line":372},"43":{"loc":{"start":{"line":377,"column":4},"end":{"line":382,"column":5}},"type":"if","locations":[{"start":{"line":377,"column":4},"end":{"line":382,"column":5}},{"start":{},"end":{}}],"line":377},"44":{"loc":{"start":{"line":406,"column":4},"end":{"line":408,"column":5}},"type":"if","locations":[{"start":{"line":406,"column":4},"end":{"line":408,"column":5}},{"start":{},"end":{}}],"line":406},"45":{"loc":{"start":{"line":446,"column":2},"end":{"line":448,"column":3}},"type":"if","locations":[{"start":{"line":446,"column":2},"end":{"line":448,"column":3}},{"start":{},"end":{}}],"line":446},"46":{"loc":{"start":{"line":446,"column":6},"end":{"line":446,"column":43}},"type":"binary-expr","locations":[{"start":{"line":446,"column":6},"end":{"line":446,"column":16}},{"start":{"line":446,"column":20},"end":{"line":446,"column":43}}],"line":446},"47":{"loc":{"start":{"line":459,"column":4},"end":{"line":461,"column":5}},"type":"if","locations":[{"start":{"line":459,"column":4},"end":{"line":461,"column":5}},{"start":{},"end":{}}],"line":459}},"s":{"0":1,"1":1,"2":1,"3":1,"4":1,"5":1,"6":6,"7":6,"8":1,"9":5,"10":1,"11":4,"12":0,"13":4,"14":0,"15":4,"16":0,"17":4,"18":1,"19":3,"20":3,"21":1,"22":2,"23":2,"24":1,"25":2,"26":2,"27":2,"28":2,"29":1,"30":1,"31":1,"32":6,"33":0,"34":0,"35":0,"36":0,"37":6,"38":1,"39":6,"40":6,"41":6,"42":6,"43":3,"44":6,"45":0,"46":6,"47":0,"48":6,"49":1,"50":6,"51":0,"52":6,"53":0,"54":6,"55":6,"56":0,"57":0,"58":0,"59":6,"60":0,"61":0,"62":0,"63":0,"64":0,"65":0,"66":0,"67":0,"68":0,"69":0,"70":0,"71":0,"72":0,"73":0,"74":0,"75":6,"76":5,"77":1,"78":1,"79":1,"80":3,"81":3,"82":0,"83":3,"84":3,"85":2,"86":1,"87":1,"88":1,"89":1,"90":3,"91":3,"92":3,"93":0,"94":3,"95":3,"96":2,"97":1,"98":1,"99":1,"100":1,"101":0,"102":1,"103":0,"104":1,"105":0,"106":1,"107":0,"108":1,"109":0,"110":1,"111":0,"112":1,"113":1,"114":0,"115":1,"116":1,"117":1,"118":3,"119":3,"120":3,"121":3,"122":2,"123":1,"124":1,"125":1,"126":2,"127":2,"128":2,"129":2,"130":1,"131":1,"132":1,"133":1,"134":1,"135":1,"136":4,"137":4,"138":1,"139":3,"140":3,"141":2,"142":1,"143":1,"144":1,"145":1,"146":1,"147":2,"148":2,"149":1,"150":1,"151":3,"152":3,"153":6,"154":1,"155":1,"156":1,"157":1,"158":1},"f":{"0":6,"1":6,"2":6,"3":3,"4":3,"5":3,"6":2,"7":4,"8":2,"9":3,"10":6},"b":{"0":[1,5],"1":[6,5],"2":[1,4],"3":[5,5],"4":[0,4],"5":[4,4],"6":[0,4],"7":[4,4],"8":[0,4],"9":[4,4],"10":[1,3],"11":[1,2],"12":[3,3],"13":[0,0,0,0,6],"14":[3,3],"15":[0,6],"16":[0,6],"17":[1,5],"18":[0,6],"19":[6,0,0],"20":[0,6],"21":[0,6],"22":[6,0,0],"23":[0,6],"24":[6,6,6,6,6,6],"25":[0,0],"26":[0,0],"27":[0,0],"28":[0,0],"29":[0,0],"30":[0,0],"31":[0,0],"32":[0,3],"33":[1,1],"34":[0,3],"35":[1,1],"36":[1,0],"37":[0,1],"38":[0,1],"39":[0,1],"40":[0,1],"41":[0,1],"42":[0,1],"43":[0,1],"44":[1,1],"45":[1,3],"46":[4,3],"47":[1,1]},"_coverageSchema":"1a1c01bbd47fc00a2c39e90264f33305004495a9","hash":"22051fd0d516b3f194950091077755604151fc36"}
,"/Users/td20318289/Workspace/Repo/LastingTrip-test/controllers/payment.controller.js": {"path":"/Users/td20318289/Workspace/Repo/LastingTrip-test/controllers/payment.controller.js","statementMap":{"0":{"start":{"line":1,"column":40},"end":{"line":1,"column":60}},"1":{"start":{"line":2,"column":26},"end":{"line":2,"column":46}},"2":{"start":{"line":4,"column":22},"end":{"line":86,"column":1}},"3":{"start":{"line":16,"column":6},"end":{"line":16,"column":14}},"4":{"start":{"line":19,"column":2},"end":{"line":30,"column":3}},"5":{"start":{"line":29,"column":4},"end":{"line":29,"column":70}},"6":{"start":{"line":31,"column":2},"end":{"line":35,"column":3}},"7":{"start":{"line":32,"column":4},"end":{"line":34,"column":74}},"8":{"start":{"line":36,"column":2},"end":{"line":40,"column":3}},"9":{"start":{"line":37,"column":4},"end":{"line":39,"column":66}},"10":{"start":{"line":41,"column":2},"end":{"line":45,"column":3}},"11":{"start":{"line":42,"column":4},"end":{"line":44,"column":63}},"12":{"start":{"line":47,"column":2},"end":{"line":85,"column":3}},"13":{"start":{"line":49,"column":17},"end":{"line":49,"column":63}},"14":{"start":{"line":50,"column":4},"end":{"line":52,"column":5}},"15":{"start":{"line":51,"column":6},"end":{"line":51,"column":65}},"16":{"start":{"line":54,"column":27},"end":{"line":60,"column":6}},"17":{"start":{"line":62,"column":4},"end":{"line":66,"column":5}},"18":{"start":{"line":63,"column":6},"end":{"line":65,"column":80}},"19":{"start":{"line":68,"column":23},"end":{"line":79,"column":6}},"20":{"start":{"line":81,"column":4},"end":{"line":81,"column":37}},"21":{"start":{"line":83,"column":4},"end":{"line":83,"column":52}},"22":{"start":{"line":84,"column":4},"end":{"line":84,"column":32}},"23":{"start":{"line":88,"column":22},"end":{"line":147,"column":1}},"24":{"start":{"line":99,"column":6},"end":{"line":99,"column":15}},"25":{"start":{"line":101,"column":20},"end":{"line":101,"column":22}},"26":{"start":{"line":104,"column":2},"end":{"line":106,"column":3}},"27":{"start":{"line":105,"column":4},"end":{"line":105,"column":79}},"28":{"start":{"line":107,"column":2},"end":{"line":109,"column":3}},"29":{"start":{"line":108,"column":4},"end":{"line":108,"column":79}},"30":{"start":{"line":110,"column":2},"end":{"line":112,"column":3}},"31":{"start":{"line":111,"column":4},"end":{"line":111,"column":80}},"32":{"start":{"line":113,"column":2},"end":{"line":117,"column":3}},"33":{"start":{"line":114,"column":4},"end":{"line":116,"column":63}},"34":{"start":{"line":118,"column":2},"end":{"line":122,"column":3}},"35":{"start":{"line":119,"column":4},"end":{"line":121,"column":64}},"36":{"start":{"line":124,"column":2},"end":{"line":146,"column":3}},"37":{"start":{"line":127,"column":4},"end":{"line":140,"column":5}},"38":{"start":{"line":128,"column":6},"end":{"line":135,"column":9}},"39":{"start":{"line":137,"column":6},"end":{"line":139,"column":9}},"40":{"start":{"line":142,"column":4},"end":{"line":142,"column":35}},"41":{"start":{"line":144,"column":4},"end":{"line":144,"column":53}},"42":{"start":{"line":145,"column":4},"end":{"line":145,"column":32}},"43":{"start":{"line":149,"column":25},"end":{"line":180,"column":1}},"44":{"start":{"line":150,"column":17},"end":{"line":150,"column":27}},"45":{"start":{"line":152,"column":2},"end":{"line":179,"column":3}},"46":{"start":{"line":154,"column":20},"end":{"line":169,"column":6}},"47":{"start":{"line":171,"column":4},"end":{"line":173,"column":5}},"48":{"start":{"line":172,"column":6},"end":{"line":172,"column":68}},"49":{"start":{"line":175,"column":4},"end":{"line":175,"column":34}},"50":{"start":{"line":177,"column":4},"end":{"line":177,"column":60}},"51":{"start":{"line":178,"column":4},"end":{"line":178,"column":32}},"52":{"start":{"line":182,"column":22},"end":{"line":200,"column":1}},"53":{"start":{"line":183,"column":17},"end":{"line":183,"column":27}},"54":{"start":{"line":185,"column":2},"end":{"line":199,"column":3}},"55":{"start":{"line":187,"column":27},"end":{"line":189,"column":6}},"56":{"start":{"line":191,"column":4},"end":{"line":193,"column":5}},"57":{"start":{"line":192,"column":6},"end":{"line":192,"column":68}},"58":{"start":{"line":195,"column":4},"end":{"line":195,"column":70}},"59":{"start":{"line":197,"column":4},"end":{"line":197,"column":52}},"60":{"start":{"line":198,"column":4},"end":{"line":198,"column":32}},"61":{"start":{"line":202,"column":24},"end":{"line":237,"column":1}},"62":{"start":{"line":203,"column":58},"end":{"line":203,"column":67}},"63":{"start":{"line":206,"column":2},"end":{"line":208,"column":3}},"64":{"start":{"line":207,"column":4},"end":{"line":207,"column":70}},"65":{"start":{"line":210,"column":2},"end":{"line":236,"column":3}},"66":{"start":{"line":211,"column":17},"end":{"line":211,"column":62}},"67":{"start":{"line":212,"column":4},"end":{"line":214,"column":5}},"68":{"start":{"line":213,"column":6},"end":{"line":213,"column":65}},"69":{"start":{"line":216,"column":27},"end":{"line":222,"column":6}},"70":{"start":{"line":224,"column":30},"end":{"line":224,"column":67}},"71":{"start":{"line":226,"column":4},"end":{"line":230,"column":5}},"72":{"start":{"line":227,"column":6},"end":{"line":229,"column":80}},"73":{"start":{"line":232,"column":4},"end":{"line":232,"column":48}},"74":{"start":{"line":234,"column":4},"end":{"line":234,"column":62}},"75":{"start":{"line":235,"column":4},"end":{"line":235,"column":63}},"76":{"start":{"line":239,"column":0},"end":{"line":245,"column":2}}},"fnMap":{"0":{"name":"(anonymous_0)","decl":{"start":{"line":4,"column":22},"end":{"line":4,"column":23}},"loc":{"start":{"line":4,"column":42},"end":{"line":86,"column":1}},"line":4},"1":{"name":"(anonymous_1)","decl":{"start":{"line":88,"column":22},"end":{"line":88,"column":23}},"loc":{"start":{"line":88,"column":42},"end":{"line":147,"column":1}},"line":88},"2":{"name":"(anonymous_2)","decl":{"start":{"line":149,"column":25},"end":{"line":149,"column":26}},"loc":{"start":{"line":149,"column":45},"end":{"line":180,"column":1}},"line":149},"3":{"name":"(anonymous_3)","decl":{"start":{"line":182,"column":22},"end":{"line":182,"column":23}},"loc":{"start":{"line":182,"column":42},"end":{"line":200,"column":1}},"line":182},"4":{"name":"(anonymous_4)","decl":{"start":{"line":202,"column":24},"end":{"line":202,"column":25}},"loc":{"start":{"line":202,"column":44},"end":{"line":237,"column":1}},"line":202}},"branchMap":{"0":{"loc":{"start":{"line":19,"column":2},"end":{"line":30,"column":3}},"type":"if","locations":[{"start":{"line":19,"column":2},"end":{"line":30,"column":3}},{"start":{},"end":{}}],"line":19},"1":{"loc":{"start":{"line":20,"column":4},"end":{"line":27,"column":13}},"type":"binary-expr","locations":[{"start":{"line":20,"column":4},"end":{"line":20,"column":12}},{"start":{"line":21,"column":4},"end":{"line":21,"column":12}},{"start":{"line":22,"column":4},"end":{"line":22,"column":18}},{"start":{"line":23,"column":4},"end":{"line":23,"column":19}},{"start":{"line":24,"column":4},"end":{"line":24,"column":16}},{"start":{"line":25,"column":4},"end":{"line":25,"column":13}},{"start":{"line":26,"column":4},"end":{"line":26,"column":14}},{"start":{"line":27,"column":4},"end":{"line":27,"column":13}}],"line":20},"2":{"loc":{"start":{"line":31,"column":2},"end":{"line":35,"column":3}},"type":"if","locations":[{"start":{"line":31,"column":2},"end":{"line":35,"column":3}},{"start":{},"end":{}}],"line":31},"3":{"loc":{"start":{"line":36,"column":2},"end":{"line":40,"column":3}},"type":"if","locations":[{"start":{"line":36,"column":2},"end":{"line":40,"column":3}},{"start":{},"end":{}}],"line":36},"4":{"loc":{"start":{"line":36,"column":6},"end":{"line":36,"column":57}},"type":"binary-expr","locations":[{"start":{"line":36,"column":6},"end":{"line":36,"column":37}},{"start":{"line":36,"column":41},"end":{"line":36,"column":57}}],"line":36},"5":{"loc":{"start":{"line":41,"column":2},"end":{"line":45,"column":3}},"type":"if","locations":[{"start":{"line":41,"column":2},"end":{"line":45,"column":3}},{"start":{},"end":{}}],"line":41},"6":{"loc":{"start":{"line":41,"column":6},"end":{"line":41,"column":51}},"type":"binary-expr","locations":[{"start":{"line":41,"column":6},"end":{"line":41,"column":34}},{"start":{"line":41,"column":38},"end":{"line":41,"column":51}}],"line":41},"7":{"loc":{"start":{"line":50,"column":4},"end":{"line":52,"column":5}},"type":"if","locations":[{"start":{"line":50,"column":4},"end":{"line":52,"column":5}},{"start":{},"end":{}}],"line":50},"8":{"loc":{"start":{"line":62,"column":4},"end":{"line":66,"column":5}},"type":"if","locations":[{"start":{"line":62,"column":4},"end":{"line":66,"column":5}},{"start":{},"end":{}}],"line":62},"9":{"loc":{"start":{"line":62,"column":9},"end":{"line":62,"column":28}},"type":"binary-expr","locations":[{"start":{"line":62,"column":9},"end":{"line":62,"column":23}},{"start":{"line":62,"column":27},"end":{"line":62,"column":28}}],"line":62},"10":{"loc":{"start":{"line":104,"column":2},"end":{"line":106,"column":3}},"type":"if","locations":[{"start":{"line":104,"column":2},"end":{"line":106,"column":3}},{"start":{},"end":{}}],"line":104},"11":{"loc":{"start":{"line":104,"column":6},"end":{"line":104,"column":41}},"type":"binary-expr","locations":[{"start":{"line":104,"column":6},"end":{"line":104,"column":13}},{"start":{"line":104,"column":17},"end":{"line":104,"column":41}}],"line":104},"12":{"loc":{"start":{"line":107,"column":2},"end":{"line":109,"column":3}},"type":"if","locations":[{"start":{"line":107,"column":2},"end":{"line":109,"column":3}},{"start":{},"end":{}}],"line":107},"13":{"loc":{"start":{"line":107,"column":6},"end":{"line":107,"column":41}},"type":"binary-expr","locations":[{"start":{"line":107,"column":6},"end":{"line":107,"column":13}},{"start":{"line":107,"column":17},"end":{"line":107,"column":41}}],"line":107},"14":{"loc":{"start":{"line":110,"column":2},"end":{"line":112,"column":3}},"type":"if","locations":[{"start":{"line":110,"column":2},"end":{"line":112,"column":3}},{"start":{},"end":{}}],"line":110},"15":{"loc":{"start":{"line":110,"column":6},"end":{"line":110,"column":43}},"type":"binary-expr","locations":[{"start":{"line":110,"column":6},"end":{"line":110,"column":14}},{"start":{"line":110,"column":18},"end":{"line":110,"column":43}}],"line":110},"16":{"loc":{"start":{"line":113,"column":2},"end":{"line":117,"column":3}},"type":"if","locations":[{"start":{"line":113,"column":2},"end":{"line":117,"column":3}},{"start":{},"end":{}}],"line":113},"17":{"loc":{"start":{"line":113,"column":6},"end":{"line":113,"column":53}},"type":"binary-expr","locations":[{"start":{"line":113,"column":6},"end":{"line":113,"column":19}},{"start":{"line":113,"column":23},"end":{"line":113,"column":53}}],"line":113},"18":{"loc":{"start":{"line":118,"column":2},"end":{"line":122,"column":3}},"type":"if","locations":[{"start":{"line":118,"column":2},"end":{"line":122,"column":3}},{"start":{},"end":{}}],"line":118},"19":{"loc":{"start":{"line":118,"column":6},"end":{"line":118,"column":55}},"type":"binary-expr","locations":[{"start":{"line":118,"column":6},"end":{"line":118,"column":20}},{"start":{"line":118,"column":24},"end":{"line":118,"column":55}}],"line":118},"20":{"loc":{"start":{"line":127,"column":4},"end":{"line":140,"column":5}},"type":"if","locations":[{"start":{"line":127,"column":4},"end":{"line":140,"column":5}},{"start":{"line":136,"column":11},"end":{"line":140,"column":5}}],"line":127},"21":{"loc":{"start":{"line":171,"column":4},"end":{"line":173,"column":5}},"type":"if","locations":[{"start":{"line":171,"column":4},"end":{"line":173,"column":5}},{"start":{},"end":{}}],"line":171},"22":{"loc":{"start":{"line":191,"column":4},"end":{"line":193,"column":5}},"type":"if","locations":[{"start":{"line":191,"column":4},"end":{"line":193,"column":5}},{"start":{},"end":{}}],"line":191},"23":{"loc":{"start":{"line":206,"column":2},"end":{"line":208,"column":3}},"type":"if","locations":[{"start":{"line":206,"column":2},"end":{"line":208,"column":3}},{"start":{},"end":{}}],"line":206},"24":{"loc":{"start":{"line":206,"column":6},"end":{"line":206,"column":59}},"type":"binary-expr","locations":[{"start":{"line":206,"column":6},"end":{"line":206,"column":13}},{"start":{"line":206,"column":17},"end":{"line":206,"column":29}},{"start":{"line":206,"column":33},"end":{"line":206,"column":46}},{"start":{"line":206,"column":50},"end":{"line":206,"column":59}}],"line":206},"25":{"loc":{"start":{"line":212,"column":4},"end":{"line":214,"column":5}},"type":"if","locations":[{"start":{"line":212,"column":4},"end":{"line":214,"column":5}},{"start":{},"end":{}}],"line":212},"26":{"loc":{"start":{"line":224,"column":47},"end":{"line":224,"column":66}},"type":"binary-expr","locations":[{"start":{"line":224,"column":47},"end":{"line":224,"column":61}},{"start":{"line":224,"column":65},"end":{"line":224,"column":66}}],"line":224},"27":{"loc":{"start":{"line":226,"column":4},"end":{"line":230,"column":5}},"type":"if","locations":[{"start":{"line":226,"column":4},"end":{"line":230,"column":5}},{"start":{},"end":{}}],"line":226}},"s":{"0":1,"1":1,"2":1,"3":3,"4":3,"5":1,"6":2,"7":0,"8":2,"9":0,"10":2,"11":0,"12":2,"13":2,"14":2,"15":0,"16":2,"17":2,"18":1,"19":1,"20":1,"21":0,"22":0,"23":1,"24":2,"25":2,"26":2,"27":0,"28":2,"29":0,"30":2,"31":0,"32":2,"33":0,"34":2,"35":0,"36":2,"37":2,"38":2,"39":0,"40":1,"41":1,"42":1,"43":1,"44":2,"45":2,"46":2,"47":2,"48":1,"49":1,"50":0,"51":0,"52":1,"53":2,"54":2,"55":2,"56":2,"57":1,"58":1,"59":0,"60":0,"61":1,"62":2,"63":2,"64":1,"65":1,"66":1,"67":1,"68":0,"69":1,"70":1,"71":1,"72":0,"73":1,"74":0,"75":0,"76":1},"f":{"0":3,"1":2,"2":2,"3":2,"4":2},"b":{"0":[1,2],"1":[3,3,2,2,2,2,2,2],"2":[0,2],"3":[0,2],"4":[2,2],"5":[0,2],"6":[2,2],"7":[0,2],"8":[1,1],"9":[2,0],"10":[0,2],"11":[2,0],"12":[0,2],"13":[2,0],"14":[0,2],"15":[2,0],"16":[0,2],"17":[2,0],"18":[0,2],"19":[2,0],"20":[2,0],"21":[1,1],"22":[1,1],"23":[1,1],"24":[2,2,1,1],"25":[0,1],"26":[1,0],"27":[0,1]},"_coverageSchema":"1a1c01bbd47fc00a2c39e90264f33305004495a9","hash":"ecd41acdd3b56774a2864b9356c19b26542b07a6"}
,"/Users/td20318289/Workspace/Repo/LastingTrip-test/controllers/reviews.controllers.js": {"path":"/Users/td20318289/Workspace/Repo/LastingTrip-test/controllers/reviews.controllers.js","statementMap":{"0":{"start":{"line":1,"column":34},"end":{"line":1,"column":54}},"1":{"start":{"line":2,"column":15},"end":{"line":2,"column":35}},"2":{"start":{"line":3,"column":30},"end":{"line":3,"column":66}},"3":{"start":{"line":5,"column":21},"end":{"line":44,"column":1}},"4":{"start":{"line":6,"column":2},"end":{"line":43,"column":3}},"5":{"start":{"line":7,"column":54},"end":{"line":7,"column":62}},"6":{"start":{"line":10,"column":4},"end":{"line":12,"column":5}},"7":{"start":{"line":11,"column":6},"end":{"line":11,"column":72}},"8":{"start":{"line":14,"column":4},"end":{"line":22,"column":5}},"9":{"start":{"line":19,"column":6},"end":{"line":21,"column":70}},"10":{"start":{"line":24,"column":24},"end":{"line":29,"column":5}},"11":{"start":{"line":31,"column":21},"end":{"line":31,"column":24}},"12":{"start":{"line":32,"column":4},"end":{"line":35,"column":5}},"13":{"start":{"line":33,"column":24},"end":{"line":33,"column":33}},"14":{"start":{"line":34,"column":6},"end":{"line":34,"column":37}},"15":{"start":{"line":37,"column":22},"end":{"line":37,"column":57}},"16":{"start":{"line":39,"column":4},"end":{"line":39,"column":36}},"17":{"start":{"line":41,"column":4},"end":{"line":41,"column":51}},"18":{"start":{"line":42,"column":4},"end":{"line":42,"column":61}},"19":{"start":{"line":46,"column":21},"end":{"line":93,"column":1}},"20":{"start":{"line":47,"column":22},"end":{"line":47,"column":31}},"21":{"start":{"line":49,"column":2},"end":{"line":92,"column":3}},"22":{"start":{"line":51,"column":4},"end":{"line":55,"column":5}},"23":{"start":{"line":52,"column":6},"end":{"line":54,"column":9}},"24":{"start":{"line":57,"column":20},"end":{"line":69,"column":6}},"25":{"start":{"line":71,"column":4},"end":{"line":73,"column":5}},"26":{"start":{"line":72,"column":6},"end":{"line":72,"column":80}},"27":{"start":{"line":75,"column":28},"end":{"line":86,"column":7}},"28":{"start":{"line":75,"column":53},"end":{"line":86,"column":5}},"29":{"start":{"line":88,"column":4},"end":{"line":88,"column":42}},"30":{"start":{"line":90,"column":4},"end":{"line":90,"column":25}},"31":{"start":{"line":91,"column":4},"end":{"line":91,"column":61}},"32":{"start":{"line":95,"column":22},"end":{"line":103,"column":1}},"33":{"start":{"line":96,"column":2},"end":{"line":102,"column":3}},"34":{"start":{"line":97,"column":22},"end":{"line":97,"column":45}},"35":{"start":{"line":98,"column":4},"end":{"line":98,"column":36}},"36":{"start":{"line":100,"column":4},"end":{"line":100,"column":24}},"37":{"start":{"line":101,"column":4},"end":{"line":101,"column":63}},"38":{"start":{"line":105,"column":24},"end":{"line":117,"column":1}},"39":{"start":{"line":106,"column":17},"end":{"line":106,"column":27}},"40":{"start":{"line":107,"column":2},"end":{"line":116,"column":3}},"41":{"start":{"line":108,"column":25},"end":{"line":112,"column":6}},"42":{"start":{"line":113,"column":4},"end":{"line":113,"column":39}},"43":{"start":{"line":115,"column":4},"end":{"line":115,"column":32}},"44":{"start":{"line":119,"column":21},"end":{"line":168,"column":1}},"45":{"start":{"line":120,"column":17},"end":{"line":120,"column":27}},"46":{"start":{"line":121,"column":41},"end":{"line":121,"column":49}},"47":{"start":{"line":124,"column":2},"end":{"line":128,"column":3}},"48":{"start":{"line":125,"column":4},"end":{"line":127,"column":77}},"49":{"start":{"line":130,"column":2},"end":{"line":134,"column":3}},"50":{"start":{"line":131,"column":4},"end":{"line":133,"column":80}},"51":{"start":{"line":136,"column":2},"end":{"line":140,"column":3}},"52":{"start":{"line":137,"column":4},"end":{"line":139,"column":67}},"53":{"start":{"line":142,"column":2},"end":{"line":146,"column":3}},"54":{"start":{"line":143,"column":4},"end":{"line":145,"column":65}},"55":{"start":{"line":148,"column":2},"end":{"line":167,"column":3}},"56":{"start":{"line":149,"column":25},"end":{"line":151,"column":6}},"57":{"start":{"line":153,"column":4},"end":{"line":155,"column":5}},"58":{"start":{"line":154,"column":6},"end":{"line":154,"column":65}},"59":{"start":{"line":157,"column":4},"end":{"line":157,"column":29}},"60":{"start":{"line":158,"column":4},"end":{"line":158,"column":35}},"61":{"start":{"line":159,"column":4},"end":{"line":159,"column":29}},"62":{"start":{"line":160,"column":4},"end":{"line":160,"column":31}},"63":{"start":{"line":161,"column":4},"end":{"line":161,"column":30}},"64":{"start":{"line":163,"column":4},"end":{"line":163,"column":39}},"65":{"start":{"line":165,"column":4},"end":{"line":165,"column":48}},"66":{"start":{"line":166,"column":4},"end":{"line":166,"column":61}},"67":{"start":{"line":170,"column":21},"end":{"line":184,"column":1}},"68":{"start":{"line":171,"column":17},"end":{"line":171,"column":27}},"69":{"start":{"line":172,"column":2},"end":{"line":183,"column":3}},"70":{"start":{"line":173,"column":26},"end":{"line":177,"column":6}},"71":{"start":{"line":178,"column":4},"end":{"line":178,"column":51}},"72":{"start":{"line":180,"column":4},"end":{"line":180,"column":39}},"73":{"start":{"line":182,"column":4},"end":{"line":182,"column":32}},"74":{"start":{"line":186,"column":0},"end":{"line":193,"column":2}}},"fnMap":{"0":{"name":"(anonymous_0)","decl":{"start":{"line":5,"column":21},"end":{"line":5,"column":22}},"loc":{"start":{"line":5,"column":41},"end":{"line":44,"column":1}},"line":5},"1":{"name":"(anonymous_1)","decl":{"start":{"line":46,"column":21},"end":{"line":46,"column":22}},"loc":{"start":{"line":46,"column":41},"end":{"line":93,"column":1}},"line":46},"2":{"name":"(anonymous_2)","decl":{"start":{"line":75,"column":40},"end":{"line":75,"column":41}},"loc":{"start":{"line":75,"column":53},"end":{"line":86,"column":5}},"line":75},"3":{"name":"(anonymous_3)","decl":{"start":{"line":95,"column":22},"end":{"line":95,"column":23}},"loc":{"start":{"line":95,"column":42},"end":{"line":103,"column":1}},"line":95},"4":{"name":"(anonymous_4)","decl":{"start":{"line":105,"column":24},"end":{"line":105,"column":25}},"loc":{"start":{"line":105,"column":44},"end":{"line":117,"column":1}},"line":105},"5":{"name":"(anonymous_5)","decl":{"start":{"line":119,"column":21},"end":{"line":119,"column":22}},"loc":{"start":{"line":119,"column":41},"end":{"line":168,"column":1}},"line":119},"6":{"name":"(anonymous_6)","decl":{"start":{"line":170,"column":21},"end":{"line":170,"column":22}},"loc":{"start":{"line":170,"column":41},"end":{"line":184,"column":1}},"line":170}},"branchMap":{"0":{"loc":{"start":{"line":10,"column":4},"end":{"line":12,"column":5}},"type":"if","locations":[{"start":{"line":10,"column":4},"end":{"line":12,"column":5}},{"start":{},"end":{}}],"line":10},"1":{"loc":{"start":{"line":10,"column":8},"end":{"line":10,"column":52}},"type":"binary-expr","locations":[{"start":{"line":10,"column":8},"end":{"line":10,"column":16}},{"start":{"line":10,"column":20},"end":{"line":10,"column":28}},{"start":{"line":10,"column":32},"end":{"line":10,"column":52}}],"line":10},"2":{"loc":{"start":{"line":14,"column":4},"end":{"line":22,"column":5}},"type":"if","locations":[{"start":{"line":14,"column":4},"end":{"line":22,"column":5}},{"start":{},"end":{}}],"line":14},"3":{"loc":{"start":{"line":15,"column":6},"end":{"line":17,"column":31}},"type":"binary-expr","locations":[{"start":{"line":15,"column":6},"end":{"line":15,"column":18}},{"start":{"line":16,"column":6},"end":{"line":16,"column":37}},{"start":{"line":17,"column":6},"end":{"line":17,"column":31}}],"line":15},"4":{"loc":{"start":{"line":32,"column":4},"end":{"line":35,"column":5}},"type":"if","locations":[{"start":{"line":32,"column":4},"end":{"line":35,"column":5}},{"start":{},"end":{}}],"line":32},"5":{"loc":{"start":{"line":51,"column":4},"end":{"line":55,"column":5}},"type":"if","locations":[{"start":{"line":51,"column":4},"end":{"line":55,"column":5}},{"start":{},"end":{}}],"line":51},"6":{"loc":{"start":{"line":51,"column":8},"end":{"line":51,"column":34}},"type":"binary-expr","locations":[{"start":{"line":51,"column":8},"end":{"line":51,"column":16}},{"start":{"line":51,"column":20},"end":{"line":51,"column":34}}],"line":51},"7":{"loc":{"start":{"line":71,"column":4},"end":{"line":73,"column":5}},"type":"if","locations":[{"start":{"line":71,"column":4},"end":{"line":73,"column":5}},{"start":{},"end":{}}],"line":71},"8":{"loc":{"start":{"line":71,"column":8},"end":{"line":71,"column":40}},"type":"binary-expr","locations":[{"start":{"line":71,"column":8},"end":{"line":71,"column":16}},{"start":{"line":71,"column":20},"end":{"line":71,"column":40}}],"line":71},"9":{"loc":{"start":{"line":124,"column":2},"end":{"line":128,"column":3}},"type":"if","locations":[{"start":{"line":124,"column":2},"end":{"line":128,"column":3}},{"start":{},"end":{}}],"line":124},"10":{"loc":{"start":{"line":124,"column":6},"end":{"line":124,"column":61}},"type":"binary-expr","locations":[{"start":{"line":124,"column":6},"end":{"line":124,"column":11}},{"start":{"line":124,"column":15},"end":{"line":124,"column":39}},{"start":{"line":124,"column":43},"end":{"line":124,"column":61}}],"line":124},"11":{"loc":{"start":{"line":130,"column":2},"end":{"line":134,"column":3}},"type":"if","locations":[{"start":{"line":130,"column":2},"end":{"line":134,"column":3}},{"start":{},"end":{}}],"line":130},"12":{"loc":{"start":{"line":130,"column":6},"end":{"line":130,"column":70}},"type":"binary-expr","locations":[{"start":{"line":130,"column":6},"end":{"line":130,"column":14}},{"start":{"line":130,"column":18},"end":{"line":130,"column":45}},{"start":{"line":130,"column":49},"end":{"line":130,"column":70}}],"line":130},"13":{"loc":{"start":{"line":136,"column":2},"end":{"line":140,"column":3}},"type":"if","locations":[{"start":{"line":136,"column":2},"end":{"line":140,"column":3}},{"start":{},"end":{}}],"line":136},"14":{"loc":{"start":{"line":136,"column":6},"end":{"line":136,"column":76}},"type":"binary-expr","locations":[{"start":{"line":136,"column":6},"end":{"line":136,"column":24}},{"start":{"line":136,"column":28},"end":{"line":136,"column":52}},{"start":{"line":136,"column":56},"end":{"line":136,"column":64}},{"start":{"line":136,"column":68},"end":{"line":136,"column":76}}],"line":136},"15":{"loc":{"start":{"line":142,"column":2},"end":{"line":146,"column":3}},"type":"if","locations":[{"start":{"line":142,"column":2},"end":{"line":146,"column":3}},{"start":{},"end":{}}],"line":142},"16":{"loc":{"start":{"line":142,"column":6},"end":{"line":142,"column":67}},"type":"binary-expr","locations":[{"start":{"line":142,"column":6},"end":{"line":142,"column":25}},{"start":{"line":142,"column":29},"end":{"line":142,"column":54}},{"start":{"line":142,"column":58},"end":{"line":142,"column":67}}],"line":142},"17":{"loc":{"start":{"line":153,"column":4},"end":{"line":155,"column":5}},"type":"if","locations":[{"start":{"line":153,"column":4},"end":{"line":155,"column":5}},{"start":{},"end":{}}],"line":153}},"s":{"0":1,"1":1,"2":1,"3":1,"4":5,"5":5,"6":5,"7":1,"8":4,"9":1,"10":3,"11":3,"12":3,"13":1,"14":1,"15":3,"16":2,"17":1,"18":1,"19":1,"20":5,"21":5,"22":5,"23":2,"24":3,"25":2,"26":1,"27":1,"28":1,"29":1,"30":1,"31":1,"32":1,"33":3,"34":3,"35":2,"36":1,"37":1,"38":1,"39":2,"40":2,"41":2,"42":1,"43":1,"44":1,"45":6,"46":6,"47":6,"48":1,"49":5,"50":1,"51":4,"52":1,"53":3,"54":1,"55":2,"56":2,"57":1,"58":0,"59":1,"60":1,"61":1,"62":1,"63":1,"64":1,"65":1,"66":1,"67":1,"68":2,"69":2,"70":2,"71":1,"72":1,"73":1,"74":1},"f":{"0":5,"1":5,"2":1,"3":3,"4":2,"5":6,"6":2},"b":{"0":[1,4],"1":[5,4,4],"2":[1,3],"3":[4,3,3],"4":[1,2],"5":[2,3],"6":[5,4],"7":[1,1],"8":[2,2],"9":[1,5],"10":[6,5,5],"11":[1,4],"12":[5,4,4],"13":[1,3],"14":[4,4,4,4],"15":[1,2],"16":[3,3,3],"17":[0,1]},"_coverageSchema":"1a1c01bbd47fc00a2c39e90264f33305004495a9","hash":"ff7b635890a112cf4729a67f301b90d84ef131d5"}
[...]
:39}},"137":{"start":{"line":363,"column":4},"end":{"line":363,"column":49}},"138":{"start":{"line":364,"column":4},"end":{"line":364,"column":61}},"139":{"start":{"line":368,"column":20},"end":{"line":398,"column":1}},"140":{"start":{"line":369,"column":17},"end":{"line":369,"column":27}},"141":{"start":{"line":370,"column":2},"end":{"line":370,"column":24}},"142":{"start":{"line":371,"column":2},"end":{"line":397,"column":3}},"143":{"start":{"line":372,"column":24},"end":{"line":376,"column":6}},"144":{"start":{"line":378,"column":4},"end":{"line":380,"column":5}},"145":{"start":{"line":379,"column":6},"end":{"line":379,"column":52}},"146":{"start":{"line":382,"column":21},"end":{"line":382,"column":24}},"147":{"start":{"line":384,"column":4},"end":{"line":386,"column":5}},"148":{"start":{"line":385,"column":6},"end":{"line":385,"column":54}},"149":{"start":{"line":388,"column":4},"end":{"line":388,"column":22}},"150":{"start":{"line":389,"column":22},"end":{"line":389,"column":31}},"151":{"start":{"line":390,"column":4},"end":{"line":390,"column":27}},"152":{"start":{"line":392,"column":4},"end":{"line":392,"column":32}},"153":{"start":{"line":393,"column":4},"end":{"line":393,"column":29}},"154":{"start":{"line":394,"column":4},"end":{"line":394,"column":39}},"155":{"start":{"line":396,"column":4},"end":{"line":396,"column":32}},"156":{"start":{"line":400,"column":22},"end":{"line":427,"column":1}},"157":{"start":{"line":401,"column":2},"end":{"line":426,"column":3}},"158":{"start":{"line":402,"column":19},"end":{"line":402,"column":32}},"159":{"start":{"line":405,"column":4},"end":{"line":407,"column":5}},"160":{"start":{"line":406,"column":6},"end":{"line":406,"column":65}},"161":{"start":{"line":410,"column":23},"end":{"line":414,"column":6}},"162":{"start":{"line":416,"column":4},"end":{"line":420,"column":5}},"163":{"start":{"line":417,"column":6},"end":{"line":419,"column":62}},"164":{"start":{"line":422,"column":4},"end":{"line":422,"column":37}},"165":{"start":{"line":424,"column":4},"end":{"line":424,"column":57}},"166":{"start":{"line":425,"column":4},"end":{"line":425,"column":61}},"167":{"start":{"line":429,"column":0},"end":{"line":440,"column":2}}},"fnMap":{"0":{"name":"(anonymous_0)","decl":{"start":{"line":8,"column":17},"end":{"line":8,"column":18}},"loc":{"start":{"line":8,"column":37},"end":{"line":77,"column":1}},"line":8},"1":{"name":"(anonymous_1)","decl":{"start":{"line":79,"column":16},"end":{"line":79,"column":17}},"loc":{"start":{"line":79,"column":36},"end":{"line":95,"column":1}},"line":79},"2":{"name":"(anonymous_2)","decl":{"start":{"line":97,"column":14},"end":{"line":97,"column":15}},"loc":{"start":{"line":97,"column":34},"end":{"line":132,"column":1}},"line":97},"3":{"name":"(anonymous_3)","decl":{"start":{"line":134,"column":19},"end":{"line":134,"column":20}},"loc":{"start":{"line":134,"column":39},"end":{"line":158,"column":1}},"line":134},"4":{"name":"(anonymous_4)","decl":{"start":{"line":160,"column":20},"end":{"line":160,"column":21}},"loc":{"start":{"line":160,"column":40},"end":{"line":170,"column":1}},"line":160},"5":{"name":"(anonymous_5)","decl":{"start":{"line":172,"column":17},"end":{"line":172,"column":18}},"loc":{"start":{"line":172,"column":37},"end":{"line":282,"column":1}},"line":172},"6":{"name":"(anonymous_6)","decl":{"start":{"line":284,"column":23},"end":{"line":284,"column":24}},"loc":{"start":{"line":284,"column":43},"end":{"line":344,"column":1}},"line":284},"7":{"name":"(anonymous_7)","decl":{"start":{"line":346,"column":19},"end":{"line":346,"column":20}},"loc":{"start":{"line":346,"column":39},"end":{"line":366,"column":1}},"line":346},"8":{"name":"(anonymous_8)","decl":{"start":{"line":368,"column":20},"end":{"line":368,"column":21}},"loc":{"start":{"line":368,"column":40},"end":{"line":398,"column":1}},"line":368},"9":{"name":"(anonymous_9)","decl":{"start":{"line":400,"column":22},"end":{"line":400,"column":23}},"loc":{"start":{"line":400,"column":42},"end":{"line":427,"column":1}},"line":400}},"branchMap":{"0":{"loc":{"start":{"line":12,"column":2},"end":{"line":16,"column":3}},"type":"if","locations":[{"start":{"line":12,"column":2},"end":{"line":16,"column":3}},{"start":{},"end":{}}],"line":12},"1":{"loc":{"start":{"line":12,"column":6},"end":{"line":12,"column":61}},"type":"binary-expr","locations":[{"start":{"line":12,"column":6},"end":{"line":12,"column":11}},{"start":{"line":12,"column":15},"end":{"line":12,"column":39}},{"start":{"line":12,"column":43},"end":{"line":12,"column":61}}],"line":12},"2":{"loc":{"start":{"line":18,"column":2},"end":{"line":22,"column":3}},"type":"if","locations":[{"start":{"line":18,"column":2},"end":{"line":22,"column":3}},{"start":{},"end":{}}],"line":18},"3":{"loc":{"start":{"line":18,"column":6},"end":{"line":18,"column":74}},"type":"binary-expr","locations":[{"start":{"line":18,"column":6},"end":{"line":18,"column":12}},{"start":{"line":18,"column":16},"end":{"line":18,"column":41}},{"start":{"line":18,"column":45},"end":{"line":18,"column":74}}],"line":18},"4":{"loc":{"start":{"line":24,"column":2},"end":{"line":28,"column":3}},"type":"if","locations":[{"start":{"line":24,"column":2},"end":{"line":28,"column":3}},{"start":{},"end":{}}],"line":24},"5":{"loc":{"start":{"line":24,"column":6},"end":{"line":24,"column":70}},"type":"binary-expr","locations":[{"start":{"line":24,"column":6},"end":{"line":24,"column":15}},{"start":{"line":24,"column":19},"end":{"line":24,"column":47}},{"start":{"line":24,"column":51},"end":{"line":24,"column":70}}],"line":24},"6":{"loc":{"start":{"line":30,"column":2},"end":{"line":34,"column":3}},"type":"if","locations":[{"start":{"line":30,"column":2},"end":{"line":34,"column":3}},{"start":{},"end":{}}],"line":30},"7":{"loc":{"start":{"line":30,"column":6},"end":{"line":30,"column":54}},"type":"binary-expr","locations":[{"start":{"line":30,"column":6},"end":{"line":30,"column":18}},{"start":{"line":30,"column":22},"end":{"line":30,"column":54}}],"line":30},"8":{"loc":{"start":{"line":36,"column":2},"end":{"line":44,"column":3}},"type":"if","locations":[{"start":{"line":36,"column":2},"end":{"line":44,"column":3}},{"start":{},"end":{}}],"line":36},"9":{"loc":{"start":{"line":37,"column":4},"end":{"line":39,"column":41}},"type":"binary-expr","locations":[{"start":{"line":37,"column":4},"end":{"line":37,"column":9}},{"start":{"line":38,"column":4},"end":{"line":38,"column":28}},{"start":{"line":39,"column":5},"end":{"line":39,"column":20}},{"start":{"line":39,"column":24},"end":{"line":39,"column":40}}],"line":37},"10":{"loc":{"start":{"line":54,"column":4},"end":{"line":59,"column":5}},"type":"if","locations":[{"start":{"line":54,"column":4},"end":{"line":59,"column":5}},{"start":{},"end":{}}],"line":54},"11":{"loc":{"start":{"line":103,"column":4},"end":{"line":127,"column":5}},"type":"if","locations":[{"start":{"line":103,"column":4},"end":{"line":127,"column":5}},{"start":{"line":125,"column":11},"end":{"line":127,"column":5}}],"line":103},"12":{"loc":{"start":{"line":106,"column":6},"end":{"line":124,"column":7}},"type":"if","locations":[{"start":{"line":106,"column":6},"end":{"line":124,"column":7}},{"start":{"line":120,"column":13},"end":{"line":124,"column":7}}],"line":106},"13":{"loc":{"start":{"line":141,"column":4},"end":{"line":152,"column":5}},"type":"if","locations":[{"start":{"line":141,"column":4},"end":{"line":152,"column":5}},{"start":{"line":149,"column":11},"end":{"line":152,"column":5}}],"line":141},"14":{"loc":{"start":{"line":188,"column":4},"end":{"line":192,"column":5}},"type":"if","locations":[{"start":{"line":188,"column":4},"end":{"line":192,"column":5}},{"start":{},"end":{}}],"line":188},"15":{"loc":{"start":{"line":188,"column":8},"end":{"line":188,"column":64}},"type":"binary-expr","locations":[{"start":{"line":188,"column":8},"end":{"line":188,"column":12}},{"start":{"line":188,"column":17},"end":{"line":188,"column":41}},{"start":{"line":188,"column":45},"end":{"line":188,"column":63}}],"line":188},"16":{"loc":{"start":{"line":194,"column":4},"end":{"line":198,"column":5}},"type":"if","locations":[{"start":{"line":194,"column":4},"end":{"line":198,"column":5}},{"start":{},"end":{}}],"line":194},"17":{"loc":{"start":{"line":194,"column":8},"end":{"line":194,"column":77}},"type":"binary-expr","locations":[{"start":{"line":194,"column":8},"end":{"line":194,"column":13}},{"start":{"line":194,"column":18},"end":{"line":194,"column":43}},{"start":{"line":194,"column":47},"end":{"line":194,"column":76}}],"line":194},"18":{"loc":{"start":{"line":200,"column":4},"end":{"line":204,"column":5}},"type":"if","locations":[{"start":{"line":200,"column":4},"end":{"line":204,"column":5}},{"start":{},"end":{}}],"line":200},"19":{"loc":{"start":{"line":200,"column":8},"end":{"line":200,"column":73}},"type":"binary-expr","locations":[{"start":{"line":200,"column":8},"end":{"line":200,"column":16}},{"start":{"line":200,"column":21},"end":{"line":200,"column":49}},{"start":{"line":200,"column":53},"end":{"line":200,"column":72}}],"line":200},"20":{"loc":{"start":{"line":206,"column":4},"end":{"line":213,"column":5}},"type":"if","locations":[{"start":{"line":206,"column":4},"end":{"line":213,"column":5}},{"start":{},"end":{}}],"line":206},"21":{"loc":{"start":{"line":207,"column":6},"end":{"line":208,"column":75}},"type":"binary-expr","locations":[{"start":{"line":207,"column":6},"end":{"line":207,"column":17}},{"start":{"line":208,"column":7},"end":{"line":208,"column":38}},{"start":{"line":208,"column":42},"end":{"line":208,"column":74}}],"line":207},"22":{"loc":{"start":{"line":215,"column":4},"end":{"line":219,"column":5}},"type":"if","locations":[{"start":{"line":215,"column":4},"end":{"line":219,"column":5}},{"start":{},"end":{}}],"line":215},"23":{"loc":{"start":{"line":215,"column":8},"end":{"line":215,"column":47}},"type":"binary-expr","locations":[{"start":{"line":215,"column":8},"end":{"line":215,"column":17}},{"start":{"line":215,"column":21},"end":{"line":215,"column":47}}],"line":215},"24":{"loc":{"start":{"line":221,"column":4},"end":{"line":225,"column":5}},"type":"if","locations":[{"start":{"line":221,"column":4},"end":{"line":225,"column":5}},{"start":{},"end":{}}],"line":221},"25":{"loc":{"start":{"line":221,"column":8},"end":{"line":221,"column":58}},"type":"binary-expr","locations":[{"start":{"line":221,"column":8},"end":{"line":221,"column":14}},{"start":{"line":221,"column":18},"end":{"line":221,"column":35}},{"start":{"line":221,"column":39},"end":{"line":221,"column":58}}],"line":221},"26":{"loc":{"start":{"line":227,"column":4},"end":{"line":231,"column":5}},"type":"if","locations":[{"start":{"line":227,"column":4},"end":{"line":231,"column":5}},{"start":{},"end":{}}],"line":227},"27":{"loc":{"start":{"line":227,"column":8},"end":{"line":227,"column":51}},"type":"binary-expr","locations":[{"start":{"line":227,"column":8},"end":{"line":227,"column":12}},{"start":{"line":227,"column":16},"end":{"line":227,"column":31}},{"start":{"line":227,"column":35},"end":{"line":227,"column":51}}],"line":227},"28":{"loc":{"start":{"line":233,"column":4},"end":{"line":237,"column":5}},"type":"if","locations":[{"start":{"line":233,"column":4},"end":{"line":237,"column":5}},{"start":{},"end":{}}],"line":233},"29":{"loc":{"start":{"line":233,"column":8},"end":{"line":233,"column":64}},"type":"binary-expr","locations":[{"start":{"line":233,"column":8},"end":{"line":233,"column":12}},{"start":{"line":233,"column":17},"end":{"line":233,"column":41}},{"start":{"line":233,"column":45},"end":{"line":233,"column":63}}],"line":233},"30":{"loc":{"start":{"line":239,"column":4},"end":{"line":243,"column":5}},"type":"if","locations":[{"start":{"line":239,"column":4},"end":{"line":243,"column":5}},{"start":{},"end":{}}],"line":239},"31":{"loc":{"start":{"line":239,"column":8},"end":{"line":239,"column":73}},"type":"binary-expr","locations":[{"start":{"line":239,"column":8},"end":{"line":239,"column":15}},{"start":{"line":239,"column":20},"end":{"line":239,"column":47}},{"start":{"line":239,"column":51},"end":{"line":239,"column":72}}],"line":239},"32":{"loc":{"start":{"line":251,"column":4},"end":{"line":256,"column":5}},"type":"if","locations":[{"start":{"line":251,"column":4},"end":{"line":256,"column":5}},{"start":{},"end":{}}],"line":251},"33":{"loc":{"start":{"line":259,"column":4},"end":{"line":259,"column":37}},"type":"if","locations":[{"start":{"line":259,"column":4},"end":{"line":259,"column":37}},{"start":{},"end":{}}],"line":259},"34":{"loc":{"start":{"line":260,"column":4},"end":{"line":260,"column":40}},"type":"if","locations":[{"start":{"line":260,"column":4},"end":{"line":260,"column":40}},{"start":{},"end":{}}],"line":260},"35":{"loc":{"start":{"line":261,"column":4},"end":{"line":261,"column":49}},"type":"if","locations":[{"start":{"line":261,"column":4},"end":{"line":261,"column":49}},{"start":{},"end":{}}],"line":261},"36":{"loc":{"start":{"line":262,"column":4},"end":{"line":262,"column":58}},"type":"if","locations":[{"start":{"line":262,"column":4},"end":{"line":262,"column":58}},{"start":{},"end":{}}],"line":262},"37":{"loc":{"start":{"line":263,"column":4},"end":{"line":263,"column":52}},"type":"if","locations":[{"start":{"line":263,"column":4},"end":{"line":263,"column":52}},{"start":{},"end":{}}],"line":263},"38":{"loc":{"start":{"line":264,"column":4},"end":{"line":264,"column":43}},"type":"if","locations":[{"start":{"line":264,"column":4},"end":{"line":264,"column":43}},{"start":{},"end":{}}],"line":264},"39":{"loc":{"start":{"line":265,"column":4},"end":{"line":265,"column":37}},"type":"if","locations":[{"start":{"line":265,"column":4},"end":{"line":265,"column":37}},{"start":{},"end":{}}],"line":265},"40":{"loc":{"start":{"line":266,"column":4},"end":{"line":266,"column":37}},"type":"if","locations":[{"start":{"line":266,"column":4},"end":{"line":266,"column":37}},{"start":{},"end":{}}],"line":266},"41":{"loc":{"start":{"line":267,"column":4},"end":{"line":267,"column":46}},"type":"if","locations":[{"start":{"line":267,"column":4},"end":{"line":267,"column":46}},{"start":{},"end":{}}],"line":267},"42":{"loc":{"start":{"line":270,"column":4},"end":{"line":275,"column":5}},"type":"if","locations":[{"start":{"line":270,"column":4},"end":{"line":275,"column":5}},{"start":{},"end":{}}],"line":270},"43":{"loc":{"start":{"line":288,"column":2},"end":{"line":292,"column":3}},"type":"if","locations":[{"start":{"line":288,"column":2},"end":{"line":292,"column":3}},{"start":{},"end":{}}],"line":288},"44":{"loc":{"start":{"line":294,"column":2},"end":{"line":305,"column":3}},"type":"if","locations":[{"start":{"line":294,"column":2},"end":{"line":305,"column":3}},{"start":{},"end":{}}],"line":294},"45":{"loc":{"start":{"line":295,"column":4},"end":{"line":297,"column":30}},"type":"binary-expr","locations":[{"start":{"line":295,"column":4},"end":{"line":295,"column":20}},{"start":{"line":296,"column":4},"end":{"line":296,"column":39}},{"start":{"line":297,"column":4},"end":{"line":297,"column":30}}],"line":295},"46":{"loc":{"start":{"line":307,"column":2},"end":{"line":318,"column":3}},"type":"if","locations":[{"start":{"line":307,"column":2},"end":{"line":318,"column":3}},{"start":{},"end":{}}],"line":307},"47":{"loc":{"start":{"line":308,"column":4},"end":{"line":310,"column":26}},"type":"binary-expr","locations":[{"start":{"line":308,"column":4},"end":{"line":308,"column":16}},{"start":{"line":309,"column":4},"end":{"line":309,"column":35}},{"start":{"line":310,"column":4},"end":{"line":310,"column":26}}],"line":308},"48":{"loc":{"start":{"line":322,"column":4},"end":{"line":324,"column":5}},"type":"if","locations":[{"start":{"line":322,"column":4},"end":{"line":324,"column":5}},{"start":{},"end":{}}],"line":322},"49":{"loc":{"start":{"line":328,"column":4},"end":{"line":330,"column":5}},"type":"if","locations":[{"start":{"line":328,"column":4},"end":{"line":330,"column":5}},{"start":{},"end":{}}],"line":328},"50":{"loc":{"start":{"line":355,"column":4},"end":{"line":357,"column":5}},"type":"if","locations":[{"start":{"line":355,"column":4},"end":{"line":357,"column":5}},{"start":{},"end":{}}],"line":355},"51":{"loc":{"start":{"line":378,"column":4},"end":{"line":380,"column":5}},"type":"if","locations":[{"start":{"line":378,"column":4},"end":{"line":380,"column":5}},{"start":{},"end":{}}],"line":378},"52":{"loc":{"start":{"line":384,"column":4},"end":{"line":386,"column":5}},"type":"if","locations":[{"start":{"line":384,"column":4},"end":{"line":386,"column":5}},{"start":{},"end":{}}],"line":384},"53":{"loc":{"start":{"line":405,"column":4},"end":{"line":407,"column":5}},"type":"if","locations":[{"start":{"line":405,"column":4},"end":{"line":407,"column":5}},{"start":{},"end":{}}],"line":405},"54":{"loc":{"start":{"line":416,"column":4},"end":{"line":420,"column":5}},"type":"if","locations":[{"start":{"line":416,"column":4},"end":{"line":420,"column":5}},{"start":{},"end":{}}],"line":416}},"s":{"0":1,"1":1,"2":1,"3":1,"4":1,"5":1,"6":1,"7":6,"8":6,"9":1,"10":5,"11":1,"12":4,"13":1,"14":3,"15":0,"16":3,"17":0,"18":3,"19":3,"20":2,"21":1,"22":1,"23":1,"24":1,"25":1,"26":1,"27":1,"28":1,"29":0,"30":0,"31":0,"32":1,"33":4,"34":4,"35":4,"36":3,"37":2,"38":2,"39":1,"40":1,"41":1,"42":1,"43":1,"44":1,"45":1,"46":4,"47":4,"48":4,"49":2,"50":2,"51":3,"52":1,"53":1,"54":2,"55":2,"56":1,"57":1,"58":1,"59":1,"60":5,"61":5,"62":5,"63":5,"64":0,"65":5,"66":1,"67":4,"68":0,"69":4,"70":1,"71":3,"72":0,"73":3,"74":0,"75":3,"76":0,"77":3,"78":0,"79":3,"80":0,"81":3,"82":2,"83":1,"84":1,"85":1,"86":1,"87":1,"88":1,"89":0,"90":1,"91":0,"92":1,"93":0,"94":1,"95":0,"96":1,"97":0,"98":1,"99":0,"100":1,"101":0,"102":1,"103":1,"104":0,"105":1,"106":1,"107":1,"108":1,"109":7,"110":7,"111":1,"112":6,"113":1,"114":5,"115":1,"116":4,"117":4,"118":3,"119":1,"120":2,"121":2,"122":1,"123":1,"124":1,"125":1,"126":1,"127":1,"128":1,"129":1,"130":3,"131":3,"132":3,"133":2,"134":1,"135":1,"136":1,"137":1,"138":1,"139":1,"140":0,"141":0,"142":0,"143":0,"144":0,"145":0,"146":0,"147":0,"148":0,"149":0,"150":0,"151":0,"152":0,"153":0,"154":0,"155":0,"156":1,"157":3,"158":3,"159":3,"160":0,"161":3,"162":2,"163":1,"164":1,"165":1,"166":1,"167":1},"f":{"0":6,"1":0,"2":4,"3":4,"4":2,"5":5,"6":7,"7":3,"8":0,"9":3},"b":{"0":[1,5],"1":[6,5,5],"2":[1,4],"3":[5,5,5],"4":[1,3],"5":[4,4,4],"6":[0,3],"7":[3,3],"8":[0,3],"9":[3,3,3,0],"10":[1,1],"11":[2,1],"12":[1,1],"13":[2,2],"14":[0,5],"15":[5,3,3],"16":[1,4],"17":[5,2,2],"18":[0,4],"19":[4,0,0],"20":[1,3],"21":[4,1,1],"22":[0,3],"23":[3,0],"24":[0,3],"25":[3,0,0],"26":[0,3],"27":[3,0,0],"28":[0,3],"29":[3,0,0],"30":[0,3],"31":[3,0,0],"32":[1,1],"33":[1,0],"34":[1,0],"35":[0,1],"36":[0,1],"37":[0,1],"38":[0,1],"39":[0,1],"40":[0,1],"41":[0,1],"42":[0,1],"43":[1,6],"44":[1,5],"45":[6,6,6],"46":[1,4],"47":[5,5,5],"48":[1,2],"49":[1,1],"50":[1,1],"51":[0,0],"52":[0,0],"53":[0,3],"54":[1,1]},"_coverageSchema":"1a1c01bbd47fc00a2c39e90264f33305004495a9","hash":"23e2daf33b379765a6c2593fd546071baf5f89b2"}
,"/Users/td20318289/Workspace/Repo/LastingTrip-test/models/coupons.js": {"path":"/Users/td20318289/Workspace/Repo/LastingTrip-test/models/coupons.js","statementMap":{"0":{"start":{"line":4,"column":4},"end":{"line":4,"column":24}},"1":{"start":{"line":5,"column":0},"end":{"line":26,"column":2}},"2":{"start":{"line":16,"column":2},"end":{"line":24,"column":5}},"3":{"start":{"line":25,"column":2},"end":{"line":25,"column":17}}},"fnMap":{"0":{"name":"(anonymous_0)","decl":{"start":{"line":5,"column":17},"end":{"line":5,"column":18}},"loc":{"start":{"line":5,"column":43},"end":{"line":26,"column":1}},"line":5},"1":{"name":"(anonymous_1)","decl":{"start":{"line":12,"column":4},"end":{"line":12,"column":5}},"loc":{"start":{"line":12,"column":29},"end":{"line":14,"column":5}},"line":12}},"branchMap":{},"s":{"0":1,"1":1,"2":0,"3":0},"f":{"0":0,"1":0},"b":{},"_coverageSchema":"1a1c01bbd47fc00a2c39e90264f33305004495a9","hash":"c6e5677cf6d757fa318be833996221b7f2e83e7f"}
}
