TN:
SF:controllers/amenities.controller.js
FN:4,(anonymous_0)
FN:35,(anonymous_1)
FN:60,(anonymous_2)
FNF:3
FNH:3
FNDA:11,(anonymous_0)
FNDA:3,(anonymous_1)
FNDA:3,(anonymous_2)
DA:1,1
DA:3,1
DA:4,1
DA:5,11
DA:8,11
DA:9,4
DA:12,7
DA:13,3
DA:16,4
DA:17,1
DA:20,3
DA:21,1
DA:24,2
DA:25,2
DA:29,1
DA:31,1
DA:35,1
DA:36,3
DA:37,3
DA:38,3
DA:40,3
DA:41,2
DA:46,3
DA:47,1
DA:50,3
DA:54,2
DA:56,1
DA:60,1
DA:61,3
DA:62,3
DA:63,0
DA:65,3
DA:66,3
DA:71,2
DA:72,1
DA:74,1
DA:76,1
DA:115,1
LF:38
LH:37
BRDA:8,0,0,4
BRDA:8,0,1,7
BRDA:8,1,0,11
BRDA:8,1,1,8
BRDA:8,1,2,7
BRDA:12,2,0,3
BRDA:12,2,1,4
BRDA:12,3,0,7
BRDA:12,3,1,5
BRDA:12,3,2,4
BRDA:16,4,0,1
BRDA:16,4,1,3
BRDA:20,5,0,1
BRDA:20,5,1,2
BRDA:40,6,0,2
BRDA:40,6,1,1
BRDA:46,7,0,1
BRDA:46,7,1,2
BRDA:62,8,0,0
BRDA:62,8,1,3
BRDA:71,9,0,1
BRDA:71,9,1,1
BRF:22
BRH:21
end_of_record
TN:
SF:controllers/coupons.controllers.js
FN:4,(anonymous_0)
FN:44,(anonymous_1)
FN:53,(anonymous_2)
FN:63,(anonymous_3)
FN:132,(anonymous_4)
FN:148,(anonymous_5)
FN:171,(anonymous_6)
FNF:7
FNH:7
FNDA:6,(anonymous_0)
FNDA:2,(anonymous_1)
FNDA:2,(anonymous_2)
FNDA:6,(anonymous_3)
FNDA:3,(anonymous_4)
FNDA:3,(anonymous_5)
FNDA:3,(anonymous_6)
DA:1,1
DA:2,1
DA:4,1
DA:5,6
DA:7,6
DA:8,1
DA:13,5
DA:14,1
DA:19,4
DA:20,1
DA:25,3
DA:26,1
DA:31,2
DA:32,2
DA:38,1
DA:40,1
DA:44,1
DA:45,2
DA:46,2
DA:47,1
DA:49,1
DA:53,1
DA:54,2
DA:55,2
DA:56,1
DA:58,1
DA:59,1
DA:63,1
DA:64,6
DA:65,6
DA:66,6
DA:69,6
DA:70,0
DA:75,6
DA:79,1
DA:84,5
DA:85,1
DA:88,4
DA:89,0
DA:92,4
DA:93,1
DA:98,3
DA:104,2
DA:105,1
DA:112,1
DA:113,1
DA:114,1
DA:115,1
DA:117,1
DA:118,1
DA:119,0
DA:125,1
DA:127,1
DA:128,1
DA:132,1
DA:133,3
DA:134,3
DA:135,3
DA:137,2
DA:138,1
DA:141,1
DA:143,1
DA:144,1
DA:148,1
DA:149,3
DA:150,3
DA:156,2
DA:157,1
DA:162,1
DA:164,1
DA:165,1
DA:171,1
DA:172,3
DA:173,3
DA:176,3
DA:181,0
DA:186,3
DA:192,2
DA:193,1
DA:196,1
DA:198,1
DA:202,1
LF:82
LH:78
BRDA:7,0,0,1
BRDA:7,0,1,5
BRDA:13,1,0,1
BRDA:13,1,1,4
BRDA:13,2,0,5
BRDA:13,2,1,5
BRDA:13,2,2,5
BRDA:19,3,0,1
BRDA:19,3,1,3
BRDA:19,4,0,4
BRDA:19,4,1,4
BRDA:19,4,2,4
BRDA:19,4,3,3
BRDA:25,5,0,1
BRDA:25,5,1,2
BRDA:69,6,0,0
BRDA:69,6,1,6
BRDA:69,7,0,6
BRDA:69,7,1,3
BRDA:75,8,0,1
BRDA:75,8,1,5
BRDA:76,9,0,6
BRDA:76,9,1,2
BRDA:76,9,2,2
BRDA:76,9,3,2
BRDA:84,10,0,1
BRDA:84,10,1,4
BRDA:84,11,0,5
BRDA:84,11,1,3
BRDA:88,12,0,0
BRDA:88,12,1,4
BRDA:88,13,0,4
BRDA:88,13,1,2
BRDA:92,14,0,1
BRDA:92,14,1,3
BRDA:92,15,0,4
BRDA:92,15,1,2
BRDA:92,15,2,2
BRDA:104,16,0,1
BRDA:104,16,1,1
BRDA:112,17,0,1
BRDA:112,17,1,0
BRDA:113,18,0,1
BRDA:113,18,1,0
BRDA:114,19,0,1
BRDA:114,19,1,0
BRDA:115,20,0,1
BRDA:115,20,1,0
BRDA:118,21,0,0
BRDA:118,21,1,1
BRDA:137,22,0,1
BRDA:137,22,1,1
BRDA:156,23,0,1
BRDA:156,23,1,1
BRDA:176,24,0,0
BRDA:176,24,1,3
BRDA:177,25,0,3
BRDA:177,25,1,3
BRDA:177,25,2,3
BRDA:192,26,0,1
BRDA:192,26,1,1
BRF:61
BRH:53
end_of_record
TN:
SF:controllers/hotel.controllers.js
FN:14,(anonymous_0)
FN:95,getOrderCriteria
FN:110,(anonymous_2)
FN:277,(anonymous_3)
FN:340,(anonymous_4)
FN:395,(anonymous_5)
FN:418,(anonymous_6)
FN:442,(anonymous_7)
FN:471,(anonymous_8)
FN:478,(anonymous_9)
FN:480,(anonymous_10)
FNF:11
FNH:11
FNDA:6,(anonymous_0)
FNDA:6,getOrderCriteria
FNDA:6,(anonymous_2)
FNDA:3,(anonymous_3)
FNDA:3,(anonymous_4)
FNDA:3,(anonymous_5)
FNDA:2,(anonymous_6)
FNDA:4,(anonymous_7)
FNDA:2,(anonymous_8)
FNDA:3,(anonymous_9)
FNDA:6,(anonymous_10)
DA:8,1
DA:9,1
DA:10,1
DA:11,1
DA:12,1
DA:14,1
DA:15,6
DA:18,6
DA:19,1
DA:24,5
DA:25,1
DA:30,4
DA:31,0
DA:36,4
DA:37,0
DA:42,4
DA:43,0
DA:48,4
DA:49,1
DA:55,3
DA:56,3
DA:57,1
DA:62,2
DA:64,2
DA:73,1
DA:74,2
DA:75,2
DA:77,2
DA:82,2
DA:86,1
DA:88,1
DA:89,1
DA:96,6
DA:98,0
DA:100,0
DA:102,0
DA:104,0
DA:106,6
DA:110,1
DA:126,6
DA:128,6
DA:129,6
DA:132,6
DA:133,3
DA:138,6
DA:139,0
DA:144,6
DA:145,0
DA:150,6
DA:151,1
DA:156,6
DA:157,0
DA:162,6
DA:163,0
DA:169,6
DA:172,6
DA:177,0
DA:180,0
DA:189,0
DA:195,6
DA:203,0
DA:205,0
DA:206,0
DA:209,0
DA:210,0
DA:213,0
DA:214,0
DA:217,0
DA:219,0
DA:228,0
DA:233,0
DA:235,0
DA:236,0
DA:242,0
DA:247,0
DA:251,6
DA:270,5
DA:272,1
DA:273,1
DA:277,1
DA:278,3
DA:279,3
DA:280,0
DA:282,3
DA:283,3
DA:310,2
DA:311,1
DA:313,1
DA:315,1
DA:340,1
DA:341,3
DA:342,3
DA:345,3
DA:346,0
DA:349,3
DA:352,3
DA:358,2
DA:359,1
DA:366,1
DA:367,1
DA:368,1
DA:369,1
DA:370,1
DA:371,1
DA:372,1
DA:375,1
DA:377,1
DA:378,0
DA:385,1
DA:388,1
DA:395,1
DA:396,3
DA:397,3
DA:398,3
DA:400,3
DA:406,2
DA:407,1
DA:411,1
DA:418,1
DA:420,2
DA:421,2
DA:422,2
DA:424,2
DA:428,1
DA:431,1
DA:435,1
DA:437,1
DA:438,1
DA:442,1
DA:443,4
DA:446,4
DA:447,1
DA:450,3
DA:452,3
DA:459,2
DA:460,1
DA:464,1
DA:466,1
DA:467,1
DA:471,1
DA:472,2
DA:474,2
DA:477,1
DA:478,1
DA:479,3
DA:480,3
DA:481,6
DA:486,1
DA:489,1
DA:491,1
DA:492,1
DA:496,1
LF:152
LH:120
BRDA:18,0,0,1
BRDA:18,0,1,5
BRDA:18,1,0,6
BRDA:18,1,1,5
BRDA:24,2,0,1
BRDA:24,2,1,4
BRDA:24,3,0,5
BRDA:24,3,1,5
BRDA:30,4,0,0
BRDA:30,4,1,4
BRDA:30,5,0,4
BRDA:30,5,1,4
BRDA:36,6,0,0
BRDA:36,6,1,4
BRDA:36,7,0,4
BRDA:36,7,1,4
BRDA:42,8,0,0
BRDA:42,8,1,4
BRDA:42,9,0,4
BRDA:42,9,1,4
BRDA:48,10,0,1
BRDA:48,10,1,3
BRDA:56,11,0,1
BRDA:56,11,1,2
BRDA:56,12,0,3
BRDA:56,12,1,3
BRDA:96,13,0,0
BRDA:96,13,1,0
BRDA:96,13,2,0
BRDA:96,13,3,0
BRDA:96,13,4,6
BRDA:132,14,0,3
BRDA:132,14,1,3
BRDA:138,15,0,0
BRDA:138,15,1,6
BRDA:144,16,0,0
BRDA:144,16,1,6
BRDA:150,17,0,1
BRDA:150,17,1,5
BRDA:156,18,0,0
BRDA:156,18,1,6
BRDA:156,19,0,6
BRDA:156,19,1,0
BRDA:156,19,2,0
BRDA:162,20,0,0
BRDA:162,20,1,6
BRDA:172,21,0,0
BRDA:172,21,1,6
BRDA:173,22,0,6
BRDA:173,22,1,0
BRDA:173,22,2,0
BRDA:195,23,0,0
BRDA:195,23,1,6
BRDA:196,24,0,6
BRDA:196,24,1,6
BRDA:196,24,2,6
BRDA:196,24,3,6
BRDA:196,24,4,6
BRDA:196,24,5,6
BRDA:205,25,0,0
BRDA:205,25,1,0
BRDA:209,26,0,0
BRDA:209,26,1,0
BRDA:213,27,0,0
BRDA:213,27,1,0
BRDA:217,28,0,0
BRDA:217,28,1,0
BRDA:217,29,0,0
BRDA:217,29,1,0
BRDA:233,30,0,0
BRDA:233,30,1,0
BRDA:233,31,0,0
BRDA:233,31,1,0
BRDA:279,32,0,0
BRDA:279,32,1,3
BRDA:310,33,0,1
BRDA:310,33,1,1
BRDA:345,34,0,0
BRDA:345,34,1,3
BRDA:358,35,0,1
BRDA:358,35,1,1
BRDA:366,36,0,1
BRDA:366,36,1,0
BRDA:367,37,0,0
BRDA:367,37,1,1
BRDA:368,38,0,0
BRDA:368,38,1,1
BRDA:369,39,0,0
BRDA:369,39,1,1
BRDA:370,40,0,0
BRDA:370,40,1,1
BRDA:371,41,0,0
BRDA:371,41,1,1
BRDA:372,42,0,0
BRDA:372,42,1,1
BRDA:377,43,0,0
BRDA:377,43,1,1
BRDA:406,44,0,1
BRDA:406,44,1,1
BRDA:446,45,0,1
BRDA:446,45,1,3
BRDA:446,46,0,4
BRDA:446,46,1,3
BRDA:459,47,0,1
BRDA:459,47,1,1
BRF:105
BRH:64
end_of_record
TN:
SF:controllers/reviews.controllers.js
FN:5,(anonymous_0)
FN:46,(anonymous_1)
FN:75,(anonymous_2)
FN:95,(anonymous_3)
FN:105,(anonymous_4)
FN:119,(anonymous_5)
FN:170,(anonymous_6)
FNF:7
FNH:7
FNDA:5,(anonymous_0)
FNDA:5,(anonymous_1)
FNDA:1,(anonymous_2)
FNDA:3,(anonymous_3)
FNDA:2,(anonymous_4)
FNDA:6,(anonymous_5)
FNDA:2,(anonymous_6)
DA:1,1
DA:2,1
DA:3,1
DA:5,1
DA:6,5
DA:7,5
DA:10,5
DA:11,1
DA:14,4
DA:19,1
DA:24,3
DA:31,3
DA:32,3
DA:33,1
DA:34,1
DA:37,3
DA:39,2
DA:41,1
DA:42,1
DA:46,1
DA:47,5
DA:49,5
DA:51,5
DA:52,2
DA:57,3
DA:71,2
DA:72,1
DA:75,1
DA:88,1
DA:90,1
DA:91,1
DA:95,1
DA:96,3
DA:97,3
DA:98,2
DA:100,1
DA:101,1
DA:105,1
DA:106,2
DA:107,2
DA:108,2
DA:113,1
DA:115,1
DA:119,1
DA:120,6
DA:121,6
DA:124,6
DA:125,1
DA:130,5
DA:131,1
DA:136,4
DA:137,1
DA:142,3
DA:143,1
DA:148,2
DA:149,2
DA:153,1
DA:154,0
DA:157,1
DA:158,1
DA:159,1
DA:160,1
DA:161,1
DA:163,1
DA:165,1
DA:166,1
DA:170,1
DA:171,2
DA:172,2
DA:173,2
DA:178,1
DA:180,1
DA:182,1
DA:186,1
LF:74
LH:73
BRDA:10,0,0,1
BRDA:10,0,1,4
BRDA:10,1,0,5
BRDA:10,1,1,4
BRDA:10,1,2,4
BRDA:14,2,0,1
BRDA:14,2,1,3
BRDA:15,3,0,4
BRDA:15,3,1,3
BRDA:15,3,2,3
BRDA:32,4,0,1
BRDA:32,4,1,2
BRDA:51,5,0,2
BRDA:51,5,1,3
BRDA:51,6,0,5
BRDA:51,6,1,4
BRDA:71,7,0,1
BRDA:71,7,1,1
BRDA:71,8,0,2
BRDA:71,8,1,2
BRDA:124,9,0,1
BRDA:124,9,1,5
BRDA:124,10,0,6
BRDA:124,10,1,5
BRDA:124,10,2,5
BRDA:130,11,0,1
BRDA:130,11,1,4
BRDA:130,12,0,5
BRDA:130,12,1,4
BRDA:130,12,2,4
BRDA:136,13,0,1
BRDA:136,13,1,3
BRDA:136,14,0,4
BRDA:136,14,1,4
BRDA:136,14,2,4
BRDA:136,14,3,4
BRDA:142,15,0,1
BRDA:142,15,1,2
BRDA:142,16,0,3
BRDA:142,16,1,3
BRDA:142,16,2,3
BRDA:153,17,0,0
BRDA:153,17,1,1
BRF:43
BRH:42
end_of_record
TN:
SF:controllers/room.controller.js
FN:10,(anonymous_0)
FN:83,(anonymous_1)
FN:135,(anonymous_2)
FN:162,(anonymous_3)
FN:220,(anonymous_4)
FN:243,(anonymous_5)
FNF:6
FNH:6
FNDA:8,(anonymous_0)
FNDA:5,(anonymous_1)
FNDA:3,(anonymous_2)
FNDA:5,(anonymous_3)
FNDA:3,(anonymous_4)
FNDA:2,(anonymous_5)
DA:7,1
DA:8,1
DA:9,1
DA:10,1
DA:12,8
DA:15,8
DA:24,3
DA:28,5
DA:34,3
DA:40,2
DA:42,2
DA:53,1
DA:54,1
DA:57,1
DA:58,2
DA:59,2
DA:62,2
DA:68,2
DA:72,1
DA:75,1
DA:76,1
DA:83,1
DA:84,5
DA:87,5
DA:88,1
DA:93,4
DA:94,4
DA:96,4
DA:97,2
DA:101,4
DA:123,3
DA:124,1
DA:127,2
DA:129,1
DA:135,1
DA:136,3
DA:139,3
DA:140,0
DA:143,3
DA:144,3
DA:150,2
DA:151,1
DA:154,1
DA:156,1
DA:162,1
DA:163,5
DA:164,5
DA:167,5
DA:168,0
DA:172,5
DA:180,1
DA:184,4
DA:185,1
DA:193,3
DA:194,3
DA:199,2
DA:200,1
DA:204,1
DA:205,1
DA:206,1
DA:207,1
DA:208,1
DA:209,1
DA:211,1
DA:212,1
DA:214,1
DA:220,1
DA:221,3
DA:222,3
DA:223,3
DA:225,3
DA:231,2
DA:232,1
DA:236,1
DA:243,1
DA:245,2
DA:246,2
DA:247,2
DA:249,2
DA:253,1
DA:256,1
DA:259,1
DA:261,1
DA:262,1
DA:265,1
LF:85
LH:83
BRDA:15,0,0,3
BRDA:15,0,1,5
BRDA:16,1,0,8
BRDA:16,1,1,7
BRDA:16,1,2,6
BRDA:16,1,3,5
BRDA:16,1,4,5
BRDA:16,1,5,5
BRDA:16,1,6,5
BRDA:28,2,0,3
BRDA:28,2,1,2
BRDA:29,3,0,5
BRDA:29,3,1,4
BRDA:29,3,2,3
BRDA:29,3,3,2
BRDA:87,4,0,1
BRDA:87,4,1,4
BRDA:87,5,0,5
BRDA:87,5,1,3
BRDA:96,6,0,2
BRDA:96,6,1,2
BRDA:123,7,0,1
BRDA:123,7,1,2
BRDA:139,8,0,0
BRDA:139,8,1,3
BRDA:150,9,0,1
BRDA:150,9,1,1
BRDA:167,10,0,0
BRDA:167,10,1,5
BRDA:172,11,0,1
BRDA:172,11,1,4
BRDA:173,12,0,5
BRDA:173,12,1,4
BRDA:173,12,2,4
BRDA:173,12,3,4
BRDA:173,12,4,4
BRDA:173,12,5,4
BRDA:184,13,0,1
BRDA:184,13,1,3
BRDA:184,14,0,4
BRDA:184,14,1,3
BRDA:184,14,2,3
BRDA:199,15,0,1
BRDA:199,15,1,1
BRDA:231,16,0,1
BRDA:231,16,1,1
BRF:46
BRH:44
end_of_record
TN:
SF:controllers/room_service.controller.js
FN:4,getroomService
FN:28,getService
FN:44,getRoomHaveAmenities
FN:62,searchRoomsByAmenities
FN:81,(anonymous_4)
FN:91,addRoomAmenity
FN:120,updateRoomAmenity
FN:164,deleteRoomAmenity
FNF:8
FNH:8
FNDA:4,getroomService
FNDA:2,getService
FNDA:3,getRoomHaveAmenities
FNDA:6,searchRoomsByAmenities
FNDA:2,(anonymous_4)
FNDA:6,addRoomAmenity
FNDA:7,updateRoomAmenity
FNDA:3,deleteRoomAmenity
DA:1,1
DA:5,4
DA:8,4
DA:9,1
DA:14,3
DA:16,3
DA:21,2
DA:23,1
DA:24,1
DA:29,2
DA:31,2
DA:33,2
DA:37,1
DA:39,1
DA:40,1
DA:45,3
DA:47,3
DA:49,3
DA:54,2
DA:56,1
DA:57,1
DA:63,6
DA:66,6
DA:67,3
DA:72,3
DA:74,3
DA:81,2
DA:83,2
DA:85,1
DA:86,1
DA:92,6
DA:95,6
DA:96,2
DA:101,4
DA:102,2
DA:107,2
DA:108,2
DA:113,1
DA:115,1
DA:116,1
DA:121,7
DA:122,7
DA:125,7
DA:126,0
DA:133,7
DA:134,2
DA:139,5
DA:140,2
DA:145,3
DA:146,3
DA:148,2
DA:149,1
DA:152,1
DA:153,1
DA:155,1
DA:157,1
DA:159,1
DA:160,1
DA:165,3
DA:167,3
DA:168,3
DA:170,2
DA:171,1
DA:174,1
DA:176,1
DA:178,1
DA:179,1
DA:183,1
LF:68
LH:67
BRDA:8,0,0,1
BRDA:8,0,1,3
BRDA:8,1,0,4
BRDA:8,1,1,4
BRDA:66,2,0,3
BRDA:66,2,1,3
BRDA:66,3,0,6
BRDA:66,3,1,5
BRDA:66,3,2,4
BRDA:95,4,0,2
BRDA:95,4,1,4
BRDA:95,5,0,6
BRDA:95,5,1,5
BRDA:101,6,0,2
BRDA:101,6,1,2
BRDA:101,7,0,4
BRDA:101,7,1,3
BRDA:125,8,0,0
BRDA:125,8,1,7
BRDA:125,9,0,7
BRDA:125,9,1,7
BRDA:133,10,0,2
BRDA:133,10,1,5
BRDA:133,11,0,7
BRDA:133,11,1,6
BRDA:139,12,0,2
BRDA:139,12,1,3
BRDA:139,13,0,5
BRDA:139,13,1,4
BRDA:148,14,0,1
BRDA:148,14,1,1
BRDA:170,15,0,1
BRDA:170,15,1,1
BRF:33
BRH:32
end_of_record
TN:
SF:controllers/urlImageRoom.controller.js
FN:4,(anonymous_0)
FN:41,(anonymous_1)
FN:63,(anonymous_2)
FN:94,(anonymous_3)
FN:116,(anonymous_4)
FNF:5
FNH:5
FNDA:5,(anonymous_0)
FNDA:5,(anonymous_1)
FNDA:6,(anonymous_2)
FNDA:3,(anonymous_3)
FNDA:3,(anonymous_4)
DA:1,1
DA:2,1
DA:4,1
DA:5,5
DA:6,5
DA:9,5
DA:10,2
DA:15,3
DA:18,3
DA:19,3
DA:20,3
DA:21,3
DA:24,3
DA:31,2
DA:33,1
DA:34,1
DA:41,1
DA:42,5
DA:45,5
DA:46,2
DA:51,3
DA:52,3
DA:53,2
DA:54,1
DA:56,1
DA:58,1
DA:59,1
DA:63,1
DA:64,6
DA:65,6
DA:68,6
DA:69,1
DA:72,5
DA:73,2
DA:78,3
DA:79,3
DA:80,2
DA:81,1
DA:85,1
DA:86,1
DA:87,1
DA:89,1
DA:90,1
DA:94,1
DA:95,3
DA:97,3
DA:98,3
DA:104,2
DA:105,1
DA:107,1
DA:108,1
DA:109,1
DA:111,1
DA:112,1
DA:116,1
DA:117,3
DA:118,3
DA:120,2
DA:121,1
DA:124,1
DA:126,1
DA:127,1
DA:131,1
LF:63
LH:63
BRDA:9,0,0,2
BRDA:9,0,1,3
BRDA:9,1,0,5
BRDA:9,1,1,4
BRDA:45,2,0,2
BRDA:45,2,1,3
BRDA:45,3,0,5
BRDA:45,3,1,4
BRDA:53,4,0,1
BRDA:53,4,1,1
BRDA:53,5,0,2
BRDA:53,5,1,2
BRDA:68,6,0,1
BRDA:68,6,1,5
BRDA:72,7,0,2
BRDA:72,7,1,3
BRDA:72,8,0,5
BRDA:72,8,1,4
BRDA:80,9,0,1
BRDA:80,9,1,1
BRDA:104,10,0,1
BRDA:104,10,1,1
BRDA:120,11,0,1
BRDA:120,11,1,1
BRDA:120,12,0,2
BRDA:120,12,1,2
BRF:26
BRH:26
end_of_record
TN:
SF:controllers/urlimagehotel.controller.js
FN:6,(anonymous_0)
FN:41,(anonymous_1)
FN:68,(anonymous_2)
FN:85,(anonymous_3)
FN:114,(anonymous_4)
FN:139,(anonymous_5)
FNF:6
FNH:6
FNDA:5,(anonymous_0)
FNDA:5,(anonymous_1)
FNDA:1,(anonymous_2)
FNDA:6,(anonymous_3)
FNDA:3,(anonymous_4)
FNDA:3,(anonymous_5)
DA:1,1
DA:2,1
DA:3,1
DA:4,1
DA:6,1
DA:7,5
DA:8,5
DA:9,5
DA:12,5
DA:13,2
DA:19,3
DA:20,3
DA:21,3
DA:24,3
DA:31,2
DA:33,1
DA:34,1
DA:41,1
DA:42,5
DA:45,5
DA:46,1
DA:51,4
DA:52,1
DA:57,3
DA:59,3
DA:61,2
DA:62,1
DA:68,1
DA:70,1
DA:71,1
DA:78,1
DA:80,1
DA:81,1
DA:85,1
DA:86,6
DA:87,6
DA:90,6
DA:91,1
DA:94,5
DA:95,2
DA:100,3
DA:101,3
DA:102,2
DA:103,1
DA:105,1
DA:106,1
DA:107,1
DA:109,1
DA:110,1
DA:114,1
DA:115,3
DA:117,3
DA:119,3
DA:121,2
DA:122,1
DA:126,1
DA:129,1
DA:132,1
DA:134,1
DA:135,1
DA:139,1
DA:140,3
DA:141,3
DA:143,2
DA:144,1
DA:147,1
DA:149,1
DA:150,1
DA:154,1
LF:69
LH:69
BRDA:12,0,0,2
BRDA:12,0,1,3
BRDA:12,1,0,5
BRDA:12,1,1,4
BRDA:45,2,0,1
BRDA:45,2,1,4
BRDA:51,3,0,1
BRDA:51,3,1,3
BRDA:61,4,0,1
BRDA:61,4,1,1
BRDA:61,5,0,2
BRDA:61,5,1,2
BRDA:90,6,0,1
BRDA:90,6,1,5
BRDA:94,7,0,2
BRDA:94,7,1,3
BRDA:94,8,0,5
BRDA:94,8,1,4
BRDA:102,9,0,1
BRDA:102,9,1,1
BRDA:121,10,0,1
BRDA:121,10,1,1
BRDA:143,11,0,1
BRDA:143,11,1,1
BRDA:143,12,0,2
BRDA:143,12,1,2
BRF:26
BRH:26
end_of_record
TN:
SF:controllers/user.controllers.js
FN:8,(anonymous_0)
FN:79,(anonymous_1)
FN:97,(anonymous_2)
FN:134,(anonymous_3)
FN:160,(anonymous_4)
FN:172,(anonymous_5)
FN:284,(anonymous_6)
FN:346,(anonymous_7)
FN:368,(anonymous_8)
FN:400,(anonymous_9)
FNF:10
FNH:8
FNDA:6,(anonymous_0)
FNDA:0,(anonymous_1)
FNDA:4,(anonymous_2)
FNDA:4,(anonymous_3)
FNDA:2,(anonymous_4)
FNDA:5,(anonymous_5)
FNDA:7,(anonymous_6)
FNDA:3,(anonymous_7)
FNDA:0,(anonymous_8)
FNDA:3,(anonymous_9)
DA:1,1
DA:2,1
DA:3,1
DA:4,1
DA:5,1
DA:6,1
DA:8,1
DA:9,6
DA:12,6
DA:13,1
DA:18,5
DA:19,1
DA:24,4
DA:25,1
DA:30,3
DA:31,0
DA:36,3
DA:41,0
DA:46,3
DA:48,3
DA:54,2
DA:56,1
DA:62,1
DA:63,1
DA:64,1
DA:72,1
DA:74,1
DA:75,1
DA:79,1
DA:80,0
DA:82,0
DA:88,0
DA:97,1
DA:98,4
DA:99,4
DA:101,4
DA:103,3
DA:104,2
DA:106,2
DA:107,1
DA:113,1
DA:121,1
DA:126,1
DA:129,1
DA:130,1
DA:134,1
DA:135,4
DA:137,4
DA:141,4
DA:142,2
DA:151,2
DA:154,3
DA:156,1
DA:160,1
DA:162,2
DA:163,2
DA:164,1
DA:166,1
DA:167,1
DA:172,1
DA:173,5
DA:174,5
DA:185,5
DA:188,5
DA:189,0
DA:194,5
DA:195,1
DA:200,4
DA:201,0
DA:206,4
DA:210,1
DA:215,3
DA:216,0
DA:221,3
DA:222,0
DA:227,3
DA:228,0
DA:233,3
DA:234,0
DA:239,3
DA:240,0
DA:245,3
DA:251,2
DA:252,1
DA:259,1
DA:260,1
DA:261,1
DA:262,1
DA:263,1
DA:264,1
DA:265,1
DA:266,1
DA:267,1
DA:269,1
DA:270,1
DA:271,0
DA:277,1
DA:279,1
DA:280,1
DA:284,1
DA:285,7
DA:288,7
DA:289,1
DA:294,6
DA:299,1
DA:307,5
DA:312,1
DA:320,4
DA:321,4
DA:322,3
DA:323,1
DA:327,2
DA:328,2
DA:329,1
DA:333,1
DA:334,1
DA:337,1
DA:339,1
DA:341,1
DA:342,1
DA:346,1
DA:347,3
DA:348,3
DA:349,3
DA:355,2
DA:356,1
DA:359,1
DA:361,1
DA:363,1
DA:364,1
DA:368,1
DA:369,0
DA:370,0
DA:371,0
DA:372,0
DA:378,0
DA:379,0
DA:382,0
DA:384,0
DA:385,0
DA:388,0
DA:389,0
DA:390,0
DA:392,0
DA:393,0
DA:394,0
DA:396,0
DA:400,1
DA:401,3
DA:402,3
DA:405,3
DA:406,0
DA:410,3
DA:416,2
DA:417,1
DA:422,1
DA:424,1
DA:425,1
DA:429,1
LF:159
LH:129
BRDA:12,0,0,1
BRDA:12,0,1,5
BRDA:12,1,0,6
BRDA:12,1,1,5
BRDA:12,1,2,5
BRDA:18,2,0,1
BRDA:18,2,1,4
BRDA:18,3,0,5
BRDA:18,3,1,5
BRDA:18,3,2,5
BRDA:24,4,0,1
BRDA:24,4,1,3
BRDA:24,5,0,4
BRDA:24,5,1,4
BRDA:24,5,2,4
BRDA:30,6,0,0
BRDA:30,6,1,3
BRDA:30,7,0,3
BRDA:30,7,1,3
BRDA:36,8,0,0
BRDA:36,8,1,3
BRDA:37,9,0,3
BRDA:37,9,1,3
BRDA:37,9,2,3
BRDA:37,9,3,0
BRDA:54,10,0,1
BRDA:54,10,1,1
BRDA:103,11,0,2
BRDA:103,11,1,1
BRDA:106,12,0,1
BRDA:106,12,1,1
BRDA:141,13,0,2
BRDA:141,13,1,2
BRDA:188,14,0,0
BRDA:188,14,1,5
BRDA:188,15,0,5
BRDA:188,15,1,3
BRDA:188,15,2,3
BRDA:194,16,0,1
BRDA:194,16,1,4
BRDA:194,17,0,5
BRDA:194,17,1,2
BRDA:194,17,2,2
BRDA:200,18,0,0
BRDA:200,18,1,4
BRDA:200,19,0,4
BRDA:200,19,1,0
BRDA:200,19,2,0
BRDA:206,20,0,1
BRDA:206,20,1,3
BRDA:207,21,0,4
BRDA:207,21,1,1
BRDA:207,21,2,1
BRDA:215,22,0,0
BRDA:215,22,1,3
BRDA:215,23,0,3
BRDA:215,23,1,0
BRDA:221,24,0,0
BRDA:221,24,1,3
BRDA:221,25,0,3
BRDA:221,25,1,0
BRDA:221,25,2,0
BRDA:227,26,0,0
BRDA:227,26,1,3
BRDA:227,27,0,3
BRDA:227,27,1,0
BRDA:227,27,2,0
BRDA:233,28,0,0
BRDA:233,28,1,3
BRDA:233,29,0,3
BRDA:233,29,1,0
BRDA:233,29,2,0
BRDA:239,30,0,0
BRDA:239,30,1,3
BRDA:239,31,0,3
BRDA:239,31,1,0
BRDA:239,31,2,0
BRDA:251,32,0,1
BRDA:251,32,1,1
BRDA:259,33,0,1
BRDA:259,33,1,0
BRDA:260,34,0,1
BRDA:260,34,1,0
BRDA:261,35,0,0
BRDA:261,35,1,1
BRDA:262,36,0,0
BRDA:262,36,1,1
BRDA:263,37,0,0
BRDA:263,37,1,1
BRDA:264,38,0,0
BRDA:264,38,1,1
BRDA:265,39,0,0
BRDA:265,39,1,1
BRDA:266,40,0,0
BRDA:266,40,1,1
BRDA:267,41,0,0
BRDA:267,41,1,1
BRDA:270,42,0,0
BRDA:270,42,1,1
BRDA:288,43,0,1
BRDA:288,43,1,6
BRDA:294,44,0,1
BRDA:294,44,1,5
BRDA:295,45,0,6
BRDA:295,45,1,6
BRDA:295,45,2,6
BRDA:307,46,0,1
BRDA:307,46,1,4
BRDA:308,47,0,5
BRDA:308,47,1,5
BRDA:308,47,2,5
BRDA:322,48,0,1
BRDA:322,48,1,2
BRDA:328,49,0,1
BRDA:328,49,1,1
BRDA:355,50,0,1
BRDA:355,50,1,1
BRDA:378,51,0,0
BRDA:378,51,1,0
BRDA:384,52,0,0
BRDA:384,52,1,0
BRDA:405,53,0,0
BRDA:405,53,1,3
BRDA:416,54,0,1
BRDA:416,54,1,1
BRF:125
BRH:89
end_of_record
TN:
SF:models/coupons.js
FN:5,(anonymous_0)
FN:12,(anonymous_1)
FNF:2
FNH:0
FNDA:0,(anonymous_0)
FNDA:0,(anonymous_1)
DA:4,1
DA:5,1
DA:16,0
DA:25,0
LF:4
LH:2
BRF:0
BRH:0
end_of_record
