TN:
SF:controllers/amenities.controller.js
FN:4,(anonymous_0)
FN:17,(anonymous_1)
FN:42,(anonymous_2)
FNF:3
FNH:3
FNDA:5,(anonymous_0)
FNDA:3,(anonymous_1)
FNDA:2,(anonymous_2)
DA:1,1
DA:3,1
DA:4,1
DA:5,5
DA:6,5
DA:7,5
DA:11,1
DA:13,4
DA:17,1
DA:18,3
DA:19,3
DA:20,3
DA:22,3
DA:23,2
DA:28,3
DA:29,1
DA:32,3
DA:36,2
DA:38,1
DA:42,1
DA:43,2
DA:44,2
DA:45,2
DA:50,1
DA:52,1
DA:89,1
LF:26
LH:26
BRDA:22,0,0,2
BRDA:22,0,1,1
BRDA:28,1,0,1
BRDA:28,1,1,2
BRF:4
BRH:4
end_of_record
TN:
SF:controllers/hotel.controllers.js
FN:14,(anonymous_0)
FN:52,getOrderCriteria
FN:67,(anonymous_2)
FN:234,(anonymous_3)
FN:289,(anonymous_4)
FN:324,(anonymous_5)
FN:347,(anonymous_6)
FN:371,(anonymous_7)
FN:394,(anonymous_8)
FN:401,(anonymous_9)
FN:403,(anonymous_10)
FNF:11
FNH:11
FNDA:2,(anonymous_0)
FNDA:2,getOrderCriteria
FNDA:2,(anonymous_2)
FNDA:2,(anonymous_3)
FNDA:2,(anonymous_4)
FNDA:3,(anonymous_5)
FNDA:2,(anonymous_6)
FNDA:3,(anonymous_7)
FNDA:2,(anonymous_8)
FNDA:3,(anonymous_9)
FNDA:6,(anonymous_10)
DA:8,1
DA:9,1
DA:10,1
DA:11,1
DA:12,1
DA:14,1
DA:15,2
DA:17,2
DA:19,2
DA:27,1
DA:28,1
DA:29,1
DA:31,1
DA:32,2
DA:33,2
DA:36,2
DA:41,2
DA:45,1
DA:47,1
DA:48,1
DA:53,2
DA:55,0
DA:57,0
DA:59,0
DA:61,0
DA:63,2
DA:67,1
DA:83,2
DA:85,2
DA:86,2
DA:89,2
DA:90,2
DA:95,2
DA:96,0
DA:101,2
DA:102,0
DA:107,2
DA:108,0
DA:113,2
DA:114,0
DA:119,2
DA:120,0
DA:126,2
DA:129,2
DA:134,0
DA:137,0
DA:146,0
DA:152,2
DA:160,0
DA:162,0
DA:163,0
DA:166,0
DA:167,0
DA:170,0
DA:171,0
DA:174,0
DA:176,0
DA:185,0
DA:190,0
DA:192,0
DA:193,0
DA:199,0
DA:204,0
DA:208,2
DA:227,1
DA:229,1
DA:230,1
DA:234,1
DA:235,2
DA:236,2
DA:237,2
DA:264,1
DA:266,1
DA:289,1
DA:290,2
DA:291,2
DA:292,2
DA:293,2
DA:298,1
DA:299,0
DA:304,1
DA:305,1
DA:306,1
DA:307,1
DA:308,1
DA:309,1
DA:310,1
DA:312,1
DA:313,1
DA:314,0
DA:318,1
DA:320,1
DA:324,1
DA:325,3
DA:326,3
DA:327,3
DA:329,3
DA:335,2
DA:336,1
DA:340,1
DA:347,1
DA:349,2
DA:350,2
DA:351,2
DA:353,2
DA:357,1
DA:360,1
DA:364,1
DA:366,1
DA:367,1
DA:371,1
DA:372,3
DA:374,3
DA:376,3
DA:383,2
DA:384,1
DA:388,1
DA:390,1
DA:391,1
DA:394,1
DA:395,2
DA:397,2
DA:400,1
DA:401,1
DA:402,3
DA:403,3
DA:404,6
DA:409,1
DA:412,1
DA:414,1
DA:415,1
DA:419,1
LF:132
LH:103
BRDA:53,0,0,0
BRDA:53,0,1,0
BRDA:53,0,2,0
BRDA:53,0,3,0
BRDA:53,0,4,2
BRDA:89,1,0,2
BRDA:89,1,1,0
BRDA:95,2,0,0
BRDA:95,2,1,2
BRDA:101,3,0,0
BRDA:101,3,1,2
BRDA:107,4,0,0
BRDA:107,4,1,2
BRDA:113,5,0,0
BRDA:113,5,1,2
BRDA:113,6,0,2
BRDA:113,6,1,0
BRDA:113,6,2,0
BRDA:119,7,0,0
BRDA:119,7,1,2
BRDA:129,8,0,0
BRDA:129,8,1,2
BRDA:130,9,0,2
BRDA:130,9,1,0
BRDA:130,9,2,0
BRDA:152,10,0,0
BRDA:152,10,1,2
BRDA:153,11,0,2
BRDA:153,11,1,2
BRDA:153,11,2,2
BRDA:153,11,3,2
BRDA:153,11,4,2
BRDA:153,11,5,2
BRDA:162,12,0,0
BRDA:162,12,1,0
BRDA:166,13,0,0
BRDA:166,13,1,0
BRDA:170,14,0,0
BRDA:170,14,1,0
BRDA:174,15,0,0
BRDA:174,15,1,0
BRDA:174,16,0,0
BRDA:174,16,1,0
BRDA:190,17,0,0
BRDA:190,17,1,0
BRDA:190,18,0,0
BRDA:190,18,1,0
BRDA:298,19,0,0
BRDA:298,19,1,1
BRDA:304,20,0,1
BRDA:304,20,1,0
BRDA:305,21,0,0
BRDA:305,21,1,1
BRDA:306,22,0,0
BRDA:306,22,1,1
BRDA:307,23,0,0
BRDA:307,23,1,1
BRDA:308,24,0,0
BRDA:308,24,1,1
BRDA:309,25,0,0
BRDA:309,25,1,1
BRDA:310,26,0,0
BRDA:310,26,1,1
BRDA:313,27,0,0
BRDA:313,27,1,1
BRDA:335,28,0,1
BRDA:335,28,1,1
BRDA:383,29,0,1
BRDA:383,29,1,1
BRF:69
BRH:30
end_of_record
TN:
SF:controllers/reviews.controllers.js
FN:5,(anonymous_0)
FN:36,(anonymous_1)
FN:58,(anonymous_2)
FN:78,(anonymous_3)
FN:86,(anonymous_4)
FN:99,(anonymous_5)
FN:120,(anonymous_6)
FNF:7
FNH:6
FNDA:3,(anonymous_0)
FNDA:4,(anonymous_1)
FNDA:2,(anonymous_2)
FNDA:0,(anonymous_3)
FNDA:3,(anonymous_4)
FNDA:2,(anonymous_5)
FNDA:2,(anonymous_6)
DA:1,1
DA:2,1
DA:3,1
DA:4,1
DA:5,1
DA:6,3
DA:7,3
DA:9,3
DA:10,1
DA:13,2
DA:20,2
DA:21,2
DA:22,2
DA:23,1
DA:24,1
DA:27,2
DA:28,1
DA:30,1
DA:32,1
DA:36,1
DA:37,4
DA:39,4
DA:40,4
DA:54,3
DA:55,1
DA:58,2
DA:71,2
DA:73,1
DA:74,1
DA:78,1
DA:79,0
DA:80,0
DA:81,0
DA:83,0
DA:86,1
DA:87,3
DA:88,3
DA:89,3
DA:94,1
DA:96,2
DA:99,1
DA:100,2
DA:101,2
DA:102,2
DA:103,2
DA:108,1
DA:109,1
DA:110,1
DA:111,1
DA:112,1
DA:113,1
DA:115,1
DA:117,1
DA:120,1
DA:121,2
DA:122,2
DA:123,2
DA:128,1
DA:130,1
DA:132,1
DA:136,1
LF:61
LH:57
BRDA:9,0,0,1
BRDA:9,0,1,2
BRDA:9,1,0,3
BRDA:9,1,1,2
BRDA:9,1,2,2
BRDA:9,1,3,2
BRDA:22,2,0,1
BRDA:22,2,1,1
BRDA:54,3,0,1
BRDA:54,3,1,2
BRDA:54,4,0,3
BRDA:54,4,1,3
BRF:12
BRH:12
end_of_record
TN:
SF:controllers/room.controller.js
FN:10,(anonymous_0)
FN:54,(anonymous_1)
FN:93,(anonymous_2)
FN:106,(anonymous_3)
FN:127,(anonymous_4)
FN:150,(anonymous_5)
FNF:6
FNH:6
FNDA:2,(anonymous_0)
FNDA:3,(anonymous_1)
FNDA:2,(anonymous_2)
FNDA:2,(anonymous_3)
FNDA:3,(anonymous_4)
FNDA:2,(anonymous_5)
DA:7,1
DA:8,1
DA:9,1
DA:10,1
DA:12,2
DA:13,2
DA:14,2
DA:16,2
DA:27,1
DA:28,1
DA:30,1
DA:31,2
DA:32,2
DA:35,2
DA:41,2
DA:45,1
DA:48,1
DA:49,1
DA:54,1
DA:55,3
DA:57,3
DA:58,3
DA:60,3
DA:61,1
DA:65,3
DA:87,2
DA:89,1
DA:93,1
DA:94,2
DA:95,2
DA:96,2
DA:101,1
DA:103,1
DA:106,1
DA:107,2
DA:108,2
DA:109,2
DA:110,2
DA:115,1
DA:116,1
DA:117,1
DA:118,1
DA:119,1
DA:120,1
DA:121,1
DA:122,1
DA:124,1
DA:127,1
DA:128,3
DA:129,3
DA:130,3
DA:132,3
DA:138,2
DA:139,1
DA:143,1
DA:150,1
DA:152,2
DA:153,2
DA:154,2
DA:156,2
DA:160,1
DA:163,1
DA:166,1
DA:168,1
DA:169,1
DA:172,1
LF:66
LH:66
BRDA:60,0,0,1
BRDA:60,0,1,2
BRDA:138,1,0,1
BRDA:138,1,1,1
BRF:4
BRH:4
end_of_record
TN:
SF:controllers/room_service.controller.js
FN:4,getroomService
FN:21,getService
FN:38,getRoomHaveAmenities
FN:56,searchRoomsByAmenities
FN:68,(anonymous_4)
FN:78,addRoomAmenity
FN:94,updateRoomAmenity
FN:117,deleteRoomAmenity
FNF:8
FNH:8
FNDA:3,getroomService
FNDA:2,getService
FNDA:3,getRoomHaveAmenities
FNDA:3,searchRoomsByAmenities
FNDA:2,(anonymous_4)
FNDA:2,addRoomAmenity
FNDA:3,updateRoomAmenity
FNDA:3,deleteRoomAmenity
DA:1,1
DA:5,3
DA:7,3
DA:9,3
DA:14,2
DA:16,1
DA:17,1
DA:22,2
DA:24,2
DA:26,2
DA:31,1
DA:33,1
DA:34,1
DA:39,3
DA:41,3
DA:43,3
DA:48,2
DA:50,1
DA:51,1
DA:57,3
DA:59,3
DA:61,3
DA:68,2
DA:70,2
DA:72,1
DA:73,1
DA:79,2
DA:81,2
DA:82,2
DA:87,1
DA:89,1
DA:90,1
DA:95,3
DA:96,3
DA:98,3
DA:99,3
DA:101,2
DA:102,1
DA:105,1
DA:106,1
DA:108,1
DA:110,1
DA:112,1
DA:113,1
DA:118,3
DA:120,3
DA:121,3
DA:123,2
DA:124,1
DA:127,1
DA:129,1
DA:131,1
DA:132,1
DA:136,1
LF:54
LH:54
BRDA:101,0,0,1
BRDA:101,0,1,1
BRDA:123,1,0,1
BRDA:123,1,1,1
BRF:4
BRH:4
end_of_record
TN:
SF:controllers/urlImageRoom.controller.js
FN:3,(anonymous_0)
FN:30,(anonymous_1)
FN:45,(anonymous_2)
FN:62,(anonymous_3)
FN:84,(anonymous_4)
FNF:5
FNH:5
FNDA:2,(anonymous_0)
FNDA:2,(anonymous_1)
FNDA:3,(anonymous_2)
FNDA:3,(anonymous_3)
FNDA:3,(anonymous_4)
DA:1,1
DA:2,1
DA:3,1
DA:5,2
DA:6,2
DA:8,2
DA:9,2
DA:11,2
DA:12,3
DA:13,3
DA:16,3
DA:22,1
DA:24,1
DA:25,1
DA:30,1
DA:31,2
DA:33,2
DA:34,2
DA:35,1
DA:36,0
DA:38,1
DA:40,1
DA:41,1
DA:45,1
DA:46,3
DA:47,3
DA:49,3
DA:50,3
DA:51,2
DA:52,1
DA:54,1
DA:55,1
DA:57,1
DA:58,1
DA:62,1
DA:63,3
DA:65,3
DA:66,3
DA:72,2
DA:73,1
DA:75,1
DA:76,1
DA:77,1
DA:79,1
DA:80,1
DA:84,1
DA:85,3
DA:86,3
DA:88,2
DA:89,1
DA:92,1
DA:94,1
DA:95,1
DA:99,1
LF:54
LH:53
BRDA:35,0,0,0
BRDA:35,0,1,1
BRDA:51,1,0,1
BRDA:51,1,1,1
BRDA:72,2,0,1
BRDA:72,2,1,1
BRDA:88,3,0,1
BRDA:88,3,1,1
BRDA:88,4,0,2
BRDA:88,4,1,2
BRF:10
BRH:9
end_of_record
TN:
SF:controllers/urlimagehotel.controller.js
FN:5,(anonymous_0)
FN:29,(anonymous_1)
FN:41,(anonymous_2)
FN:58,(anonymous_3)
FN:74,(anonymous_4)
FN:99,(anonymous_5)
FNF:6
FNH:4
FNDA:2,(anonymous_0)
FNDA:0,(anonymous_1)
FNDA:0,(anonymous_2)
FNDA:3,(anonymous_3)
FNDA:3,(anonymous_4)
FNDA:6,(anonymous_5)
DA:1,1
DA:2,1
DA:3,1
DA:4,1
DA:5,1
DA:6,2
DA:7,2
DA:8,2
DA:9,2
DA:11,2
DA:12,3
DA:13,3
DA:16,3
DA:22,1
DA:24,1
DA:25,1
DA:29,1
DA:30,0
DA:31,0
DA:33,0
DA:34,0
DA:35,0
DA:41,0
DA:43,0
DA:44,0
DA:51,0
DA:53,0
DA:54,0
DA:58,1
DA:59,3
DA:60,3
DA:62,3
DA:63,3
DA:64,2
DA:65,1
DA:67,1
DA:68,1
DA:70,1
DA:71,1
DA:74,1
DA:75,3
DA:77,3
DA:79,3
DA:81,2
DA:82,1
DA:86,1
DA:89,1
DA:92,1
DA:94,1
DA:95,1
DA:99,1
DA:100,6
DA:101,6
DA:103,4
DA:104,2
DA:107,2
DA:109,2
DA:110,2
DA:114,1
LF:59
LH:48
BRDA:34,0,0,0
BRDA:34,0,1,0
BRDA:34,1,0,0
BRDA:34,1,1,0
BRDA:64,2,0,1
BRDA:64,2,1,1
BRDA:81,3,0,1
BRDA:81,3,1,1
BRDA:103,4,0,2
BRDA:103,4,1,2
BRDA:103,5,0,4
BRDA:103,5,1,4
BRF:12
BRH:8
end_of_record
